<?xml version="1.0" encoding="UTF-8"?>
<testsuite xmlns:xsi="http://www.w3.org/2001/XMLSchema-instance" xsi:noNamespaceSchemaLocation="https://maven.apache.org/surefire/maven-surefire-plugin/xsd/surefire-test-report-3.0.xsd" version="3.0" name="TestSuite" time="77.105" tests="3" errors="0" skipped="0" failures="0">
  <properties>
    <property name="java.specification.version" value="17"/>
    <property name="sun.jnu.encoding" value="UTF-8"/>
    <property name="java.class.path" value="/Users/sagars/workspace/AutoHawk/target/test-classes:/Users/sagars/workspace/AutoHawk/target/classes:/Users/sagars/.m2/repository/org/testng/testng/6.9.10/testng-6.9.10.jar:/Users/sagars/.m2/repository/com/beust/jcommander/1.48/jcommander-1.48.jar:/Users/sagars/.m2/repository/org/beanshell/bsh/2.0b4/bsh-2.0b4.jar:/Users/sagars/.m2/repository/org/uncommons/reportng/1.1.4/reportng-1.1.4.jar:/Users/sagars/.m2/repository/velocity/velocity/1.4/velocity-1.4.jar:/Users/sagars/.m2/repository/velocity/velocity-dep/1.4/velocity-dep-1.4.jar:/Users/sagars/.m2/repository/io/appium/java-client/9.4.0/java-client-9.4.0.jar:/Users/sagars/.m2/repository/org/seleniumhq/selenium/selenium-api/4.26.0/selenium-api-4.26.0.jar:/Users/sagars/.m2/repository/org/jspecify/jspecify/1.0.0/jspecify-1.0.0.jar:/Users/sagars/.m2/repository/org/seleniumhq/selenium/selenium-remote-driver/4.26.0/selenium-remote-driver-4.26.0.jar:/Users/sagars/.m2/repository/com/google/auto/service/auto-service-annotations/1.1.1/auto-service-annotations-1.1.1.jar:/Users/sagars/.m2/repository/io/opentelemetry/semconv/opentelemetry-semconv/1.25.0-alpha/opentelemetry-semconv-1.25.0-alpha.jar:/Users/sagars/.m2/repository/io/opentelemetry/opentelemetry-api/1.43.0/opentelemetry-api-1.43.0.jar:/Users/sagars/.m2/repository/io/opentelemetry/opentelemetry-context/1.43.0/opentelemetry-context-1.43.0.jar:/Users/sagars/.m2/repository/io/opentelemetry/opentelemetry-exporter-logging/1.43.0/opentelemetry-exporter-logging-1.43.0.jar:/Users/sagars/.m2/repository/io/opentelemetry/opentelemetry-sdk-common/1.43.0/opentelemetry-sdk-common-1.43.0.jar:/Users/sagars/.m2/repository/io/opentelemetry/opentelemetry-sdk-extension-autoconfigure-spi/1.43.0/opentelemetry-sdk-extension-autoconfigure-spi-1.43.0.jar:/Users/sagars/.m2/repository/io/opentelemetry/opentelemetry-sdk-extension-autoconfigure/1.43.0/opentelemetry-sdk-extension-autoconfigure-1.43.0.jar:/Users/sagars/.m2/repository/io/opentelemetry/opentelemetry-api-incubator/1.43.0-alpha/opentelemetry-api-incubator-1.43.0-alpha.jar:/Users/sagars/.m2/repository/io/opentelemetry/opentelemetry-sdk-trace/1.43.0/opentelemetry-sdk-trace-1.43.0.jar:/Users/sagars/.m2/repository/io/opentelemetry/opentelemetry-sdk/1.43.0/opentelemetry-sdk-1.43.0.jar:/Users/sagars/.m2/repository/io/opentelemetry/opentelemetry-sdk-metrics/1.43.0/opentelemetry-sdk-metrics-1.43.0.jar:/Users/sagars/.m2/repository/io/opentelemetry/opentelemetry-sdk-logs/1.43.0/opentelemetry-sdk-logs-1.43.0.jar:/Users/sagars/.m2/repository/net/bytebuddy/byte-buddy/1.15.7/byte-buddy-1.15.7.jar:/Users/sagars/.m2/repository/org/seleniumhq/selenium/selenium-http/4.26.0/selenium-http-4.26.0.jar:/Users/sagars/.m2/repository/dev/failsafe/failsafe/3.3.2/failsafe-3.3.2.jar:/Users/sagars/.m2/repository/org/seleniumhq/selenium/selenium-json/4.26.0/selenium-json-4.26.0.jar:/Users/sagars/.m2/repository/org/seleniumhq/selenium/selenium-manager/4.26.0/selenium-manager-4.26.0.jar:/Users/sagars/.m2/repository/org/seleniumhq/selenium/selenium-os/4.26.0/selenium-os-4.26.0.jar:/Users/sagars/.m2/repository/org/apache/commons/commons-exec/1.4.0/commons-exec-1.4.0.jar:/Users/sagars/.m2/repository/org/seleniumhq/selenium/selenium-support/4.26.0/selenium-support-4.26.0.jar:/Users/sagars/.m2/repository/org/slf4j/slf4j-api/2.0.16/slf4j-api-2.0.16.jar:/Users/sagars/.m2/repository/com/google/guava/guava/15.0/guava-15.0.jar:/Users/sagars/.m2/repository/com/aventstack/extentreports/5.1.2/extentreports-5.1.2.jar:/Users/sagars/.m2/repository/com/google/code/gson/gson/2.10.1/gson-2.10.1.jar:/Users/sagars/.m2/repository/io/reactivex/rxjava3/rxjava/3.1.6/rxjava-3.1.6.jar:/Users/sagars/.m2/repository/org/reactivestreams/reactive-streams/1.0.4/reactive-streams-1.0.4.jar:/Users/sagars/.m2/repository/org/freemarker/freemarker/2.3.32/freemarker-2.3.32.jar:/Users/sagars/.m2/repository/org/projectlombok/lombok/1.18.26/lombok-1.18.26.jar:/Users/sagars/.m2/repository/commons-io/commons-io/2.18.0/commons-io-2.18.0.jar:/Users/sagars/.m2/repository/com/browserstack/browserstack-java-sdk/1.30.10/browserstack-java-sdk-1.30.10.jar:"/>
    <property name="java.vm.vendor" value="Eclipse Adoptium"/>
    <property name="sun.arch.data.model" value="64"/>
    <property name="java.vendor.url" value="https://adoptium.net/"/>
    <property name="user.timezone" value="Asia/Kolkata"/>
    <property name="os.name" value="Mac OS X"/>
    <property name="java.vm.specification.version" value="17"/>
    <property name="sun.java.launcher" value="SUN_STANDARD"/>
    <property name="user.country" value="US"/>
    <property name="sun.boot.library.path" value="/Library/Java/JavaVirtualMachines/temurin-17.jdk/Contents/Home/lib"/>
    <property name="sun.java.command" value="/Users/sagars/workspace/AutoHawk/target/surefire/surefirebooter-20250409205326839_3.jar /Users/sagars/workspace/AutoHawk/target/surefire 2025-04-09T20-53-26_701-jvmRun1 surefire-20250409205326839_1tmp surefire_0-20250409205326839_2tmp"/>
    <property name="jdk.debug" value="release"/>
    <property name="surefire.test.class.path" value="/Users/sagars/workspace/AutoHawk/target/test-classes:/Users/sagars/workspace/AutoHawk/target/classes:/Users/sagars/.m2/repository/org/testng/testng/6.9.10/testng-6.9.10.jar:/Users/sagars/.m2/repository/com/beust/jcommander/1.48/jcommander-1.48.jar:/Users/sagars/.m2/repository/org/beanshell/bsh/2.0b4/bsh-2.0b4.jar:/Users/sagars/.m2/repository/org/uncommons/reportng/1.1.4/reportng-1.1.4.jar:/Users/sagars/.m2/repository/velocity/velocity/1.4/velocity-1.4.jar:/Users/sagars/.m2/repository/velocity/velocity-dep/1.4/velocity-dep-1.4.jar:/Users/sagars/.m2/repository/io/appium/java-client/9.4.0/java-client-9.4.0.jar:/Users/sagars/.m2/repository/org/seleniumhq/selenium/selenium-api/4.26.0/selenium-api-4.26.0.jar:/Users/sagars/.m2/repository/org/jspecify/jspecify/1.0.0/jspecify-1.0.0.jar:/Users/sagars/.m2/repository/org/seleniumhq/selenium/selenium-remote-driver/4.26.0/selenium-remote-driver-4.26.0.jar:/Users/sagars/.m2/repository/com/google/auto/service/auto-service-annotations/1.1.1/auto-service-annotations-1.1.1.jar:/Users/sagars/.m2/repository/io/opentelemetry/semconv/opentelemetry-semconv/1.25.0-alpha/opentelemetry-semconv-1.25.0-alpha.jar:/Users/sagars/.m2/repository/io/opentelemetry/opentelemetry-api/1.43.0/opentelemetry-api-1.43.0.jar:/Users/sagars/.m2/repository/io/opentelemetry/opentelemetry-context/1.43.0/opentelemetry-context-1.43.0.jar:/Users/sagars/.m2/repository/io/opentelemetry/opentelemetry-exporter-logging/1.43.0/opentelemetry-exporter-logging-1.43.0.jar:/Users/sagars/.m2/repository/io/opentelemetry/opentelemetry-sdk-common/1.43.0/opentelemetry-sdk-common-1.43.0.jar:/Users/sagars/.m2/repository/io/opentelemetry/opentelemetry-sdk-extension-autoconfigure-spi/1.43.0/opentelemetry-sdk-extension-autoconfigure-spi-1.43.0.jar:/Users/sagars/.m2/repository/io/opentelemetry/opentelemetry-sdk-extension-autoconfigure/1.43.0/opentelemetry-sdk-extension-autoconfigure-1.43.0.jar:/Users/sagars/.m2/repository/io/opentelemetry/opentelemetry-api-incubator/1.43.0-alpha/opentelemetry-api-incubator-1.43.0-alpha.jar:/Users/sagars/.m2/repository/io/opentelemetry/opentelemetry-sdk-trace/1.43.0/opentelemetry-sdk-trace-1.43.0.jar:/Users/sagars/.m2/repository/io/opentelemetry/opentelemetry-sdk/1.43.0/opentelemetry-sdk-1.43.0.jar:/Users/sagars/.m2/repository/io/opentelemetry/opentelemetry-sdk-metrics/1.43.0/opentelemetry-sdk-metrics-1.43.0.jar:/Users/sagars/.m2/repository/io/opentelemetry/opentelemetry-sdk-logs/1.43.0/opentelemetry-sdk-logs-1.43.0.jar:/Users/sagars/.m2/repository/net/bytebuddy/byte-buddy/1.15.7/byte-buddy-1.15.7.jar:/Users/sagars/.m2/repository/org/seleniumhq/selenium/selenium-http/4.26.0/selenium-http-4.26.0.jar:/Users/sagars/.m2/repository/dev/failsafe/failsafe/3.3.2/failsafe-3.3.2.jar:/Users/sagars/.m2/repository/org/seleniumhq/selenium/selenium-json/4.26.0/selenium-json-4.26.0.jar:/Users/sagars/.m2/repository/org/seleniumhq/selenium/selenium-manager/4.26.0/selenium-manager-4.26.0.jar:/Users/sagars/.m2/repository/org/seleniumhq/selenium/selenium-os/4.26.0/selenium-os-4.26.0.jar:/Users/sagars/.m2/repository/org/apache/commons/commons-exec/1.4.0/commons-exec-1.4.0.jar:/Users/sagars/.m2/repository/org/seleniumhq/selenium/selenium-support/4.26.0/selenium-support-4.26.0.jar:/Users/sagars/.m2/repository/org/slf4j/slf4j-api/2.0.16/slf4j-api-2.0.16.jar:/Users/sagars/.m2/repository/com/google/guava/guava/15.0/guava-15.0.jar:/Users/sagars/.m2/repository/com/aventstack/extentreports/5.1.2/extentreports-5.1.2.jar:/Users/sagars/.m2/repository/com/google/code/gson/gson/2.10.1/gson-2.10.1.jar:/Users/sagars/.m2/repository/io/reactivex/rxjava3/rxjava/3.1.6/rxjava-3.1.6.jar:/Users/sagars/.m2/repository/org/reactivestreams/reactive-streams/1.0.4/reactive-streams-1.0.4.jar:/Users/sagars/.m2/repository/org/freemarker/freemarker/2.3.32/freemarker-2.3.32.jar:/Users/sagars/.m2/repository/org/projectlombok/lombok/1.18.26/lombok-1.18.26.jar:/Users/sagars/.m2/repository/commons-io/commons-io/2.18.0/commons-io-2.18.0.jar:/Users/sagars/.m2/repository/com/browserstack/browserstack-java-sdk/1.30.10/browserstack-java-sdk-1.30.10.jar:"/>
    <property name="sun.cpu.endian" value="little"/>
    <property name="user.home" value="/Users/sagars"/>
    <property name="user.language" value="en"/>
    <property name="java.specification.vendor" value="Oracle Corporation"/>
    <property name="java.version.date" value="2025-01-21"/>
    <property name="java.home" value="/Library/Java/JavaVirtualMachines/temurin-17.jdk/Contents/Home"/>
    <property name="file.separator" value="/"/>
    <property name="basedir" value="/Users/sagars/workspace/AutoHawk"/>
    <property name="java.vm.compressedOopsMode" value="Zero based"/>
    <property name="line.separator" value="&#10;"/>
    <property name="java.specification.name" value="Java Platform API Specification"/>
    <property name="java.vm.specification.vendor" value="Oracle Corporation"/>
    <property name="surefire.real.class.path" value="/Users/sagars/workspace/AutoHawk/target/surefire/surefirebooter-20250409205326839_3.jar"/>
    <property name="sun.management.compiler" value="HotSpot 64-Bit Tiered Compilers"/>
    <property name="java.runtime.version" value="17.0.14+7"/>
    <property name="user.name" value="sagars"/>
    <property name="path.separator" value=":"/>
    <property name="os.version" value="15.4"/>
    <property name="java.runtime.name" value="OpenJDK Runtime Environment"/>
    <property name="file.encoding" value="UTF-8"/>
    <property name="java.vm.name" value="OpenJDK 64-Bit Server VM"/>
    <property name="java.vendor.version" value="Temurin-17.0.14+7"/>
    <property name="localRepository" value="/Users/sagars/.m2/repository"/>
    <property name="java.vendor.url.bug" value="https://github.com/adoptium/adoptium-support/issues"/>
    <property name="java.io.tmpdir" value="/var/folders/l8/1wl1hkln4qb_v5z880f741mh0000gp/T/"/>
    <property name="java.version" value="17.0.14"/>
    <property name="user.dir" value="/Users/sagars/workspace/AutoHawk"/>
    <property name="os.arch" value="x86_64"/>
    <property name="java.vm.specification.name" value="Java Virtual Machine Specification"/>
    <property name="native.encoding" value="UTF-8"/>
    <property name="java.library.path" value="/Users/sagars/Library/Java/Extensions:/Library/Java/Extensions:/Network/Library/Java/Extensions:/System/Library/Java/Extensions:/usr/lib/java:."/>
    <property name="java.vm.info" value="mixed mode"/>
    <property name="java.vendor" value="Eclipse Adoptium"/>
    <property name="java.vm.version" value="17.0.14+7"/>
    <property name="java.specification.maintenance.version" value="1"/>
    <property name="sun.io.unicode.encoding" value="UnicodeBig"/>
    <property name="java.class.version" value="61.0"/>
  </properties>
  <testcase name="login" classname="org.openlane.autohawk.testcases.HomeTest" time="6.903">
    <system-out><![CDATA[lets start
null
&amp#27;[38;5;112m[Appium]&amp#27;[0m Welcome to Appium v2.17.0
&amp#27;[38;5;112m[Appium]&amp#27;[0m The autodetected Appium home path: /Users/sagars/.appium
&amp#27;[38;5;112m[Appium]&amp#27;[0m Attempting to load driver uiautomator2...
&amp#27;[38;5;112m[Appium]&amp#27;[0m Attempting to load driver xcuitest...
&amp#27;[38;5;112m[Appium]&amp#27;[0m Requiring driver at /Users/sagars/.appium/node_modules/appium-uiautomator2-driver/build/index.js
&amp#27;[38;5;112m[Appium]&amp#27;[0m Requiring driver at /Users/sagars/.appium/node_modules/appium-xcuitest-driver/build/index.js
&amp#27;[38;5;112m[Appium]&amp#27;[0m AndroidUiautomator2Driver has been successfully loaded in 1.185s
&amp#27;[38;5;112m[Appium]&amp#27;[0m XCUITestDriver has been successfully loaded in 2.427s
&amp#27;[38;5;112m[Appium]&amp#27;[0m Appium REST http interface listener started on http://0.0.0.0:4723
&amp#27;[38;5;112m[Appium]&amp#27;[0m You can provide the following URLs in your client code to connect to this server:
	http://127.0.0.1:4723/ (only accessible from the same host)
	http://192.168.1.3:4723/
&amp#27;[38;5;112m[Appium]&amp#27;[0m Available drivers:
&amp#27;[38;5;112m[Appium]&amp#27;[0m   - uiautomator2@4.1.2 (automationName 'UiAutomator2')
&amp#27;[38;5;112m[Appium]&amp#27;[0m   - xcuitest@8.4.3 (automationName 'XCUITest')
&amp#27;[38;5;112m[Appium]&amp#27;[0m No plugins have been installed. Use the "appium plugin" command to install the one(s) you want to use.
&amp#27;[38;5;86m[HTTP]&amp#27;[0m &amp#27;[37m-->&amp#27;[39m &amp#27;[37mGET&amp#27;[39m &amp#27;[37m/status&amp#27;[39m &amp#27;[90m{}&amp#27;[39m
&amp#27;[38;5;147m[AppiumDriver@7b77]&amp#27;[0m Calling AppiumDriver.getStatus() with args: []
&amp#27;[38;5;147m[AppiumDriver@7b77]&amp#27;[0m Responding to client with driver.getStatus() result: {"ready":true,"message":"The server is ready to accept new connections","build":{"version":"2.17.0"}}
&amp#27;[38;5;86m[HTTP]&amp#27;[0m &amp#27;[37m<-- GET /status &amp#27;[39m&amp#27;[32m200&amp#27;[39m &amp#27;[90m9 ms - 111&amp#27;[39m &amp#27;[90m&amp#27;[39m
&amp#27;[38;5;86m[HTTP]&amp#27;[0m Request idempotency key: 65910b2a-4b12-4745-beac-85e35bd75079
&amp#27;[38;5;86m[HTTP]&amp#27;[0m &amp#27;[37m-->&amp#27;[39m &amp#27;[37mPOST&amp#27;[39m &amp#27;[37m/session&amp#27;[39m &amp#27;[90m{"capabilities":{"firstMatch":[{"appium:autoGrantPermissions":true,"appium:deviceName":"emulator-5554","platformName":"ANDROID","appium:automationName":"UIAutomator2","appium:app":"/Users/sagars/workspace/AutoHawk/src/test/java/org/openlane/autohawk/resources/app-uat-intune2.apk"}]}}&amp#27;[39m
&amp#27;[38;5;147m[AppiumDriver@7b77]&amp#27;[0m Calling AppiumDriver.createSession() with args: [null,null,{"firstMatch":[{"appium:autoGrantPermissions":true,"appium:deviceName":"emulator-5554","platformName":"ANDROID","appium:automationName":"UIAutomator2","appium:app":"/Users/sagars/workspace/AutoHawk/src/test/java/org/openlane/autohawk/resources/app-uat-intune2.apk"}]}]
&amp#27;[38;5;147m[AppiumDriver@7b77]&amp#27;[0m Event 'newSessionRequested' logged at 1744212213990 (20:53:33 GMT+0530 (India Standard Time))
&amp#27;[38;5;112m[Appium]&amp#27;[0m Attempting to find matching driver for automationName 'UIAutomator2' and platformName 'ANDROID'
&amp#27;[38;5;112m[Appium]&amp#27;[0m The 'uiautomator2' driver was installed and matched caps.
&amp#27;[38;5;112m[Appium]&amp#27;[0m Will require it at /Users/sagars/.appium/node_modules/appium-uiautomator2-driver
&amp#27;[38;5;112m[Appium]&amp#27;[0m Requiring driver at /Users/sagars/.appium/node_modules/appium-uiautomator2-driver/build/index.js
&amp#27;[38;5;147m[AppiumDriver@7b77]&amp#27;[0m Appium v2.17.0 creating new AndroidUiautomator2Driver (v4.1.2) session
&amp#27;[38;5;147m[AppiumDriver@7b77]&amp#27;[0m Checking BaseDriver versions for Appium and AndroidUiautomator2Driver
&amp#27;[38;5;147m[AppiumDriver@7b77]&amp#27;[0m Appium's BaseDriver version is 9.16.3
&amp#27;[38;5;147m[AppiumDriver@7b77]&amp#27;[0m AndroidUiautomator2Driver's BaseDriver version is 9.16.3
&amp#27;[38;5;-83m[AndroidUiautomator2Driver@812a]&amp#27;[0m 
&amp#27;[38;5;-83m[AndroidUiautomator2Driver@812a]&amp#27;[0m Creating session with W3C capabilities: {
  "alwaysMatch": {
    "platformName": "ANDROID",
    "appium:autoGrantPermissions": true,
    "appium:deviceName": "emulator-5554",
    "appium:automationName": "UIAutomator2",
    "appium:app": "/Users/sagars/workspace/AutoHawk/src/test/java/org/openlane/autohawk/resources/app-uat-intune2.apk"
  },
  "firstMatch": [
    {}
  ]
}
&amp#27;[38;5;173m[d03cd4ba]&amp#27;[0m&amp#27;[38;5;-83m[AndroidUiautomator2Driver@812a]&amp#27;[0m Session created with session id: d03cd4ba-917d-4e60-ab4c-c9b4c2db8de9
&amp#27;[38;5;173m[d03cd4ba]&amp#27;[0m&amp#27;[38;5;229m[ADB]&amp#27;[0m Found 2 'build-tools' folders under '/users/sagars/Library/Android/sdk' (newest first):
&amp#27;[38;5;173m[d03cd4ba]&amp#27;[0m&amp#27;[38;5;229m[ADB]&amp#27;[0m     /users/sagars/Library/Android/sdk/build-tools/35.0.1
&amp#27;[38;5;173m[d03cd4ba]&amp#27;[0m&amp#27;[38;5;229m[ADB]&amp#27;[0m     /users/sagars/Library/Android/sdk/build-tools/35.0.0
&amp#27;[38;5;173m[d03cd4ba]&amp#27;[0m&amp#27;[38;5;229m[ADB]&amp#27;[0m Using 'adb' from '/users/sagars/Library/Android/sdk/platform-tools/adb'
&amp#27;[38;5;173m[d03cd4ba]&amp#27;[0m&amp#27;[38;5;229m[ADB]&amp#27;[0m Running '/users/sagars/Library/Android/sdk/platform-tools/adb -P 5037 start-server'
&amp#27;[38;5;173m[d03cd4ba]&amp#27;[0m&amp#27;[38;5;-83m[AndroidUiautomator2Driver@812a]&amp#27;[0m Retrieving device list
&amp#27;[38;5;173m[d03cd4ba]&amp#27;[0m&amp#27;[38;5;229m[ADB]&amp#27;[0m Trying to find connected Android devices
&amp#27;[38;5;173m[d03cd4ba]&amp#27;[0m&amp#27;[38;5;229m[ADB]&amp#27;[0m Getting connected devices
&amp#27;[38;5;173m[d03cd4ba]&amp#27;[0m&amp#27;[38;5;229m[ADB]&amp#27;[0m Connected devices: [{"udid":"RZCX11J3XDM","state":"device"}]
&amp#27;[38;5;173m[d03cd4ba]&amp#27;[0m&amp#27;[38;5;-83m[AndroidUiautomator2Driver@812a]&amp#27;[0m Using device: RZCX11J3XDM
&amp#27;[38;5;173m[d03cd4ba]&amp#27;[0m&amp#27;[38;5;229m[ADB]&amp#27;[0m Using 'adb' from '/users/sagars/Library/Android/sdk/platform-tools/adb'
&amp#27;[38;5;173m[d03cd4ba]&amp#27;[0m&amp#27;[38;5;229m[ADB]&amp#27;[0m Running '/users/sagars/Library/Android/sdk/platform-tools/adb -P 5037 start-server'
&amp#27;[38;5;173m[d03cd4ba]&amp#27;[0m&amp#27;[38;5;229m[ADB]&amp#27;[0m Setting device id to RZCX11J3XDM
&amp#27;[38;5;173m[d03cd4ba]&amp#27;[0m&amp#27;[38;5;123m[BaseDriver]&amp#27;[0m Using local app '/Users/sagars/workspace/AutoHawk/src/test/java/org/openlane/autohawk/resources/app-uat-intune2.apk'
&amp#27;[38;5;173m[d03cd4ba]&amp#27;[0m&amp#27;[38;5;-83m[AndroidUiautomator2Driver@812a]&amp#27;[0m Checking whether app is actually present
&amp#27;[38;5;173m[d03cd4ba]&amp#27;[0m&amp#27;[38;5;229m[ADB]&amp#27;[0m Running '/users/sagars/Library/Android/sdk/platform-tools/adb -P 5037 -s RZCX11J3XDM shell getprop ro.build.version.sdk'
&amp#27;[38;5;173m[d03cd4ba]&amp#27;[0m&amp#27;[38;5;229m[ADB]&amp#27;[0m Current device property 'ro.build.version.sdk': 34
&amp#27;[38;5;173m[d03cd4ba]&amp#27;[0m&amp#27;[38;5;229m[ADB]&amp#27;[0m Getting device platform version
&amp#27;[38;5;173m[d03cd4ba]&amp#27;[0m&amp#27;[38;5;229m[ADB]&amp#27;[0m Running '/users/sagars/Library/Android/sdk/platform-tools/adb -P 5037 -s RZCX11J3XDM shell getprop ro.build.version.release'
&amp#27;[38;5;173m[d03cd4ba]&amp#27;[0m&amp#27;[38;5;229m[ADB]&amp#27;[0m Current device property 'ro.build.version.release': 14
&amp#27;[38;5;173m[d03cd4ba]&amp#27;[0m&amp#27;[38;5;229m[ADB]&amp#27;[0m Device API level: 34
&amp#27;[38;5;173m[d03cd4ba]&amp#27;[0m&amp#27;[38;5;-83m[AndroidUiautomator2Driver@812a]&amp#27;[0m Relaxing hidden api policy
&amp#27;[38;5;173m[d03cd4ba]&amp#27;[0m&amp#27;[38;5;229m[ADB]&amp#27;[0m Running '/users/sagars/Library/Android/sdk/platform-tools/adb -P 5037 -s RZCX11J3XDM shell 'settings put global hidden_api_policy_pre_p_apps 1;settings put global hidden_api_policy_p_apps 1;settings put global hidden_api_policy 1''
&amp#27;[38;5;173m[d03cd4ba]&amp#27;[0m&amp#27;[38;5;-83m[AndroidUiautomator2Driver@812a]&amp#27;[0m Parsing package and activity from the 'app-uat-intune2.apk' file manifest
&amp#27;[38;5;173m[d03cd4ba]&amp#27;[0m&amp#27;[38;5;-83m[AndroidUiautomator2Driver@812a]&amp#27;[0m Pushing settings apk to the device...
&amp#27;[38;5;173m[d03cd4ba]&amp#27;[0m&amp#27;[38;5;229m[ADB]&amp#27;[0m Getting package info for 'io.appium.settings'
&amp#27;[38;5;173m[d03cd4ba]&amp#27;[0m&amp#27;[38;5;229m[ADB]&amp#27;[0m Running '/users/sagars/Library/Android/sdk/platform-tools/adb -P 5037 -s RZCX11J3XDM shell dumpsys package io.appium.settings'
&amp#27;[38;5;173m[d03cd4ba]&amp#27;[0m&amp#27;[38;5;229m[ADB]&amp#27;[0m Using 'aapt2' from '/users/sagars/Library/Android/sdk/build-tools/35.0.1/aapt2'
&amp#27;[38;5;173m[d03cd4ba]&amp#27;[0m&amp#27;[38;5;229m[ADB]&amp#27;[0m Reading package manifest: '/users/sagars/Library/Android/sdk/build-tools/35.0.1/aapt2 dump badging /Users/sagars/workspace/AutoHawk/src/test/java/org/openlane/autohawk/resources/app-uat-intune2.apk'
&amp#27;[38;5;173m[d03cd4ba]&amp#27;[0m&amp#27;[38;5;229m[ADB]&amp#27;[0m Package name: 'com.kar.avx.uat.intune'
&amp#27;[38;5;173m[d03cd4ba]&amp#27;[0m&amp#27;[38;5;229m[ADB]&amp#27;[0m Main activity name: 'com.kar.avx.MainActivity'
&amp#27;[38;5;173m[d03cd4ba]&amp#27;[0m&amp#27;[38;5;-83m[AndroidUiautomator2Driver@812a]&amp#27;[0m Resolved launch package -> activity: com.kar.avx.uat.intune -> com.kar.avx.MainActivity
&amp#27;[38;5;173m[d03cd4ba]&amp#27;[0m&amp#27;[38;5;-83m[AndroidUiautomator2Driver@812a]&amp#27;[0m Resolved wait package -> activity: com.kar.avx.uat.intune -> com.kar.avx.MainActivity
&amp#27;[38;5;173m[d03cd4ba]&amp#27;[0m&amp#27;[38;5;229m[ADB]&amp#27;[0m Reading package manifest: '/users/sagars/Library/Android/sdk/build-tools/35.0.1/aapt2 dump badging /Users/sagars/.appium/node_modules/appium-uiautomator2-driver/node_modules/io.appium.settings/apks/settings_apk-debug.apk'
&amp#27;[38;5;173m[d03cd4ba]&amp#27;[0m&amp#27;[38;5;229m[ADB]&amp#27;[0m The version name of the installed 'io.appium.settings' is greater or equal to the application version name ('5.14.4' >= '5.14.4')
&amp#27;[38;5;173m[d03cd4ba]&amp#27;[0m&amp#27;[38;5;229m[ADB]&amp#27;[0m There is no need to install/upgrade '/Users/sagars/.appium/node_modules/appium-uiautomator2-driver/node_modules/io.appium.settings/apks/settings_apk-debug.apk'
&amp#27;[38;5;173m[d03cd4ba]&amp#27;[0m&amp#27;[38;5;229m[ADB]&amp#27;[0m Running '/users/sagars/Library/Android/sdk/platform-tools/adb -P 5037 -s RZCX11J3XDM shell dumpsys activity services io.appium.settings'
&amp#27;[38;5;173m[d03cd4ba]&amp#27;[0m&amp#27;[38;5;-83m[AndroidUiautomator2Driver@812a]&amp#27;[0m io.appium.settings is already running. There is no need to reset its permissions.
&amp#27;[38;5;173m[d03cd4ba]&amp#27;[0m&amp#27;[38;5;160m[Logcat]&amp#27;[0m Starting logs capture with command: /users/sagars/Library/Android/sdk/platform-tools/adb -P 5037 -s RZCX11J3XDM logcat -v threadtime
&amp#27;[38;5;173m[d03cd4ba]&amp#27;[0m&amp#27;[38;5;229m[ADB]&amp#27;[0m Running '/users/sagars/Library/Android/sdk/platform-tools/adb -P 5037 -s RZCX11J3XDM shell appops set io.appium.settings android:mock_location allow'
&amp#27;[38;5;173m[d03cd4ba]&amp#27;[0m&amp#27;[38;5;229m[ADB]&amp#27;[0m Running '/users/sagars/Library/Android/sdk/platform-tools/adb -P 5037 -s RZCX11J3XDM shell "[ -e '/data/local/tmp/mock_apps.json' ] && echo __PASS__"'
&amp#27;[38;5;173m[d03cd4ba]&amp#27;[0m&amp#27;[38;5;229m[ADB]&amp#27;[0m Running '/users/sagars/Library/Android/sdk/platform-tools/adb -P 5037 -s RZCX11J3XDM shell cat /data/local/tmp/mock_apps.json'
&amp#27;[38;5;173m[d03cd4ba]&amp#27;[0m&amp#27;[38;5;-83m[AndroidUiautomator2Driver@812a]&amp#27;[0m Forwarding UiAutomator2 Server port 6790 to local port 8200
&amp#27;[38;5;173m[d03cd4ba]&amp#27;[0m&amp#27;[38;5;229m[ADB]&amp#27;[0m Forwarding system: 8200 to device: 6790
&amp#27;[38;5;173m[d03cd4ba]&amp#27;[0m&amp#27;[38;5;229m[ADB]&amp#27;[0m Running '/users/sagars/Library/Android/sdk/platform-tools/adb -P 5037 -s RZCX11J3XDM forward tcp:8200 tcp:6790'
&amp#27;[38;5;173m[d03cd4ba]&amp#27;[0m&amp#27;[38;5;-83m[AndroidUiautomator2Driver@812a]&amp#27;[0m UIA2Proxy options: {"server":"127.0.0.1","port":8200,"keepAlive":true,"scheme":"http","base":"","reqBasePath":"","sessionId":null,"timeout":240000}
&amp#27;[38;5;173m[d03cd4ba]&amp#27;[0m&amp#27;[38;5;229m[ADB]&amp#27;[0m Getting package info for 'io.appium.uiautomator2.server'
&amp#27;[38;5;173m[d03cd4ba]&amp#27;[0m&amp#27;[38;5;229m[ADB]&amp#27;[0m Running '/users/sagars/Library/Android/sdk/platform-tools/adb -P 5037 -s RZCX11J3XDM shell dumpsys package io.appium.uiautomator2.server'
&amp#27;[38;5;173m[d03cd4ba]&amp#27;[0m&amp#27;[38;5;229m[ADB]&amp#27;[0m Getting install status for io.appium.uiautomator2.server.test
&amp#27;[38;5;173m[d03cd4ba]&amp#27;[0m&amp#27;[38;5;229m[ADB]&amp#27;[0m Checking app cert for /Users/sagars/workspace/AutoHawk/src/test/java/org/openlane/autohawk/resources/app-uat-intune2.apk
&amp#27;[38;5;173m[d03cd4ba]&amp#27;[0m&amp#27;[38;5;229m[ADB]&amp#27;[0m Running '/users/sagars/Library/Android/sdk/platform-tools/adb -P 5037 -s RZCX11J3XDM shell cmd package list packages'
&amp#27;[38;5;173m[d03cd4ba]&amp#27;[0m&amp#27;[38;5;229m[ADB]&amp#27;[0m 'io.appium.uiautomator2.server.test' is installed
&amp#27;[38;5;173m[d03cd4ba]&amp#27;[0m&amp#27;[38;5;229m[ADB]&amp#27;[0m Reading package manifest: '/users/sagars/Library/Android/sdk/build-tools/35.0.1/aapt2 dump badging /Users/sagars/.appium/node_modules/appium-uiautomator2-driver/node_modules/appium-uiautomator2-server/apks/appium-uiautomator2-server-v7.2.5.apk'
&amp#27;[38;5;173m[d03cd4ba]&amp#27;[0m&amp#27;[38;5;229m[ADB]&amp#27;[0m Using 'apksigner.jar' from '/users/sagars/Library/Android/sdk/build-tools/35.0.1/lib/apksigner.jar'
&amp#27;[38;5;173m[d03cd4ba]&amp#27;[0m&amp#27;[38;5;229m[ADB]&amp#27;[0m Starting apksigner: /Library/Java/JavaVirtualMachines/temurin-17.jdk/Contents/Home/bin/java -Xmx1024M -Xss1m -jar /users/sagars/Library/Android/sdk/build-tools/35.0.1/lib/apksigner.jar verify --print-certs /Users/sagars/workspace/AutoHawk/src/test/java/org/openlane/autohawk/resources/app-uat-intune2.apk
&amp#27;[38;5;173m[d03cd4ba]&amp#27;[0m&amp#27;[38;5;229m[ADB]&amp#27;[0m The version name of the installed 'io.appium.uiautomator2.server' is greater or equal to the application version name ('7.2.5' >= '7.2.5')
&amp#27;[38;5;173m[d03cd4ba]&amp#27;[0m&amp#27;[38;5;-83m[AndroidUiautomator2Driver@812a]&amp#27;[0m Server packages status: [{"installState":"sameVersionInstalled","appPath":"/Users/sagars/.appium/node_modules/appium-uiautomator2-driver/node_modules/appium-uiautomator2-server/apks/appium-uiautomator2-server-v7.2.5.apk","appId":"io.appium.uiautomator2.server"},{"installState":"sameVersionInstalled","appPath":"/Users/sagars/.appium/node_modules/appium-uiautomator2-driver/node_modules/appium-uiautomator2-server/apks/appium-uiautomator2-server-debug-androidTest.apk","appId":"io.appium.uiautomator2.server.test"}]
&amp#27;[38;5;173m[d03cd4ba]&amp#27;[0m&amp#27;[38;5;-83m[AndroidUiautomator2Driver@812a]&amp#27;[0m Server packages are not going to be (re)installed
&amp#27;[38;5;173m[d03cd4ba]&amp#27;[0m&amp#27;[38;5;-83m[AndroidUiautomator2Driver@812a]&amp#27;[0m Waiting up to 30000ms for services to be available
&amp#27;[38;5;173m[d03cd4ba]&amp#27;[0m&amp#27;[38;5;229m[ADB]&amp#27;[0m Running '/users/sagars/Library/Android/sdk/platform-tools/adb -P 5037 -s RZCX11J3XDM shell pm list instrumentation'
&amp#27;[38;5;173m[d03cd4ba]&amp#27;[0m&amp#27;[38;5;-83m[AndroidUiautomator2Driver@812a]&amp#27;[0m Instrumentation target 'io.appium.uiautomator2.server.test/androidx.test.runner.AndroidJUnitRunner' is available
&amp#27;[38;5;173m[d03cd4ba]&amp#27;[0m&amp#27;[38;5;229m[ADB]&amp#27;[0m Adding packages ["io.appium.settings","io.appium.uiautomator2.server","io.appium.uiautomator2.server.test"] to Doze whitelist
&amp#27;[38;5;173m[d03cd4ba]&amp#27;[0m&amp#27;[38;5;229m[ADB]&amp#27;[0m Got the following command chunks to execute: [["dumpsys","deviceidle","whitelist","+io.appium.settings",";","dumpsys","deviceidle","whitelist","+io.appium.uiautomator2.server",";","dumpsys","deviceidle","whitelist","+io.appium.uiautomator2.server.test",";"]]
&amp#27;[38;5;173m[d03cd4ba]&amp#27;[0m&amp#27;[38;5;229m[ADB]&amp#27;[0m Running '/users/sagars/Library/Android/sdk/platform-tools/adb -P 5037 -s RZCX11J3XDM shell dumpsys deviceidle whitelist +io.appium.settings ; dumpsys deviceidle whitelist +io.appium.uiautomator2.server ; dumpsys deviceidle whitelist +io.appium.uiautomator2.server.test ;'
&amp#27;[38;5;173m[d03cd4ba]&amp#27;[0m&amp#27;[38;5;229m[ADB]&amp#27;[0m apksigner stdout: Signer #1 certificate DN: CN=KAR Global, O=KAR
Signer #1 certificate SHA-256 digest: 0f5038cb162fd48283f8b9a968672852414c00320b9a1f454ff52a4d0c03728c
Signer #1 certificate SHA-1 digest: 8b8f39497ea765897cc9d3486700b5a897f0bffe
Signer #1 certificate MD5 digest: 3336cb89da35ffcc08bca7bc9cf51919

&amp#27;[38;5;173m[d03cd4ba]&amp#27;[0m&amp#27;[38;5;229m[ADB]&amp#27;[0m '/Users/sagars/workspace/AutoHawk/src/test/java/org/openlane/autohawk/resources/app-uat-intune2.apk' is signed with a non-default certificate
&amp#27;[38;5;173m[d03cd4ba]&amp#27;[0m&amp#27;[38;5;229m[ADB]&amp#27;[0m Getting package info for 'com.kar.avx.uat.intune'
&amp#27;[38;5;173m[d03cd4ba]&amp#27;[0m&amp#27;[38;5;229m[ADB]&amp#27;[0m Running '/users/sagars/Library/Android/sdk/platform-tools/adb -P 5037 -s RZCX11J3XDM shell dumpsys package com.kar.avx.uat.intune'
&amp#27;[38;5;173m[d03cd4ba]&amp#27;[0m&amp#27;[38;5;229m[ADB]&amp#27;[0m App '/Users/sagars/workspace/AutoHawk/src/test/java/org/openlane/autohawk/resources/app-uat-intune2.apk' is not installed
&amp#27;[38;5;173m[d03cd4ba]&amp#27;[0m&amp#27;[38;5;229m[ADB]&amp#27;[0m Installing '/Users/sagars/workspace/AutoHawk/src/test/java/org/openlane/autohawk/resources/app-uat-intune2.apk'
&amp#27;[38;5;173m[d03cd4ba]&amp#27;[0m&amp#27;[38;5;229m[ADB]&amp#27;[0m Running '/users/sagars/Library/Android/sdk/platform-tools/adb -P 5037 -s RZCX11J3XDM help'
&amp#27;[38;5;173m[d03cd4ba]&amp#27;[0m&amp#27;[38;5;229m[ADB]&amp#27;[0m Running '/users/sagars/Library/Android/sdk/platform-tools/adb -P 5037 -s RZCX11J3XDM features'
&amp#27;[38;5;173m[d03cd4ba]&amp#27;[0m&amp#27;[38;5;229m[ADB]&amp#27;[0m The application at '/Users/sagars/workspace/AutoHawk/src/test/java/org/openlane/autohawk/resources/app-uat-intune2.apk' will not be cached, because the device under test has confirmed the support of streamed installs
&amp#27;[38;5;173m[d03cd4ba]&amp#27;[0m&amp#27;[38;5;229m[ADB]&amp#27;[0m Running '/users/sagars/Library/Android/sdk/platform-tools/adb -P 5037 -s RZCX11J3XDM install -g /Users/sagars/workspace/AutoHawk/src/test/java/org/openlane/autohawk/resources/app-uat-intune2.apk'
&amp#27;[38;5;173m[d03cd4ba]&amp#27;[0m&amp#27;[38;5;229m[ADB]&amp#27;[0m The installation of 'app-uat-intune2.apk' took 11095ms
&amp#27;[38;5;173m[d03cd4ba]&amp#27;[0m&amp#27;[38;5;229m[ADB]&amp#27;[0m Install command stdout: Performing Streamed Install
Success
&amp#27;[38;5;173m[d03cd4ba]&amp#27;[0m&amp#27;[38;5;-83m[AndroidUiautomator2Driver@812a]&amp#27;[0m Performing shallow cleanup of automation leftovers
&amp#27;[38;5;173m[d03cd4ba]&amp#27;[0m&amp#27;[38;5;-83m[AndroidUiautomator2Driver@812a]&amp#27;[0m No obsolete sessions have been detected (socket hang up)
&amp#27;[38;5;173m[d03cd4ba]&amp#27;[0m&amp#27;[38;5;229m[ADB]&amp#27;[0m Running '/users/sagars/Library/Android/sdk/platform-tools/adb -P 5037 -s RZCX11J3XDM shell am force-stop io.appium.uiautomator2.server'
&amp#27;[38;5;173m[d03cd4ba]&amp#27;[0m&amp#27;[38;5;229m[ADB]&amp#27;[0m Running '/users/sagars/Library/Android/sdk/platform-tools/adb -P 5037 -s RZCX11J3XDM shell am force-stop io.appium.uiautomator2.server.test'
&amp#27;[38;5;173m[d03cd4ba]&amp#27;[0m&amp#27;[38;5;-83m[AndroidUiautomator2Driver@812a]&amp#27;[0m Starting UIAutomator2 server 7.2.5
&amp#27;[38;5;173m[d03cd4ba]&amp#27;[0m&amp#27;[38;5;-83m[AndroidUiautomator2Driver@812a]&amp#27;[0m Using UIAutomator2 server from '/Users/sagars/.appium/node_modules/appium-uiautomator2-driver/node_modules/appium-uiautomator2-server/apks/appium-uiautomator2-server-v7.2.5.apk' and test from '/Users/sagars/.appium/node_modules/appium-uiautomator2-driver/node_modules/appium-uiautomator2-server/apks/appium-uiautomator2-server-debug-androidTest.apk'
&amp#27;[38;5;173m[d03cd4ba]&amp#27;[0m&amp#27;[38;5;-83m[AndroidUiautomator2Driver@812a]&amp#27;[0m Waiting up to 30000ms for UiAutomator2 to be online...
&amp#27;[38;5;173m[d03cd4ba]&amp#27;[0m&amp#27;[38;5;229m[ADB]&amp#27;[0m Creating ADB subprocess with args: ["-P","5037","-s","RZCX11J3XDM","shell","am","instrument","-w","-e","disableAnalytics","true","io.appium.uiautomator2.server.test/androidx.test.runner.AndroidJUnitRunner"]
&amp#27;[38;5;173m[d03cd4ba]&amp#27;[0m&amp#27;[38;5;-83m[AndroidUiautomator2Driver@812a]&amp#27;[0m Matched '/status' to command name 'getStatus'
&amp#27;[38;5;173m[d03cd4ba]&amp#27;[0m&amp#27;[38;5;-83m[AndroidUiautomator2Driver@812a]&amp#27;[0m Proxying [GET /status] to [GET http://127.0.0.1:8200/status] with no body
&amp#27;[38;5;173m[d03cd4ba]&amp#27;[0m&amp#27;[38;5;-83m[AndroidUiautomator2Driver@812a]&amp#27;[0m socket hang up
&amp#27;[38;5;173m[d03cd4ba]&amp#27;[0m&amp#27;[38;5;-83m[AndroidUiautomator2Driver@812a]&amp#27;[0m Matched '/status' to command name 'getStatus'
&amp#27;[38;5;173m[d03cd4ba]&amp#27;[0m&amp#27;[38;5;-83m[AndroidUiautomator2Driver@812a]&amp#27;[0m Proxying [GET /status] to [GET http://127.0.0.1:8200/status] with no body
&amp#27;[38;5;173m[d03cd4ba]&amp#27;[0m&amp#27;[38;5;-83m[AndroidUiautomator2Driver@812a]&amp#27;[0m socket hang up
&amp#27;[38;5;173m[d03cd4ba]&amp#27;[0m&amp#27;[38;5;-83m[AndroidUiautomator2Driver@812a]&amp#27;[0m [Instrumentation] 
&amp#27;[38;5;173m[d03cd4ba]&amp#27;[0m&amp#27;[38;5;-83m[AndroidUiautomator2Driver@812a]&amp#27;[0m Matched '/status' to command name 'getStatus'
&amp#27;[38;5;173m[d03cd4ba]&amp#27;[0m&amp#27;[38;5;-83m[AndroidUiautomator2Driver@812a]&amp#27;[0m Proxying [GET /status] to [GET http://127.0.0.1:8200/status] with no body
&amp#27;[38;5;173m[d03cd4ba]&amp#27;[0m&amp#27;[38;5;-83m[AndroidUiautomator2Driver@812a]&amp#27;[0m socket hang up
&amp#27;[38;5;173m[d03cd4ba]&amp#27;[0m&amp#27;[38;5;-83m[AndroidUiautomator2Driver@812a]&amp#27;[0m Matched '/status' to command name 'getStatus'
&amp#27;[38;5;173m[d03cd4ba]&amp#27;[0m&amp#27;[38;5;-83m[AndroidUiautomator2Driver@812a]&amp#27;[0m Proxying [GET /status] to [GET http://127.0.0.1:8200/status] with no body
&amp#27;[38;5;173m[d03cd4ba]&amp#27;[0m&amp#27;[38;5;-83m[AndroidUiautomator2Driver@812a]&amp#27;[0m Got response with status 200: {"sessionId":"None","value":{"message":"UiAutomator2 Server is ready to accept commands","ready":true}}
&amp#27;[38;5;173m[d03cd4ba]&amp#27;[0m&amp#27;[38;5;-83m[AndroidUiautomator2Driver@812a]&amp#27;[0m The initialization of the instrumentation process took 3195ms
&amp#27;[38;5;173m[d03cd4ba]&amp#27;[0m&amp#27;[38;5;-83m[AndroidUiautomator2Driver@812a]&amp#27;[0m Matched '/session' to command name 'createSession'
&amp#27;[38;5;173m[d03cd4ba]&amp#27;[0m&amp#27;[38;5;-83m[AndroidUiautomator2Driver@812a]&amp#27;[0m Proxying [POST /session] to [POST http://127.0.0.1:8200/session] with body: {"capabilities":{"firstMatch":[{"platformName":"ANDROID","autoGrantPermissions":true,"deviceName":"RZCX11J3XDM","automationName":"UIAutomator2","app":"/Users/sagars/workspace/AutoHawk/src/test/java/org/openlane/autohawk/resources/app-uat-intune2.apk","platform":"LINUX","webStorageEnabled":false,"takesScreenshot":true,"javascriptEnabled":true,"databaseEnabled":false,"networkConnectionEnabled":true,"locationContextEnabled":false,"warnings":{},"desired":{"platformName":"ANDROID","autoGrantPermissions":true,"deviceName":"emulator-5554","automationName":"UIAutomator2","app":"/Users/sagars/workspace/AutoHawk/src/test/java/org/openlane/autohawk/resources/app-uat-intune2.apk"},"deviceUDID":"RZCX11J3XDM","appPackage":"com.kar.avx.uat.intune","appActivity":"com.kar.avx.MainActivity"}],"alwaysMatch":{}}}
&amp#27;[38;5;173m[d03cd4ba]&amp#27;[0m&amp#27;[38;5;-83m[AndroidUiautomator2Driver@812a]&amp#27;[0m Got response with status 200: {"sessionId":"0d0864f9-c6d6-40fa-84f1-703b6e6cd58a","value":{"capabilities":{"firstMatch":[{"platformName":"ANDROID","autoGrantPermissions":true,"deviceName":"RZCX11J3XDM","automationName":"UIAutomator2","app":"/Users/sagars/workspace/AutoHawk/src/test/java/org/openlane/autohawk/resources/app-uat-intune2.apk","platform":"LINUX","webStorageEnabled":false,"takesScreenshot":true,"javascriptEnabled":true,"databaseEnabled":false,"networkConnectionEnabled":true,"locationContextEnabled":false,"warnings":{},"desired":{"platformName":"ANDROID","autoGrantPermissions":true,"deviceName":"emulator-5554","automationName":"UIAutomator2","app":"/Users/sagars/workspace/AutoHawk/src/test/java/org/openlane/autohawk/resources/app-uat-intune2.apk"},"deviceUDID":"RZCX11J3XDM","appPackage":"com.kar.avx.uat.intune","appActivity":"com.kar.avx.MainActivity"}],"alwaysMatch":{}},"sessionId":"0d0864f9-c6d6-40fa-84f1-703b6e6cd58a"}}
&amp#27;[38;5;173m[d03cd4ba]&amp#27;[0m&amp#27;[38;5;-83m[AndroidUiautomator2Driver@812a]&amp#27;[0m Determined the downstream protocol as 'W3C'
&amp#27;[38;5;173m[d03cd4ba]&amp#27;[0m&amp#27;[38;5;-83m[AndroidUiautomator2Driver@812a]&amp#27;[0m Proxying [GET /appium/device/pixel_ratio] to [GET http://127.0.0.1:8200/session/0d0864f9-c6d6-40fa-84f1-703b6e6cd58a/appium/device/pixel_ratio] with no body
&amp#27;[38;5;173m[d03cd4ba]&amp#27;[0m&amp#27;[38;5;-83m[AndroidUiautomator2Driver@812a]&amp#27;[0m Matched '/appium/device/system_bars' to command name 'getSystemBars'
&amp#27;[38;5;173m[d03cd4ba]&amp#27;[0m&amp#27;[38;5;-83m[AndroidUiautomator2Driver@812a]&amp#27;[0m Proxying [GET /appium/device/system_bars] to [GET http://127.0.0.1:8200/session/0d0864f9-c6d6-40fa-84f1-703b6e6cd58a/appium/device/system_bars] with no body
&amp#27;[38;5;173m[d03cd4ba]&amp#27;[0m&amp#27;[38;5;-83m[AndroidUiautomator2Driver@812a]&amp#27;[0m Matched '/window/current/size' to command name 'getWindowSize'
&amp#27;[38;5;173m[d03cd4ba]&amp#27;[0m&amp#27;[38;5;-83m[AndroidUiautomator2Driver@812a]&amp#27;[0m Proxying [GET /window/current/size] to [GET http://127.0.0.1:8200/session/0d0864f9-c6d6-40fa-84f1-703b6e6cd58a/window/current/size] with no body
&amp#27;[38;5;173m[d03cd4ba]&amp#27;[0m&amp#27;[38;5;-83m[AndroidUiautomator2Driver@812a]&amp#27;[0m Proxying [GET /appium/device/info] to [GET http://127.0.0.1:8200/session/0d0864f9-c6d6-40fa-84f1-703b6e6cd58a/appium/device/info] with no body
&amp#27;[38;5;173m[d03cd4ba]&amp#27;[0m&amp#27;[38;5;229m[ADB]&amp#27;[0m Running '/users/sagars/Library/Android/sdk/platform-tools/adb -P 5037 -s RZCX11J3XDM shell dumpsys window'
&amp#27;[38;5;173m[d03cd4ba]&amp#27;[0m&amp#27;[38;5;229m[ADB]&amp#27;[0m Running '/users/sagars/Library/Android/sdk/platform-tools/adb -P 5037 -s RZCX11J3XDM shell dumpsys power'
&amp#27;[38;5;173m[d03cd4ba]&amp#27;[0m&amp#27;[38;5;-83m[AndroidUiautomator2Driver@812a]&amp#27;[0m Got response with status 200: {"sessionId":"0d0864f9-c6d6-40fa-84f1-703b6e6cd58a","value":2.8125}
&amp#27;[38;5;173m[d03cd4ba]&amp#27;[0m&amp#27;[38;5;-83m[AndroidUiautomator2Driver@812a]&amp#27;[0m Got response with status 200: {"sessionId":"0d0864f9-c6d6-40fa-84f1-703b6e6cd58a","value":{"statusBar":65}}
&amp#27;[38;5;173m[d03cd4ba]&amp#27;[0m&amp#27;[38;5;-83m[AndroidUiautomator2Driver@812a]&amp#27;[0m Got response with status 200: {"sessionId":"0d0864f9-c6d6-40fa-84f1-703b6e6cd58a","value":{"height":2408,"width":1080}}
&amp#27;[38;5;173m[d03cd4ba]&amp#27;[0m&amp#27;[38;5;-83m[AndroidUiautomator2Driver@812a]&amp#27;[0m Got response with status 200: {"sessionId":"0d0864f9-c6d6-40fa-84f1-703b6e6cd58a","value":{"androidId":"9ecf8907dae04a3d","apiVersion":"34","bluetooth":{"state":"ON"},"brand":"samsung","carrierName":"","displayDensity":450,"locale":"en_IN","manufacturer":"samsung","model":"SM-A146B","networks":[{"capabilities":{"SSID":null,"linkDownBandwidthKbps":42815,"linkUpstreamBandwidthKbps":52561,"networkCapabilities":"NET_CAPABILITY_NOT_METERED,NET_CAPABILITY_INTERNET,NET_CAPABILITY_NOT_RESTRICTED,NET_CAPABILITY_TRUSTED,NET_CAPABILITY_NOT_VPN,NET_CAPABILITY_VALIDATED,NET_CAPABILITY_NOT_ROAMING,NET_CAPABILITY_FOREGROUND,NET_CAPABILITY_NOT_CONGESTED,NET_CAPABILITY_NOT_SUSPENDED","signalStrength":-61,"transportTypes":"TRANSPORT_WIFI"},"detailedState":"CONNECTED","extraInfo":"","isAvailable":true,"isConnected":true,"isFailover":false,"isRoaming":false,"state":"CONNECTED","subtype":-1,"subtypeName":"","type":1,"typeName":"WIFI"}],"platformVersion":"14","realDisplaySize":"1080x2408","timeZone":"Asia/Kolkata"}}
&amp#27;[38;5;173m[d03cd4ba]&amp#27;[0m&amp#27;[38;5;-83m[AndroidUiautomator2Driver@812a]&amp#27;[0m Screen already unlocked, doing nothing
&amp#27;[38;5;173m[d03cd4ba]&amp#27;[0m&amp#27;[38;5;-83m[AndroidUiautomator2Driver@812a]&amp#27;[0m Starting 'com.kar.avx.uat.intune/com.kar.avx.MainActivity' and waiting for 'com.kar.avx.uat.intune/com.kar.avx.MainActivity'
&amp#27;[38;5;173m[d03cd4ba]&amp#27;[0m&amp#27;[38;5;229m[ADB]&amp#27;[0m Running '/users/sagars/Library/Android/sdk/platform-tools/adb -P 5037 -s RZCX11J3XDM shell am start-activity -W -n com.kar.avx.uat.intune/com.kar.avx.MainActivity -S -a android.intent.action.MAIN -c android.intent.category.LAUNCHER -f 0x10200000'
&amp#27;[38;5;173m[d03cd4ba]&amp#27;[0m&amp#27;[38;5;229m[ADB]&amp#27;[0m Expected package names to be focused within 20000ms: 'com.kar.avx.uat.intune'
&amp#27;[38;5;173m[d03cd4ba]&amp#27;[0m&amp#27;[38;5;229m[ADB]&amp#27;[0m Expected activity name patterns to be focused within 20000ms: '/^com\.kar\.avx\.MainActivity$/', '/^com\.kar\.avx\.uat\.intune\.com\.kar\.avx\.MainActivity$/'
&amp#27;[38;5;173m[d03cd4ba]&amp#27;[0m&amp#27;[38;5;229m[ADB]&amp#27;[0m Getting focused package and activity
&amp#27;[38;5;173m[d03cd4ba]&amp#27;[0m&amp#27;[38;5;229m[ADB]&amp#27;[0m Running '/users/sagars/Library/Android/sdk/platform-tools/adb -P 5037 -s RZCX11J3XDM shell dumpsys window displays'
&amp#27;[38;5;173m[d03cd4ba]&amp#27;[0m&amp#27;[38;5;229m[ADB]&amp#27;[0m Focused package: com.kar.avx.uat.intune
&amp#27;[38;5;173m[d03cd4ba]&amp#27;[0m&amp#27;[38;5;229m[ADB]&amp#27;[0m Focused fully qualified activity name: com.kar.avx.MainActivity
&amp#27;[38;5;173m[d03cd4ba]&amp#27;[0m&amp#27;[38;5;147m[AppiumDriver@7b77]&amp#27;[0m New AndroidUiautomator2Driver session created successfully, session d03cd4ba-917d-4e60-ab4c-c9b4c2db8de9 added to master session list
&amp#27;[38;5;173m[d03cd4ba]&amp#27;[0m&amp#27;[38;5;147m[AppiumDriver@7b77]&amp#27;[0m Event 'newSessionStarted' logged at 1744212233773 (20:53:53 GMT+0530 (India Standard Time))
&amp#27;[38;5;173m[d03cd4ba]&amp#27;[0m&amp#27;[38;5;-83m[AndroidUiautomator2Driver@812a]&amp#27;[0m Cached the protocol value 'W3C' for the new session d03cd4ba-917d-4e60-ab4c-c9b4c2db8de9
&amp#27;[38;5;173m[d03cd4ba]&amp#27;[0m&amp#27;[38;5;-83m[AndroidUiautomator2Driver@812a]&amp#27;[0m Responding to client with driver.createSession() result: {"capabilities":{"platformName":"ANDROID","autoGrantPermissions":true,"deviceName":"RZCX11J3XDM","automationName":"UIAutomator2","app":"/Users/sagars/workspace/AutoHawk/src/test/java/org/openlane/autohawk/resources/app-uat-intune2.apk","platform":"LINUX","webStorageEnabled":false,"takesScreenshot":true,"javascriptEnabled":true,"databaseEnabled":false,"networkConnectionEnabled":true,"locationContextEnabled":false,"warnings":{},"desired":{"platformName":"ANDROID","autoGrantPermissions":true,"deviceName":"emulator-5554","automationName":"UIAutomator2","app":"/Users/sagars/workspace/AutoHawk/src/test/java/org/openlane/autohawk/resources/app-uat-intune2.apk"},"deviceUDID":"RZCX11J3XDM","appPackage":"com.kar.avx.uat.intune","appActivity":"com.kar.avx.MainActivity","pixelRatio":"2.8125","statBarHeight":65,"viewportRect":{"left":0,"top":65,"width":1080,"height":2343},"deviceApiLevel":34,"platformVersion":"14","deviceManufacturer":"samsung","deviceModel":"SM-A146B","deviceScreenSize":"1080x2408","deviceScreenDensit...
&amp#27;[38;5;173m[d03cd4ba]&amp#27;[0m&amp#27;[38;5;86m[HTTP]&amp#27;[0m &amp#27;[37m<-- POST /session &amp#27;[39m&amp#27;[32m200&amp#27;[39m &amp#27;[90m19787 ms - 1090&amp#27;[39m &amp#27;[90m&amp#27;[39m
&amp#27;[38;5;173m[d03cd4ba]&amp#27;[0m&amp#27;[38;5;86m[HTTP]&amp#27;[0m &amp#27;[37m-->&amp#27;[39m &amp#27;[37mPOST&amp#27;[39m &amp#27;[37m/session/d03cd4ba-917d-4e60-ab4c-c9b4c2db8de9/timeouts&amp#27;[39m &amp#27;[90m{"implicit":15000}&amp#27;[39m
&amp#27;[38;5;173m[d03cd4ba]&amp#27;[0m&amp#27;[38;5;-83m[AndroidUiautomator2Driver@812a]&amp#27;[0m Calling AppiumDriver.timeouts() with args: [null,null,null,null,15000,"d03cd4ba-917d-4e60-ab4c-c9b4c2db8de9"]
&amp#27;[38;5;173m[d03cd4ba]&amp#27;[0m&amp#27;[38;5;-83m[AndroidUiautomator2Driver@812a]&amp#27;[0m W3C timeout argument: {"implicit":15000}}
&amp#27;[38;5;173m[d03cd4ba]&amp#27;[0m&amp#27;[38;5;-83m[AndroidUiautomator2Driver@812a]&amp#27;[0m Set implicit wait to 15000ms
&amp#27;[38;5;173m[d03cd4ba]&amp#27;[0m&amp#27;[38;5;-83m[AndroidUiautomator2Driver@812a]&amp#27;[0m Responding to client with driver.timeouts() result: null
&amp#27;[38;5;173m[d03cd4ba]&amp#27;[0m&amp#27;[38;5;86m[HTTP]&amp#27;[0m &amp#27;[37m<-- POST /session/d03cd4ba-917d-4e60-ab4c-c9b4c2db8de9/timeouts &amp#27;[39m&amp#27;[32m200&amp#27;[39m &amp#27;[90m4 ms - 14&amp#27;[39m &amp#27;[90m&amp#27;[39m
&amp#27;[38;5;173m[d03cd4ba]&amp#27;[0m&amp#27;[38;5;86m[HTTP]&amp#27;[0m &amp#27;[37m-->&amp#27;[39m &amp#27;[37mGET&amp#27;[39m &amp#27;[37m/session/d03cd4ba-917d-4e60-ab4c-c9b4c2db8de9/context&amp#27;[39m &amp#27;[90m{}&amp#27;[39m
&amp#27;[38;5;173m[d03cd4ba]&amp#27;[0m&amp#27;[38;5;-83m[AndroidUiautomator2Driver@812a]&amp#27;[0m Calling AppiumDriver.getCurrentContext() with args: ["d03cd4ba-917d-4e60-ab4c-c9b4c2db8de9"]
&amp#27;[38;5;173m[d03cd4ba]&amp#27;[0m&amp#27;[38;5;-83m[AndroidUiautomator2Driver@812a]&amp#27;[0m Responding to client with driver.getCurrentContext() result: "NATIVE_APP"
&amp#27;[38;5;173m[d03cd4ba]&amp#27;[0m&amp#27;[38;5;86m[HTTP]&amp#27;[0m &amp#27;[37m<-- GET /session/d03cd4ba-917d-4e60-ab4c-c9b4c2db8de9/context &amp#27;[39m&amp#27;[32m200&amp#27;[39m &amp#27;[90m5 ms - 22&amp#27;[39m &amp#27;[90m&amp#27;[39m
&amp#27;[38;5;173m[d03cd4ba]&amp#27;[0m&amp#27;[38;5;86m[HTTP]&amp#27;[0m &amp#27;[37m-->&amp#27;[39m &amp#27;[37mPOST&amp#27;[39m &amp#27;[37m/session/d03cd4ba-917d-4e60-ab4c-c9b4c2db8de9/element&amp#27;[39m &amp#27;[90m{"using":"-android uiautomator","value":"new UiSelector().resourceId(\"Login\")"}&amp#27;[39m
&amp#27;[38;5;173m[d03cd4ba]&amp#27;[0m&amp#27;[38;5;-83m[AndroidUiautomator2Driver@812a]&amp#27;[0m Calling AppiumDriver.findElement() with args: ["-android uiautomator","new UiSelector().resourceId(\"Login\")","d03cd4ba-917d-4e60-ab4c-c9b4c2db8de9"]
&amp#27;[38;5;173m[d03cd4ba]&amp#27;[0m&amp#27;[38;5;-83m[AndroidUiautomator2Driver@812a]&amp#27;[0m Valid locator strategies for this request: xpath, id, class name, accessibility id, css selector, -android uiautomator
&amp#27;[38;5;173m[d03cd4ba]&amp#27;[0m&amp#27;[38;5;-83m[AndroidUiautomator2Driver@812a]&amp#27;[0m Waiting up to 15000 ms for condition
&amp#27;[38;5;173m[d03cd4ba]&amp#27;[0m&amp#27;[38;5;-83m[AndroidUiautomator2Driver@812a]&amp#27;[0m Matched '/element' to command name 'findElement'
&amp#27;[38;5;173m[d03cd4ba]&amp#27;[0m&amp#27;[38;5;-83m[AndroidUiautomator2Driver@812a]&amp#27;[0m Proxying [POST /element] to [POST http://127.0.0.1:8200/session/0d0864f9-c6d6-40fa-84f1-703b6e6cd58a/element] with body: {"strategy":"-android uiautomator","selector":"new UiSelector().resourceId(\"Login\")","context":"","multiple":false}
&amp#27;[38;5;173m[d03cd4ba]&amp#27;[0m&amp#27;[38;5;-83m[AndroidUiautomator2Driver@812a]&amp#27;[0m Got response with status 200: {"sessionId":"0d0864f9-c6d6-40fa-84f1-703b6e6cd58a","value":{"ELEMENT":"00000000-0000-0220-0000-001800000007","element-6066-11e4-a52e-4f735466cecf":"00000000-0000-0220-0000-001800000007"}}
&amp#27;[38;5;173m[d03cd4ba]&amp#27;[0m&amp#27;[38;5;-83m[AndroidUiautomator2Driver@812a]&amp#27;[0m Responding to client with driver.findElement() result: {"element-6066-11e4-a52e-4f735466cecf":"00000000-0000-0220-0000-001800000007","ELEMENT":"00000000-0000-0220-0000-001800000007"}
&amp#27;[38;5;173m[d03cd4ba]&amp#27;[0m&amp#27;[38;5;86m[HTTP]&amp#27;[0m &amp#27;[37m<-- POST /session/d03cd4ba-917d-4e60-ab4c-c9b4c2db8de9/element &amp#27;[39m&amp#27;[32m200&amp#27;[39m &amp#27;[90m110 ms - 137&amp#27;[39m &amp#27;[90m&amp#27;[39m
&amp#27;[38;5;173m[d03cd4ba]&amp#27;[0m&amp#27;[38;5;86m[HTTP]&amp#27;[0m &amp#27;[37m-->&amp#27;[39m &amp#27;[37mPOST&amp#27;[39m &amp#27;[37m/session/d03cd4ba-917d-4e60-ab4c-c9b4c2db8de9/element/00000000-0000-0220-0000-001800000007/click&amp#27;[39m &amp#27;[90m{"id":"00000000-0000-0220-0000-001800000007"}&amp#27;[39m
&amp#27;[38;5;173m[d03cd4ba]&amp#27;[0m&amp#27;[38;5;-83m[AndroidUiautomator2Driver@812a]&amp#27;[0m Calling AppiumDriver.click() with args: ["00000000-0000-0220-0000-001800000007","d03cd4ba-917d-4e60-ab4c-c9b4c2db8de9"]
&amp#27;[38;5;173m[d03cd4ba]&amp#27;[0m&amp#27;[38;5;-83m[AndroidUiautomator2Driver@812a]&amp#27;[0m Matched '/element/00000000-0000-0220-0000-001800000007/click' to command name 'click'
&amp#27;[38;5;173m[d03cd4ba]&amp#27;[0m&amp#27;[38;5;-83m[AndroidUiautomator2Driver@812a]&amp#27;[0m Proxying [POST /element/00000000-0000-0220-0000-001800000007/click] to [POST http://127.0.0.1:8200/session/0d0864f9-c6d6-40fa-84f1-703b6e6cd58a/element/00000000-0000-0220-0000-001800000007/click] with body: {"element":"00000000-0000-0220-0000-001800000007"}
&amp#27;[38;5;173m[d03cd4ba]&amp#27;[0m&amp#27;[38;5;-83m[AndroidUiautomator2Driver@812a]&amp#27;[0m Got response with status 200: {"sessionId":"0d0864f9-c6d6-40fa-84f1-703b6e6cd58a","value":null}
&amp#27;[38;5;173m[d03cd4ba]&amp#27;[0m&amp#27;[38;5;-83m[AndroidUiautomator2Driver@812a]&amp#27;[0m Responding to client with driver.click() result: null
&amp#27;[38;5;173m[d03cd4ba]&amp#27;[0m&amp#27;[38;5;86m[HTTP]&amp#27;[0m &amp#27;[37m<-- POST /session/d03cd4ba-917d-4e60-ab4c-c9b4c2db8de9/element/00000000-0000-0220-0000-001800000007/click &amp#27;[39m&amp#27;[32m200&amp#27;[39m &amp#27;[90m2617 ms - 14&amp#27;[39m &amp#27;[90m&amp#27;[39m
&amp#27;[38;5;173m[d03cd4ba]&amp#27;[0m&amp#27;[38;5;86m[HTTP]&amp#27;[0m &amp#27;[37m-->&amp#27;[39m &amp#27;[37mGET&amp#27;[39m &amp#27;[37m/session/d03cd4ba-917d-4e60-ab4c-c9b4c2db8de9/context&amp#27;[39m &amp#27;[90m{}&amp#27;[39m
&amp#27;[38;5;173m[d03cd4ba]&amp#27;[0m&amp#27;[38;5;-83m[AndroidUiautomator2Driver@812a]&amp#27;[0m Calling AppiumDriver.getCurrentContext() with args: ["d03cd4ba-917d-4e60-ab4c-c9b4c2db8de9"]
&amp#27;[38;5;173m[d03cd4ba]&amp#27;[0m&amp#27;[38;5;-83m[AndroidUiautomator2Driver@812a]&amp#27;[0m Responding to client with driver.getCurrentContext() result: "NATIVE_APP"
&amp#27;[38;5;173m[d03cd4ba]&amp#27;[0m&amp#27;[38;5;86m[HTTP]&amp#27;[0m &amp#27;[37m<-- GET /session/d03cd4ba-917d-4e60-ab4c-c9b4c2db8de9/context &amp#27;[39m&amp#27;[32m200&amp#27;[39m &amp#27;[90m11 ms - 22&amp#27;[39m &amp#27;[90m&amp#27;[39m
&amp#27;[38;5;173m[d03cd4ba]&amp#27;[0m&amp#27;[38;5;86m[HTTP]&amp#27;[0m &amp#27;[37m-->&amp#27;[39m &amp#27;[37mPOST&amp#27;[39m &amp#27;[37m/session/d03cd4ba-917d-4e60-ab4c-c9b4c2db8de9/element&amp#27;[39m &amp#27;[90m{"using":"-android uiautomator","value":"new UiSelector().resourceId(\"existing-id-text\")"}&amp#27;[39m
&amp#27;[38;5;173m[d03cd4ba]&amp#27;[0m&amp#27;[38;5;-83m[AndroidUiautomator2Driver@812a]&amp#27;[0m Calling AppiumDriver.findElement() with args: ["-android uiautomator","new UiSelector().resourceId(\"existing-id-text\")","d03cd4ba-917d-4e60-ab4c-c9b4c2db8de9"]
&amp#27;[38;5;173m[d03cd4ba]&amp#27;[0m&amp#27;[38;5;-83m[AndroidUiautomator2Driver@812a]&amp#27;[0m Valid locator strategies for this request: xpath, id, class name, accessibility id, css selector, -android uiautomator
&amp#27;[38;5;173m[d03cd4ba]&amp#27;[0m&amp#27;[38;5;-83m[AndroidUiautomator2Driver@812a]&amp#27;[0m Waiting up to 15000 ms for condition
&amp#27;[38;5;173m[d03cd4ba]&amp#27;[0m&amp#27;[38;5;-83m[AndroidUiautomator2Driver@812a]&amp#27;[0m Matched '/element' to command name 'findElement'
&amp#27;[38;5;173m[d03cd4ba]&amp#27;[0m&amp#27;[38;5;-83m[AndroidUiautomator2Driver@812a]&amp#27;[0m Proxying [POST /element] to [POST http://127.0.0.1:8200/session/0d0864f9-c6d6-40fa-84f1-703b6e6cd58a/element] with body: {"strategy":"-android uiautomator","selector":"new UiSelector().resourceId(\"existing-id-text\")","context":"","multiple":false}
&amp#27;[38;5;173m[d03cd4ba]&amp#27;[0m&amp#27;[38;5;-83m[AndroidUiautomator2Driver@812a]&amp#27;[0m Got response with status 404: {"sessionId":"0d0864f9-c6d6-40fa-84f1-703b6e6cd58a","value":{"error":"no such element","message":"An element could not be located on the page using the given search parameters","stacktrace":"io.appium.uiautomator2.common.exceptions.ElementNotFoundException: An element could not be located on the page using the given search parameters\n\tat io.appium.uiautomator2.handler.FindElement.safeHandle(FindElement.java:63)\n\tat io.appium.uiautomator2.handler.request.SafeRequestHandler.handle(SafeRequestHandler.java:59)\n\tat io.appium.uiautomator2.server.AppiumServlet.handleRequest(AppiumServlet.java:259)\n\tat io.appium.uiautomator2.server.AppiumServlet.handleHttpRequest(AppiumServlet.java:253)\n\tat io.appium.uiautomator2.http.ServerHandler.channelRead(ServerHandler.java:77)\n\tat io.netty.channel.AbstractChannelHandlerContext.invokeChannelRead(AbstractChannelHandlerContext.java:366)\n\tat io.netty.channel.AbstractChannelHandlerContext.invokeChannelRead(AbstractChannelHandlerContext.java:352)\n\tat io.netty.chann...
&amp#27;[38;5;173m[d03cd4ba]&amp#27;[0m&amp#27;[38;5;123m[W3C]&amp#27;[0m Matched W3C error code 'no such element' to NoSuchElementError
&amp#27;[38;5;173m[d03cd4ba]&amp#27;[0m&amp#27;[38;5;-83m[AndroidUiautomator2Driver@812a]&amp#27;[0m Waited for 217 ms so far
&amp#27;[38;5;173m[d03cd4ba]&amp#27;[0m&amp#27;[38;5;-83m[AndroidUiautomator2Driver@812a]&amp#27;[0m Matched '/element' to command name 'findElement'
&amp#27;[38;5;173m[d03cd4ba]&amp#27;[0m&amp#27;[38;5;-83m[AndroidUiautomator2Driver@812a]&amp#27;[0m Proxying [POST /element] to [POST http://127.0.0.1:8200/session/0d0864f9-c6d6-40fa-84f1-703b6e6cd58a/element] with body: {"strategy":"-android uiautomator","selector":"new UiSelector().resourceId(\"existing-id-text\")","context":"","multiple":false}
&amp#27;[38;5;173m[d03cd4ba]&amp#27;[0m&amp#27;[38;5;-83m[AndroidUiautomator2Driver@812a]&amp#27;[0m Got response with status 200: {"sessionId":"0d0864f9-c6d6-40fa-84f1-703b6e6cd58a","value":{"ELEMENT":"00000000-0000-0223-0000-041a0000056e","element-6066-11e4-a52e-4f735466cecf":"00000000-0000-0223-0000-041a0000056e"}}
&amp#27;[38;5;173m[d03cd4ba]&amp#27;[0m&amp#27;[38;5;-83m[AndroidUiautomator2Driver@812a]&amp#27;[0m Responding to client with driver.findElement() result: {"element-6066-11e4-a52e-4f735466cecf":"00000000-0000-0223-0000-041a0000056e","ELEMENT":"00000000-0000-0223-0000-041a0000056e"}
&amp#27;[38;5;173m[d03cd4ba]&amp#27;[0m&amp#27;[38;5;86m[HTTP]&amp#27;[0m &amp#27;[37m<-- POST /session/d03cd4ba-917d-4e60-ab4c-c9b4c2db8de9/element &amp#27;[39m&amp#27;[32m200&amp#27;[39m &amp#27;[90m1664 ms - 137&amp#27;[39m &amp#27;[90m&amp#27;[39m
&amp#27;[38;5;173m[d03cd4ba]&amp#27;[0m&amp#27;[38;5;86m[HTTP]&amp#27;[0m &amp#27;[37m-->&amp#27;[39m &amp#27;[37mGET&amp#27;[39m &amp#27;[37m/session/d03cd4ba-917d-4e60-ab4c-c9b4c2db8de9/element/00000000-0000-0223-0000-041a0000056e/displayed&amp#27;[39m &amp#27;[90m{}&amp#27;[39m
&amp#27;[38;5;173m[d03cd4ba]&amp#27;[0m&amp#27;[38;5;-83m[AndroidUiautomator2Driver@812a]&amp#27;[0m Calling AppiumDriver.elementDisplayed() with args: ["00000000-0000-0223-0000-041a0000056e","d03cd4ba-917d-4e60-ab4c-c9b4c2db8de9"]
&amp#27;[38;5;173m[d03cd4ba]&amp#27;[0m&amp#27;[38;5;-83m[AndroidUiautomator2Driver@812a]&amp#27;[0m Matched '/element/00000000-0000-0223-0000-041a0000056e/attribute/displayed' to command name 'getAttribute'
&amp#27;[38;5;173m[d03cd4ba]&amp#27;[0m&amp#27;[38;5;-83m[AndroidUiautomator2Driver@812a]&amp#27;[0m Proxying [GET /element/00000000-0000-0223-0000-041a0000056e/attribute/displayed] to [GET http://127.0.0.1:8200/session/0d0864f9-c6d6-40fa-84f1-703b6e6cd58a/element/00000000-0000-0223-0000-041a0000056e/attribute/displayed] with no body
&amp#27;[38;5;173m[d03cd4ba]&amp#27;[0m&amp#27;[38;5;-83m[AndroidUiautomator2Driver@812a]&amp#27;[0m Got response with status 200: {"sessionId":"0d0864f9-c6d6-40fa-84f1-703b6e6cd58a","value":"true"}
&amp#27;[38;5;173m[d03cd4ba]&amp#27;[0m&amp#27;[38;5;-83m[AndroidUiautomator2Driver@812a]&amp#27;[0m Responding to client with driver.elementDisplayed() result: true
&amp#27;[38;5;173m[d03cd4ba]&amp#27;[0m&amp#27;[38;5;86m[HTTP]&amp#27;[0m &amp#27;[37m<-- GET /session/d03cd4ba-917d-4e60-ab4c-c9b4c2db8de9/element/00000000-0000-0223-0000-041a0000056e/displayed &amp#27;[39m&amp#27;[32m200&amp#27;[39m &amp#27;[90m83 ms - 14&amp#27;[39m &amp#27;[90m&amp#27;[39m
&amp#27;[38;5;173m[d03cd4ba]&amp#27;[0m&amp#27;[38;5;86m[HTTP]&amp#27;[0m &amp#27;[37m-->&amp#27;[39m &amp#27;[37mGET&amp#27;[39m &amp#27;[37m/session/d03cd4ba-917d-4e60-ab4c-c9b4c2db8de9/context&amp#27;[39m &amp#27;[90m{}&amp#27;[39m
&amp#27;[38;5;173m[d03cd4ba]&amp#27;[0m&amp#27;[38;5;-83m[AndroidUiautomator2Driver@812a]&amp#27;[0m Calling AppiumDriver.getCurrentContext() with args: ["d03cd4ba-917d-4e60-ab4c-c9b4c2db8de9"]
&amp#27;[38;5;173m[d03cd4ba]&amp#27;[0m&amp#27;[38;5;-83m[AndroidUiautomator2Driver@812a]&amp#27;[0m Responding to client with driver.getCurrentContext() result: "NATIVE_APP"
&amp#27;[38;5;173m[d03cd4ba]&amp#27;[0m&amp#27;[38;5;86m[HTTP]&amp#27;[0m &amp#27;[37m<-- GET /session/d03cd4ba-917d-4e60-ab4c-c9b4c2db8de9/context &amp#27;[39m&amp#27;[32m200&amp#27;[39m &amp#27;[90m8 ms - 22&amp#27;[39m &amp#27;[90m&amp#27;[39m
&amp#27;[38;5;173m[d03cd4ba]&amp#27;[0m&amp#27;[38;5;86m[HTTP]&amp#27;[0m &amp#27;[37m-->&amp#27;[39m &amp#27;[37mPOST&amp#27;[39m &amp#27;[37m/session/d03cd4ba-917d-4e60-ab4c-c9b4c2db8de9/element&amp#27;[39m &amp#27;[90m{"using":"-android uiautomator","value":"new UiSelector().className(\"android.widget.EditText\").instance(0)"}&amp#27;[39m
&amp#27;[38;5;173m[d03cd4ba]&amp#27;[0m&amp#27;[38;5;-83m[AndroidUiautomator2Driver@812a]&amp#27;[0m Calling AppiumDriver.findElement() with args: ["-android uiautomator","new UiSelector().className(\"android.widget.EditText\").instance(0)","d03cd4ba-917d-4e60-ab4c-c9b4c2db8de9"]
&amp#27;[38;5;173m[d03cd4ba]&amp#27;[0m&amp#27;[38;5;-83m[AndroidUiautomator2Driver@812a]&amp#27;[0m Valid locator strategies for this request: xpath, id, class name, accessibility id, css selector, -android uiautomator
&amp#27;[38;5;173m[d03cd4ba]&amp#27;[0m&amp#27;[38;5;-83m[AndroidUiautomator2Driver@812a]&amp#27;[0m Waiting up to 15000 ms for condition
&amp#27;[38;5;173m[d03cd4ba]&amp#27;[0m&amp#27;[38;5;-83m[AndroidUiautomator2Driver@812a]&amp#27;[0m Matched '/element' to command name 'findElement'
&amp#27;[38;5;173m[d03cd4ba]&amp#27;[0m&amp#27;[38;5;-83m[AndroidUiautomator2Driver@812a]&amp#27;[0m Proxying [POST /element] to [POST http://127.0.0.1:8200/session/0d0864f9-c6d6-40fa-84f1-703b6e6cd58a/element] with body: {"strategy":"-android uiautomator","selector":"new UiSelector().className(\"android.widget.EditText\").instance(0)","context":"","multiple":false}
&amp#27;[38;5;173m[d03cd4ba]&amp#27;[0m&amp#27;[38;5;-83m[AndroidUiautomator2Driver@812a]&amp#27;[0m Got response with status 200: {"sessionId":"0d0864f9-c6d6-40fa-84f1-703b6e6cd58a","value":{"ELEMENT":"00000000-0000-0223-0000-03e80000056e","element-6066-11e4-a52e-4f735466cecf":"00000000-0000-0223-0000-03e80000056e"}}
&amp#27;[38;5;173m[d03cd4ba]&amp#27;[0m&amp#27;[38;5;-83m[AndroidUiautomator2Driver@812a]&amp#27;[0m Responding to client with driver.findElement() result: {"element-6066-11e4-a52e-4f735466cecf":"00000000-0000-0223-0000-03e80000056e","ELEMENT":"00000000-0000-0223-0000-03e80000056e"}
&amp#27;[38;5;173m[d03cd4ba]&amp#27;[0m&amp#27;[38;5;86m[HTTP]&amp#27;[0m &amp#27;[37m<-- POST /session/d03cd4ba-917d-4e60-ab4c-c9b4c2db8de9/element &amp#27;[39m&amp#27;[32m200&amp#27;[39m &amp#27;[90m96 ms - 137&amp#27;[39m &amp#27;[90m&amp#27;[39m
&amp#27;[38;5;173m[d03cd4ba]&amp#27;[0m&amp#27;[38;5;86m[HTTP]&amp#27;[0m &amp#27;[37m-->&amp#27;[39m &amp#27;[37mPOST&amp#27;[39m &amp#27;[37m/session/d03cd4ba-917d-4e60-ab4c-c9b4c2db8de9/element/00000000-0000-0223-0000-03e80000056e/value&amp#27;[39m &amp#27;[90m{"text":"jalaludeen.j@openlane.com","id":"00000000-0000-0223-0000-03e80000056e","value":["j","a","l","a","l","u","d","e","e","n",".","j","@","o","p","e","n","l","a","n","e",".","c","o","m"]}&amp#27;[39m
&amp#27;[38;5;173m[d03cd4ba]&amp#27;[0m&amp#27;[38;5;-83m[AndroidUiautomator2Driver@812a]&amp#27;[0m Calling AppiumDriver.setValue() with args: [["j","a","l","a","l","u","d","e","e","n",".","j","@","o","p","e","n","l","a","n","e",".","c","o","m"],"00000000-0000-0223-0000-03e80000056e","d03cd4ba-917d-4e60-ab4c-c9b4c2db8de9"]
&amp#27;[38;5;173m[d03cd4ba]&amp#27;[0m&amp#27;[38;5;-83m[AndroidUiautomator2Driver@812a]&amp#27;[0m Matched '/element/00000000-0000-0223-0000-03e80000056e/value' to command name 'setValue'
&amp#27;[38;5;173m[d03cd4ba]&amp#27;[0m&amp#27;[38;5;-83m[AndroidUiautomator2Driver@812a]&amp#27;[0m Added 'value' property ["j","a","l","a","l","u","d","e","e","n",".","j","@","o","p","e","n","l","a","n","e",".","c","o","m"] to 'setValue' request body
&amp#27;[38;5;173m[d03cd4ba]&amp#27;[0m&amp#27;[38;5;-83m[AndroidUiautomator2Driver@812a]&amp#27;[0m Proxying [POST /element/00000000-0000-0223-0000-03e80000056e/value] to [POST http://127.0.0.1:8200/session/0d0864f9-c6d6-40fa-84f1-703b6e6cd58a/element/00000000-0000-0223-0000-03e80000056e/value] with body: {"elementId":"00000000-0000-0223-0000-03e80000056e","text":"jalaludeen.j@openlane.com","replace":false,"value":["j","a","l","a","l","u","d","e","e","n",".","j","@","o","p","e","n","l","a","n","e",".","c","o","m"]}
&amp#27;[38;5;173m[d03cd4ba]&amp#27;[0m&amp#27;[38;5;-83m[AndroidUiautomator2Driver@812a]&amp#27;[0m Got response with status 200: {"sessionId":"0d0864f9-c6d6-40fa-84f1-703b6e6cd58a","value":null}
&amp#27;[38;5;173m[d03cd4ba]&amp#27;[0m&amp#27;[38;5;-83m[AndroidUiautomator2Driver@812a]&amp#27;[0m Responding to client with driver.setValue() result: null
&amp#27;[38;5;173m[d03cd4ba]&amp#27;[0m&amp#27;[38;5;86m[HTTP]&amp#27;[0m &amp#27;[37m<-- POST /session/d03cd4ba-917d-4e60-ab4c-c9b4c2db8de9/element/00000000-0000-0223-0000-03e80000056e/value &amp#27;[39m&amp#27;[32m200&amp#27;[39m &amp#27;[90m109 ms - 14&amp#27;[39m &amp#27;[90m&amp#27;[39m
&amp#27;[38;5;173m[d03cd4ba]&amp#27;[0m&amp#27;[38;5;86m[HTTP]&amp#27;[0m &amp#27;[37m-->&amp#27;[39m &amp#27;[37mGET&amp#27;[39m &amp#27;[37m/session/d03cd4ba-917d-4e60-ab4c-c9b4c2db8de9/context&amp#27;[39m &amp#27;[90m{}&amp#27;[39m
&amp#27;[38;5;173m[d03cd4ba]&amp#27;[0m&amp#27;[38;5;-83m[AndroidUiautomator2Driver@812a]&amp#27;[0m Calling AppiumDriver.getCurrentContext() with args: ["d03cd4ba-917d-4e60-ab4c-c9b4c2db8de9"]
&amp#27;[38;5;173m[d03cd4ba]&amp#27;[0m&amp#27;[38;5;-83m[AndroidUiautomator2Driver@812a]&amp#27;[0m Responding to client with driver.getCurrentContext() result: "NATIVE_APP"
&amp#27;[38;5;173m[d03cd4ba]&amp#27;[0m&amp#27;[38;5;86m[HTTP]&amp#27;[0m &amp#27;[37m<-- GET /session/d03cd4ba-917d-4e60-ab4c-c9b4c2db8de9/context &amp#27;[39m&amp#27;[32m200&amp#27;[39m &amp#27;[90m5 ms - 22&amp#27;[39m &amp#27;[90m&amp#27;[39m
&amp#27;[38;5;173m[d03cd4ba]&amp#27;[0m&amp#27;[38;5;86m[HTTP]&amp#27;[0m &amp#27;[37m-->&amp#27;[39m &amp#27;[37mPOST&amp#27;[39m &amp#27;[37m/session/d03cd4ba-917d-4e60-ab4c-c9b4c2db8de9/element&amp#27;[39m &amp#27;[90m{"using":"-android uiautomator","value":"new UiSelector().className(\"android.widget.EditText\").instance(1)"}&amp#27;[39m
&amp#27;[38;5;173m[d03cd4ba]&amp#27;[0m&amp#27;[38;5;-83m[AndroidUiautomator2Driver@812a]&amp#27;[0m Calling AppiumDriver.findElement() with args: ["-android uiautomator","new UiSelector().className(\"android.widget.EditText\").instance(1)","d03cd4ba-917d-4e60-ab4c-c9b4c2db8de9"]
&amp#27;[38;5;173m[d03cd4ba]&amp#27;[0m&amp#27;[38;5;-83m[AndroidUiautomator2Driver@812a]&amp#27;[0m Valid locator strategies for this request: xpath, id, class name, accessibility id, css selector, -android uiautomator
&amp#27;[38;5;173m[d03cd4ba]&amp#27;[0m&amp#27;[38;5;-83m[AndroidUiautomator2Driver@812a]&amp#27;[0m Waiting up to 15000 ms for condition
&amp#27;[38;5;173m[d03cd4ba]&amp#27;[0m&amp#27;[38;5;-83m[AndroidUiautomator2Driver@812a]&amp#27;[0m Matched '/element' to command name 'findElement'
&amp#27;[38;5;173m[d03cd4ba]&amp#27;[0m&amp#27;[38;5;-83m[AndroidUiautomator2Driver@812a]&amp#27;[0m Proxying [POST /element] to [POST http://127.0.0.1:8200/session/0d0864f9-c6d6-40fa-84f1-703b6e6cd58a/element] with body: {"strategy":"-android uiautomator","selector":"new UiSelector().className(\"android.widget.EditText\").instance(1)","context":"","multiple":false}
&amp#27;[38;5;173m[d03cd4ba]&amp#27;[0m&amp#27;[38;5;-83m[AndroidUiautomator2Driver@812a]&amp#27;[0m Got response with status 200: {"sessionId":"0d0864f9-c6d6-40fa-84f1-703b6e6cd58a","value":{"ELEMENT":"00000000-0000-0223-0000-03ef0000056e","element-6066-11e4-a52e-4f735466cecf":"00000000-0000-0223-0000-03ef0000056e"}}
&amp#27;[38;5;173m[d03cd4ba]&amp#27;[0m&amp#27;[38;5;-83m[AndroidUiautomator2Driver@812a]&amp#27;[0m Responding to client with driver.findElement() result: {"element-6066-11e4-a52e-4f735466cecf":"00000000-0000-0223-0000-03ef0000056e","ELEMENT":"00000000-0000-0223-0000-03ef0000056e"}
&amp#27;[38;5;173m[d03cd4ba]&amp#27;[0m&amp#27;[38;5;86m[HTTP]&amp#27;[0m &amp#27;[37m<-- POST /session/d03cd4ba-917d-4e60-ab4c-c9b4c2db8de9/element &amp#27;[39m&amp#27;[32m200&amp#27;[39m &amp#27;[90m100 ms - 137&amp#27;[39m &amp#27;[90m&amp#27;[39m
&amp#27;[38;5;173m[d03cd4ba]&amp#27;[0m&amp#27;[38;5;86m[HTTP]&amp#27;[0m &amp#27;[37m-->&amp#27;[39m &amp#27;[37mPOST&amp#27;[39m &amp#27;[37m/session/d03cd4ba-917d-4e60-ab4c-c9b4c2db8de9/element/00000000-0000-0223-0000-03ef0000056e/value&amp#27;[39m &amp#27;[90m{"text":"Jalal@9715","id":"00000000-0000-0223-0000-03ef0000056e","value":["J","a","l","a","l","@","9","7","1","5"]}&amp#27;[39m
&amp#27;[38;5;173m[d03cd4ba]&amp#27;[0m&amp#27;[38;5;-83m[AndroidUiautomator2Driver@812a]&amp#27;[0m Calling AppiumDriver.setValue() with args: [["J","a","l","a","l","@","9","7","1","5"],"00000000-0000-0223-0000-03ef0000056e","d03cd4ba-917d-4e60-ab4c-c9b4c2db8de9"]
&amp#27;[38;5;173m[d03cd4ba]&amp#27;[0m&amp#27;[38;5;-83m[AndroidUiautomator2Driver@812a]&amp#27;[0m Matched '/element/00000000-0000-0223-0000-03ef0000056e/value' to command name 'setValue'
&amp#27;[38;5;173m[d03cd4ba]&amp#27;[0m&amp#27;[38;5;-83m[AndroidUiautomator2Driver@812a]&amp#27;[0m Added 'value' property ["J","a","l","a","l","@","9","7","1","5"] to 'setValue' request body
&amp#27;[38;5;173m[d03cd4ba]&amp#27;[0m&amp#27;[38;5;-83m[AndroidUiautomator2Driver@812a]&amp#27;[0m Proxying [POST /element/00000000-0000-0223-0000-03ef0000056e/value] to [POST http://127.0.0.1:8200/session/0d0864f9-c6d6-40fa-84f1-703b6e6cd58a/element/00000000-0000-0223-0000-03ef0000056e/value] with body: {"elementId":"00000000-0000-0223-0000-03ef0000056e","text":"Jalal@9715","replace":false,"value":["J","a","l","a","l","@","9","7","1","5"]}
&amp#27;[38;5;173m[d03cd4ba]&amp#27;[0m&amp#27;[38;5;-83m[AndroidUiautomator2Driver@812a]&amp#27;[0m Got response with status 200: {"sessionId":"0d0864f9-c6d6-40fa-84f1-703b6e6cd58a","value":null}
&amp#27;[38;5;173m[d03cd4ba]&amp#27;[0m&amp#27;[38;5;-83m[AndroidUiautomator2Driver@812a]&amp#27;[0m Responding to client with driver.setValue() result: null
&amp#27;[38;5;173m[d03cd4ba]&amp#27;[0m&amp#27;[38;5;86m[HTTP]&amp#27;[0m &amp#27;[37m<-- POST /session/d03cd4ba-917d-4e60-ab4c-c9b4c2db8de9/element/00000000-0000-0223-0000-03ef0000056e/value &amp#27;[39m&amp#27;[32m200&amp#27;[39m &amp#27;[90m67 ms - 14&amp#27;[39m &amp#27;[90m&amp#27;[39m
&amp#27;[38;5;173m[d03cd4ba]&amp#27;[0m&amp#27;[38;5;86m[HTTP]&amp#27;[0m &amp#27;[37m-->&amp#27;[39m &amp#27;[37mGET&amp#27;[39m &amp#27;[37m/session/d03cd4ba-917d-4e60-ab4c-c9b4c2db8de9/context&amp#27;[39m &amp#27;[90m{}&amp#27;[39m
&amp#27;[38;5;173m[d03cd4ba]&amp#27;[0m&amp#27;[38;5;-83m[AndroidUiautomator2Driver@812a]&amp#27;[0m Calling AppiumDriver.getCurrentContext() with args: ["d03cd4ba-917d-4e60-ab4c-c9b4c2db8de9"]
&amp#27;[38;5;173m[d03cd4ba]&amp#27;[0m&amp#27;[38;5;-83m[AndroidUiautomator2Driver@812a]&amp#27;[0m Responding to client with driver.getCurrentContext() result: "NATIVE_APP"
&amp#27;[38;5;173m[d03cd4ba]&amp#27;[0m&amp#27;[38;5;86m[HTTP]&amp#27;[0m &amp#27;[37m<-- GET /session/d03cd4ba-917d-4e60-ab4c-c9b4c2db8de9/context &amp#27;[39m&amp#27;[32m200&amp#27;[39m &amp#27;[90m1 ms - 22&amp#27;[39m &amp#27;[90m&amp#27;[39m
&amp#27;[38;5;173m[d03cd4ba]&amp#27;[0m&amp#27;[38;5;86m[HTTP]&amp#27;[0m &amp#27;[37m-->&amp#27;[39m &amp#27;[37mPOST&amp#27;[39m &amp#27;[37m/session/d03cd4ba-917d-4e60-ab4c-c9b4c2db8de9/element&amp#27;[39m &amp#27;[90m{"using":"-android uiautomator","value":"new UiSelector().text(\"Sign in\")"}&amp#27;[39m
&amp#27;[38;5;173m[d03cd4ba]&amp#27;[0m&amp#27;[38;5;-83m[AndroidUiautomator2Driver@812a]&amp#27;[0m Calling AppiumDriver.findElement() with args: ["-android uiautomator","new UiSelector().text(\"Sign in\")","d03cd4ba-917d-4e60-ab4c-c9b4c2db8de9"]
&amp#27;[38;5;173m[d03cd4ba]&amp#27;[0m&amp#27;[38;5;-83m[AndroidUiautomator2Driver@812a]&amp#27;[0m Valid locator strategies for this request: xpath, id, class name, accessibility id, css selector, -android uiautomator
&amp#27;[38;5;173m[d03cd4ba]&amp#27;[0m&amp#27;[38;5;-83m[AndroidUiautomator2Driver@812a]&amp#27;[0m Waiting up to 15000 ms for condition
&amp#27;[38;5;173m[d03cd4ba]&amp#27;[0m&amp#27;[38;5;-83m[AndroidUiautomator2Driver@812a]&amp#27;[0m Matched '/element' to command name 'findElement'
&amp#27;[38;5;173m[d03cd4ba]&amp#27;[0m&amp#27;[38;5;-83m[AndroidUiautomator2Driver@812a]&amp#27;[0m Proxying [POST /element] to [POST http://127.0.0.1:8200/session/0d0864f9-c6d6-40fa-84f1-703b6e6cd58a/element] with body: {"strategy":"-android uiautomator","selector":"new UiSelector().text(\"Sign in\")","context":"","multiple":false}
&amp#27;[38;5;173m[d03cd4ba]&amp#27;[0m&amp#27;[38;5;-83m[AndroidUiautomator2Driver@812a]&amp#27;[0m Got response with status 200: {"sessionId":"0d0864f9-c6d6-40fa-84f1-703b6e6cd58a","value":{"ELEMENT":"00000000-0000-0223-0000-03f70000056e","element-6066-11e4-a52e-4f735466cecf":"00000000-0000-0223-0000-03f70000056e"}}
&amp#27;[38;5;173m[d03cd4ba]&amp#27;[0m&amp#27;[38;5;-83m[AndroidUiautomator2Driver@812a]&amp#27;[0m Responding to client with driver.findElement() result: {"element-6066-11e4-a52e-4f735466cecf":"00000000-0000-0223-0000-03f70000056e","ELEMENT":"00000000-0000-0223-0000-03f70000056e"}
&amp#27;[38;5;173m[d03cd4ba]&amp#27;[0m&amp#27;[38;5;86m[HTTP]&amp#27;[0m &amp#27;[37m<-- POST /session/d03cd4ba-917d-4e60-ab4c-c9b4c2db8de9/element &amp#27;[39m&amp#27;[32m200&amp#27;[39m &amp#27;[90m92 ms - 137&amp#27;[39m &amp#27;[90m&amp#27;[39m
&amp#27;[38;5;173m[d03cd4ba]&amp#27;[0m&amp#27;[38;5;86m[HTTP]&amp#27;[0m &amp#27;[37m-->&amp#27;[39m &amp#27;[37mPOST&amp#27;[39m &amp#27;[37m/session/d03cd4ba-917d-4e60-ab4c-c9b4c2db8de9/element/00000000-0000-0223-0000-03f70000056e/click&amp#27;[39m &amp#27;[90m{"id":"00000000-0000-0223-0000-03f70000056e"}&amp#27;[39m
&amp#27;[38;5;173m[d03cd4ba]&amp#27;[0m&amp#27;[38;5;-83m[AndroidUiautomator2Driver@812a]&amp#27;[0m Calling AppiumDriver.click() with args: ["00000000-0000-0223-0000-03f70000056e","d03cd4ba-917d-4e60-ab4c-c9b4c2db8de9"]
&amp#27;[38;5;173m[d03cd4ba]&amp#27;[0m&amp#27;[38;5;-83m[AndroidUiautomator2Driver@812a]&amp#27;[0m Matched '/element/00000000-0000-0223-0000-03f70000056e/click' to command name 'click'
&amp#27;[38;5;173m[d03cd4ba]&amp#27;[0m&amp#27;[38;5;-83m[AndroidUiautomator2Driver@812a]&amp#27;[0m Proxying [POST /element/00000000-0000-0223-0000-03f70000056e/click] to [POST http://127.0.0.1:8200/session/0d0864f9-c6d6-40fa-84f1-703b6e6cd58a/element/00000000-0000-0223-0000-03f70000056e/click] with body: {"element":"00000000-0000-0223-0000-03f70000056e"}
&amp#27;[38;5;173m[d03cd4ba]&amp#27;[0m&amp#27;[38;5;-83m[AndroidUiautomator2Driver@812a]&amp#27;[0m Got response with status 200: {"sessionId":"0d0864f9-c6d6-40fa-84f1-703b6e6cd58a","value":null}
&amp#27;[38;5;173m[d03cd4ba]&amp#27;[0m&amp#27;[38;5;-83m[AndroidUiautomator2Driver@812a]&amp#27;[0m Responding to client with driver.click() result: null
&amp#27;[38;5;173m[d03cd4ba]&amp#27;[0m&amp#27;[38;5;86m[HTTP]&amp#27;[0m &amp#27;[37m<-- POST /session/d03cd4ba-917d-4e60-ab4c-c9b4c2db8de9/element/00000000-0000-0223-0000-03f70000056e/click &amp#27;[39m&amp#27;[32m200&amp#27;[39m &amp#27;[90m117 ms - 14&amp#27;[39m &amp#27;[90m&amp#27;[39m
]]></system-out>
    <system-err><![CDATA[SLF4J(W): No SLF4J providers were found.
SLF4J(W): Defaulting to no-operation (NOP) logger implementation
SLF4J(W): See https://www.slf4j.org/codes.html#noProviders for further details.
]]></system-err>
  </testcase>
  <testcase name="verifyHomePageForOffsiteUser" classname="org.openlane.autohawk.testcases.HomeTest" time="29.133">
    <system-out><![CDATA[&amp#27;[38;5;173m[d03cd4ba]&amp#27;[0m&amp#27;[38;5;86m[HTTP]&amp#27;[0m &amp#27;[37m-->&amp#27;[39m &amp#27;[37mGET&amp#27;[39m &amp#27;[37m/session/d03cd4ba-917d-4e60-ab4c-c9b4c2db8de9/screenshot&amp#27;[39m &amp#27;[90m{}&amp#27;[39m
&amp#27;[38;5;173m[d03cd4ba]&amp#27;[0m&amp#27;[38;5;-83m[AndroidUiautomator2Driver@812a]&amp#27;[0m Calling AppiumDriver.getScreenshot() with args: ["d03cd4ba-917d-4e60-ab4c-c9b4c2db8de9"]
&amp#27;[38;5;173m[d03cd4ba]&amp#27;[0m&amp#27;[38;5;-83m[AndroidUiautomator2Driver@812a]&amp#27;[0m Matched '/screenshot' to command name 'getScreenshot'
&amp#27;[38;5;173m[d03cd4ba]&amp#27;[0m&amp#27;[38;5;-83m[AndroidUiautomator2Driver@812a]&amp#27;[0m Proxying [GET /screenshot] to [GET http://127.0.0.1:8200/session/0d0864f9-c6d6-40fa-84f1-703b6e6cd58a/screenshot] with no body
&amp#27;[38;5;173m[d03cd4ba]&amp#27;[0m&amp#27;[38;5;-83m[AndroidUiautomator2Driver@812a]&amp#27;[0m Got response with status 200: {"sessionId":"0d0864f9-c6d6-40fa-84f1-703b6e6cd58a","value":"iVBORw0KGgoAAAANSUhEUgAABDgAAAloCAYAAACBSQW4AAAAAXNSR0IArs4c6QAAAARzQklUCAgICHwIZIgAACAASURBVHic7N13WFXlAwfw7x1c5mWjbHAkMhyoiHskWFqauxwIam7FvXLv1MxcaW7NXKVkv9IclTPFRDPFVaYoIIaILNne3x/Igeu9wAUuF69+P8/j83DOfc973ju4cr7nHSJrmyoKEBERERERERHpMXFlN4CIiIiIiIiIqLwYcBARERERERGR3mPAQURERERERER6jwEHEREREREREek9BhxEREREREREpPcYcBARERERERGR3mPAQURERERERER6jwEHEREREREREek9BhxEREREREREpPcYcBARERERERGR3mPAQURERERERER6jwEHEREREREREek9BhxEREREREREpPcYcBARERERERGR3mPAQURERERERER6jwEHEREREREREek9BhxEREREREREpPcYcBARERERERGR3mPAQURERERERER6T1rZDSB6nfj61kfnzp1gbWWt9brv3ruHQ4cO4fbtv7VeNxEREVFlcHZ2QmM/Pzg7O8PTyxPmcjkAQG4uR0pyilDuxo2biI6OxoU//sD16zcqq7lEFU4ikcDeviq8vbxhbi5XeTw5OQWR1yMRF/cIubm5ldDCVxsDjhKYmpqibds2cHJyhLWVNUQiERKeJCA29iF+/fU3pKWlVei5yyo3NxcZGRlaaYeBgQFkMpmwXZHPWZ95eNTC1CmTUbt2bUilEq3Xn5WVDTc3V3zxxUpERd0vd31GRkYqnxELCwskJydDoVAI+wwNDSEWi5Genq5U1tLSEk+fPlXaZ2ZmhqysTGRlZQv7pFIpTExMkJycrFTWUCZDZlZWuZ8HERER6RcvL0+EBPdHY//GcHZy1ugYf39/pe1jx4/j2NFjOBD2fUU0UeccHBwA...
&amp#27;[38;5;173m[d03cd4ba]&amp#27;[0m&amp#27;[38;5;-83m[AndroidUiautomator2Driver@812a]&amp#27;[0m Responding to client with driver.getScreenshot() result: "iVBORw0KGgoAAAANSUhEUgAABDgAAAloCAYAAACBSQW4AAAAAXNSR0IArs4c6QAAAARzQklUCAgICHwIZIgAACAASURBVHic7N13WFXlAwfw7x1c5mWjbHAkMhyoiHskWFqauxwIam7FvXLv1MxcaW7NXKVkv9IclTPFRDPFVaYoIIaILNne3x/Igeu9wAUuF69+P8/j83DOfc973ju4cr7nHSJrmyoKEBERERERERHpMXFlN4CIiIiIiIiIqLwYcBARERERERGR3mPAQURERERERER6jwEHEREREREREek9BhxEREREREREpPcYcBARERERERGR3mPAQURERERERER6jwEHEREREREREek9BhxEREREREREpPcYcBARERERERGR3mPAQURERERERER6jwEHEREREREREek9BhxEREREREREpPcYcBARERERERGR3mPAQURERERERER6jwEHEREREREREek9BhxEREREREREpPcYcBARERERERGR3mPAQURERERERER6T1rZDSB6nfj61kfnzp1gbWWt9brv3ruHQ4cO4fbtv7VeNxEREVFlcHZ2QmM/Pzg7O8PTyxPmcjkAQG4uR0pyilDuxo2biI6OxoU//sD16zcqq7lEFU4ikcDeviq8vbxhbi5XeTw5OQWR1yMRF/cIubm5ldDCVxsDjhKYmpqibds2cHJyhLWVNUQiERKeJCA29iF+/fU3pKWlVei5yyo3NxcZGRlaaYeBgQFkMpmwXZHPWZ95eNTC1CmTUbt2bUilEq3Xn5WVDTc3V3zxxUpERd0vd31GRkYqnxELCwskJydDoVAI+wwNDSEWi5Genq5U1tLSEk+fPlXaZ2ZmhqysTGRlZQv7pFIpTExMkJycrFTWUCZDZlZWuZ8HERER6RcvL0+EBPdHY//GcHZy1ugYf39/pe1jx4/j2NFjOBD2fUU0UeccHBwAAA8fPtTJ+fL/vs/Jzi7T32PNmzdDvbp1YW2dd1PvyZMnuHrtGs6fD0d2dnYJ...
&amp#27;[38;5;173m[d03cd4ba]&amp#27;[0m&amp#27;[38;5;86m[HTTP]&amp#27;[0m &amp#27;[37m<-- GET /session/d03cd4ba-917d-4e60-ab4c-c9b4c2db8de9/screenshot &amp#27;[39m&amp#27;[32m200&amp#27;[39m &amp#27;[90m730 ms - 158832&amp#27;[39m &amp#27;[90m&amp#27;[39m
&amp#27;[38;5;173m[d03cd4ba]&amp#27;[0m&amp#27;[38;5;86m[HTTP]&amp#27;[0m &amp#27;[37m-->&amp#27;[39m &amp#27;[37mGET&amp#27;[39m &amp#27;[37m/session/d03cd4ba-917d-4e60-ab4c-c9b4c2db8de9/context&amp#27;[39m &amp#27;[90m{}&amp#27;[39m
&amp#27;[38;5;173m[d03cd4ba]&amp#27;[0m&amp#27;[38;5;-83m[AndroidUiautomator2Driver@812a]&amp#27;[0m Calling AppiumDriver.getCurrentContext() with args: ["d03cd4ba-917d-4e60-ab4c-c9b4c2db8de9"]
&amp#27;[38;5;173m[d03cd4ba]&amp#27;[0m&amp#27;[38;5;-83m[AndroidUiautomator2Driver@812a]&amp#27;[0m Responding to client with driver.getCurrentContext() result: "NATIVE_APP"
&amp#27;[38;5;173m[d03cd4ba]&amp#27;[0m&amp#27;[38;5;86m[HTTP]&amp#27;[0m &amp#27;[37m<-- GET /session/d03cd4ba-917d-4e60-ab4c-c9b4c2db8de9/context &amp#27;[39m&amp#27;[32m200&amp#27;[39m &amp#27;[90m2 ms - 22&amp#27;[39m &amp#27;[90m&amp#27;[39m
&amp#27;[38;5;173m[d03cd4ba]&amp#27;[0m&amp#27;[38;5;86m[HTTP]&amp#27;[0m &amp#27;[37m-->&amp#27;[39m &amp#27;[37mPOST&amp#27;[39m &amp#27;[37m/session/d03cd4ba-917d-4e60-ab4c-c9b4c2db8de9/element&amp#27;[39m &amp#27;[90m{"using":"id","value":"com.kar.avx.uat.intune:id/search_button"}&amp#27;[39m
&amp#27;[38;5;173m[d03cd4ba]&amp#27;[0m&amp#27;[38;5;-83m[AndroidUiautomator2Driver@812a]&amp#27;[0m Calling AppiumDriver.findElement() with args: ["id","com.kar.avx.uat.intune:id/search_button","d03cd4ba-917d-4e60-ab4c-c9b4c2db8de9"]
&amp#27;[38;5;173m[d03cd4ba]&amp#27;[0m&amp#27;[38;5;-83m[AndroidUiautomator2Driver@812a]&amp#27;[0m Valid locator strategies for this request: xpath, id, class name, accessibility id, css selector, -android uiautomator
&amp#27;[38;5;173m[d03cd4ba]&amp#27;[0m&amp#27;[38;5;-83m[AndroidUiautomator2Driver@812a]&amp#27;[0m Waiting up to 15000 ms for condition
&amp#27;[38;5;173m[d03cd4ba]&amp#27;[0m&amp#27;[38;5;-83m[AndroidUiautomator2Driver@812a]&amp#27;[0m Matched '/element' to command name 'findElement'
&amp#27;[38;5;173m[d03cd4ba]&amp#27;[0m&amp#27;[38;5;-83m[AndroidUiautomator2Driver@812a]&amp#27;[0m Proxying [POST /element] to [POST http://127.0.0.1:8200/session/0d0864f9-c6d6-40fa-84f1-703b6e6cd58a/element] with body: {"strategy":"id","selector":"com.kar.avx.uat.intune:id/search_button","context":"","multiple":false}
&amp#27;[38;5;173m[d03cd4ba]&amp#27;[0m&amp#27;[38;5;-83m[AndroidUiautomator2Driver@812a]&amp#27;[0m Got response with status 404: {"sessionId":"0d0864f9-c6d6-40fa-84f1-703b6e6cd58a","value":{"error":"no such element","message":"An element could not be located on the page using the given search parameters","stacktrace":"io.appium.uiautomator2.common.exceptions.ElementNotFoundException: An element could not be located on the page using the given search parameters\n\tat io.appium.uiautomator2.handler.FindElement.safeHandle(FindElement.java:63)\n\tat io.appium.uiautomator2.handler.request.SafeRequestHandler.handle(SafeRequestHandler.java:59)\n\tat io.appium.uiautomator2.server.AppiumServlet.handleRequest(AppiumServlet.java:259)\n\tat io.appium.uiautomator2.server.AppiumServlet.handleHttpRequest(AppiumServlet.java:253)\n\tat io.appium.uiautomator2.http.ServerHandler.channelRead(ServerHandler.java:77)\n\tat io.netty.channel.AbstractChannelHandlerContext.invokeChannelRead(AbstractChannelHandlerContext.java:366)\n\tat io.netty.channel.AbstractChannelHandlerContext.invokeChannelRead(AbstractChannelHandlerContext.java:352)\n\tat io.netty.chann...
&amp#27;[38;5;173m[d03cd4ba]&amp#27;[0m&amp#27;[38;5;123m[W3C]&amp#27;[0m Matched W3C error code 'no such element' to NoSuchElementError
&amp#27;[38;5;173m[d03cd4ba]&amp#27;[0m&amp#27;[38;5;-83m[AndroidUiautomator2Driver@812a]&amp#27;[0m Waited for 147 ms so far
&amp#27;[38;5;173m[d03cd4ba]&amp#27;[0m&amp#27;[38;5;-83m[AndroidUiautomator2Driver@812a]&amp#27;[0m Matched '/element' to command name 'findElement'
&amp#27;[38;5;173m[d03cd4ba]&amp#27;[0m&amp#27;[38;5;-83m[AndroidUiautomator2Driver@812a]&amp#27;[0m Proxying [POST /element] to [POST http://127.0.0.1:8200/session/0d0864f9-c6d6-40fa-84f1-703b6e6cd58a/element] with body: {"strategy":"id","selector":"com.kar.avx.uat.intune:id/search_button","context":"","multiple":false}
&amp#27;[38;5;173m[d03cd4ba]&amp#27;[0m&amp#27;[38;5;-83m[AndroidUiautomator2Driver@812a]&amp#27;[0m Got response with status 404: {"sessionId":"0d0864f9-c6d6-40fa-84f1-703b6e6cd58a","value":{"error":"no such element","message":"An element could not be located on the page using the given search parameters","stacktrace":"io.appium.uiautomator2.common.exceptions.ElementNotFoundException: An element could not be located on the page using the given search parameters\n\tat io.appium.uiautomator2.handler.FindElement.safeHandle(FindElement.java:63)\n\tat io.appium.uiautomator2.handler.request.SafeRequestHandler.handle(SafeRequestHandler.java:59)\n\tat io.appium.uiautomator2.server.AppiumServlet.handleRequest(AppiumServlet.java:259)\n\tat io.appium.uiautomator2.server.AppiumServlet.handleHttpRequest(AppiumServlet.java:253)\n\tat io.appium.uiautomator2.http.ServerHandler.channelRead(ServerHandler.java:77)\n\tat io.netty.channel.AbstractChannelHandlerContext.invokeChannelRead(AbstractChannelHandlerContext.java:366)\n\tat io.netty.channel.AbstractChannelHandlerContext.invokeChannelRead(AbstractChannelHandlerContext.java:352)\n\tat io.netty.chann...
&amp#27;[38;5;173m[d03cd4ba]&amp#27;[0m&amp#27;[38;5;123m[W3C]&amp#27;[0m Matched W3C error code 'no such element' to NoSuchElementError
&amp#27;[38;5;173m[d03cd4ba]&amp#27;[0m&amp#27;[38;5;-83m[AndroidUiautomator2Driver@812a]&amp#27;[0m Waited for 1242 ms so far
&amp#27;[38;5;173m[d03cd4ba]&amp#27;[0m&amp#27;[38;5;-83m[AndroidUiautomator2Driver@812a]&amp#27;[0m Matched '/element' to command name 'findElement'
&amp#27;[38;5;173m[d03cd4ba]&amp#27;[0m&amp#27;[38;5;-83m[AndroidUiautomator2Driver@812a]&amp#27;[0m Proxying [POST /element] to [POST http://127.0.0.1:8200/session/0d0864f9-c6d6-40fa-84f1-703b6e6cd58a/element] with body: {"strategy":"id","selector":"com.kar.avx.uat.intune:id/search_button","context":"","multiple":false}
&amp#27;[38;5;173m[d03cd4ba]&amp#27;[0m&amp#27;[38;5;-83m[AndroidUiautomator2Driver@812a]&amp#27;[0m Got response with status 404: {"sessionId":"0d0864f9-c6d6-40fa-84f1-703b6e6cd58a","value":{"error":"no such element","message":"An element could not be located on the page using the given search parameters","stacktrace":"io.appium.uiautomator2.common.exceptions.ElementNotFoundException: An element could not be located on the page using the given search parameters\n\tat io.appium.uiautomator2.handler.FindElement.safeHandle(FindElement.java:63)\n\tat io.appium.uiautomator2.handler.request.SafeRequestHandler.handle(SafeRequestHandler.java:59)\n\tat io.appium.uiautomator2.server.AppiumServlet.handleRequest(AppiumServlet.java:259)\n\tat io.appium.uiautomator2.server.AppiumServlet.handleHttpRequest(AppiumServlet.java:253)\n\tat io.appium.uiautomator2.http.ServerHandler.channelRead(ServerHandler.java:77)\n\tat io.netty.channel.AbstractChannelHandlerContext.invokeChannelRead(AbstractChannelHandlerContext.java:366)\n\tat io.netty.channel.AbstractChannelHandlerContext.invokeChannelRead(AbstractChannelHandlerContext.java:352)\n\tat io.netty.chann...
&amp#27;[38;5;173m[d03cd4ba]&amp#27;[0m&amp#27;[38;5;123m[W3C]&amp#27;[0m Matched W3C error code 'no such element' to NoSuchElementError
&amp#27;[38;5;173m[d03cd4ba]&amp#27;[0m&amp#27;[38;5;-83m[AndroidUiautomator2Driver@812a]&amp#27;[0m Waited for 1929 ms so far
&amp#27;[38;5;173m[d03cd4ba]&amp#27;[0m&amp#27;[38;5;-83m[AndroidUiautomator2Driver@812a]&amp#27;[0m Matched '/element' to command name 'findElement'
&amp#27;[38;5;173m[d03cd4ba]&amp#27;[0m&amp#27;[38;5;-83m[AndroidUiautomator2Driver@812a]&amp#27;[0m Proxying [POST /element] to [POST http://127.0.0.1:8200/session/0d0864f9-c6d6-40fa-84f1-703b6e6cd58a/element] with body: {"strategy":"id","selector":"com.kar.avx.uat.intune:id/search_button","context":"","multiple":false}
&amp#27;[38;5;173m[d03cd4ba]&amp#27;[0m&amp#27;[38;5;-83m[AndroidUiautomator2Driver@812a]&amp#27;[0m Got response with status 404: {"sessionId":"0d0864f9-c6d6-40fa-84f1-703b6e6cd58a","value":{"error":"no such element","message":"An element could not be located on the page using the given search parameters","stacktrace":"io.appium.uiautomator2.common.exceptions.ElementNotFoundException: An element could not be located on the page using the given search parameters\n\tat io.appium.uiautomator2.handler.FindElement.safeHandle(FindElement.java:63)\n\tat io.appium.uiautomator2.handler.request.SafeRequestHandler.handle(SafeRequestHandler.java:59)\n\tat io.appium.uiautomator2.server.AppiumServlet.handleRequest(AppiumServlet.java:259)\n\tat io.appium.uiautomator2.server.AppiumServlet.handleHttpRequest(AppiumServlet.java:253)\n\tat io.appium.uiautomator2.http.ServerHandler.channelRead(ServerHandler.java:77)\n\tat io.netty.channel.AbstractChannelHandlerContext.invokeChannelRead(AbstractChannelHandlerContext.java:366)\n\tat io.netty.channel.AbstractChannelHandlerContext.invokeChannelRead(AbstractChannelHandlerContext.java:352)\n\tat io.netty.chann...
&amp#27;[38;5;173m[d03cd4ba]&amp#27;[0m&amp#27;[38;5;123m[W3C]&amp#27;[0m Matched W3C error code 'no such element' to NoSuchElementError
&amp#27;[38;5;173m[d03cd4ba]&amp#27;[0m&amp#27;[38;5;-83m[AndroidUiautomator2Driver@812a]&amp#27;[0m Waited for 4237 ms so far
&amp#27;[38;5;173m[d03cd4ba]&amp#27;[0m&amp#27;[38;5;-83m[AndroidUiautomator2Driver@812a]&amp#27;[0m Matched '/element' to command name 'findElement'
&amp#27;[38;5;173m[d03cd4ba]&amp#27;[0m&amp#27;[38;5;-83m[AndroidUiautomator2Driver@812a]&amp#27;[0m Proxying [POST /element] to [POST http://127.0.0.1:8200/session/0d0864f9-c6d6-40fa-84f1-703b6e6cd58a/element] with body: {"strategy":"id","selector":"com.kar.avx.uat.intune:id/search_button","context":"","multiple":false}
&amp#27;[38;5;173m[d03cd4ba]&amp#27;[0m&amp#27;[38;5;-83m[AndroidUiautomator2Driver@812a]&amp#27;[0m Got response with status 404: {"sessionId":"0d0864f9-c6d6-40fa-84f1-703b6e6cd58a","value":{"error":"no such element","message":"An element could not be located on the page using the given search parameters","stacktrace":"io.appium.uiautomator2.common.exceptions.ElementNotFoundException: An element could not be located on the page using the given search parameters\n\tat io.appium.uiautomator2.handler.FindElement.safeHandle(FindElement.java:63)\n\tat io.appium.uiautomator2.handler.request.SafeRequestHandler.handle(SafeRequestHandler.java:59)\n\tat io.appium.uiautomator2.server.AppiumServlet.handleRequest(AppiumServlet.java:259)\n\tat io.appium.uiautomator2.server.AppiumServlet.handleHttpRequest(AppiumServlet.java:253)\n\tat io.appium.uiautomator2.http.ServerHandler.channelRead(ServerHandler.java:77)\n\tat io.netty.channel.AbstractChannelHandlerContext.invokeChannelRead(AbstractChannelHandlerContext.java:366)\n\tat io.netty.channel.AbstractChannelHandlerContext.invokeChannelRead(AbstractChannelHandlerContext.java:352)\n\tat io.netty.chann...
&amp#27;[38;5;173m[d03cd4ba]&amp#27;[0m&amp#27;[38;5;123m[W3C]&amp#27;[0m Matched W3C error code 'no such element' to NoSuchElementError
&amp#27;[38;5;173m[d03cd4ba]&amp#27;[0m&amp#27;[38;5;-83m[AndroidUiautomator2Driver@812a]&amp#27;[0m Waited for 4846 ms so far
&amp#27;[38;5;173m[d03cd4ba]&amp#27;[0m&amp#27;[38;5;-83m[AndroidUiautomator2Driver@812a]&amp#27;[0m Matched '/element' to command name 'findElement'
&amp#27;[38;5;173m[d03cd4ba]&amp#27;[0m&amp#27;[38;5;-83m[AndroidUiautomator2Driver@812a]&amp#27;[0m Proxying [POST /element] to [POST http://127.0.0.1:8200/session/0d0864f9-c6d6-40fa-84f1-703b6e6cd58a/element] with body: {"strategy":"id","selector":"com.kar.avx.uat.intune:id/search_button","context":"","multiple":false}
&amp#27;[38;5;173m[d03cd4ba]&amp#27;[0m&amp#27;[38;5;-83m[AndroidUiautomator2Driver@812a]&amp#27;[0m Got response with status 404: {"sessionId":"0d0864f9-c6d6-40fa-84f1-703b6e6cd58a","value":{"error":"no such element","message":"An element could not be located on the page using the given search parameters","stacktrace":"io.appium.uiautomator2.common.exceptions.ElementNotFoundException: An element could not be located on the page using the given search parameters\n\tat io.appium.uiautomator2.handler.FindElement.safeHandle(FindElement.java:63)\n\tat io.appium.uiautomator2.handler.request.SafeRequestHandler.handle(SafeRequestHandler.java:59)\n\tat io.appium.uiautomator2.server.AppiumServlet.handleRequest(AppiumServlet.java:259)\n\tat io.appium.uiautomator2.server.AppiumServlet.handleHttpRequest(AppiumServlet.java:253)\n\tat io.appium.uiautomator2.http.ServerHandler.channelRead(ServerHandler.java:77)\n\tat io.netty.channel.AbstractChannelHandlerContext.invokeChannelRead(AbstractChannelHandlerContext.java:366)\n\tat io.netty.channel.AbstractChannelHandlerContext.invokeChannelRead(AbstractChannelHandlerContext.java:352)\n\tat io.netty.chann...
&amp#27;[38;5;173m[d03cd4ba]&amp#27;[0m&amp#27;[38;5;123m[W3C]&amp#27;[0m Matched W3C error code 'no such element' to NoSuchElementError
&amp#27;[38;5;173m[d03cd4ba]&amp#27;[0m&amp#27;[38;5;-83m[AndroidUiautomator2Driver@812a]&amp#27;[0m Waited for 5425 ms so far
&amp#27;[38;5;173m[d03cd4ba]&amp#27;[0m&amp#27;[38;5;-83m[AndroidUiautomator2Driver@812a]&amp#27;[0m Matched '/element' to command name 'findElement'
&amp#27;[38;5;173m[d03cd4ba]&amp#27;[0m&amp#27;[38;5;-83m[AndroidUiautomator2Driver@812a]&amp#27;[0m Proxying [POST /element] to [POST http://127.0.0.1:8200/session/0d0864f9-c6d6-40fa-84f1-703b6e6cd58a/element] with body: {"strategy":"id","selector":"com.kar.avx.uat.intune:id/search_button","context":"","multiple":false}
&amp#27;[38;5;173m[d03cd4ba]&amp#27;[0m&amp#27;[38;5;-83m[AndroidUiautomator2Driver@812a]&amp#27;[0m Got response with status 404: {"sessionId":"0d0864f9-c6d6-40fa-84f1-703b6e6cd58a","value":{"error":"no such element","message":"An element could not be located on the page using the given search parameters","stacktrace":"io.appium.uiautomator2.common.exceptions.ElementNotFoundException: An element could not be located on the page using the given search parameters\n\tat io.appium.uiautomator2.handler.FindElement.safeHandle(FindElement.java:63)\n\tat io.appium.uiautomator2.handler.request.SafeRequestHandler.handle(SafeRequestHandler.java:59)\n\tat io.appium.uiautomator2.server.AppiumServlet.handleRequest(AppiumServlet.java:259)\n\tat io.appium.uiautomator2.server.AppiumServlet.handleHttpRequest(AppiumServlet.java:253)\n\tat io.appium.uiautomator2.http.ServerHandler.channelRead(ServerHandler.java:77)\n\tat io.netty.channel.AbstractChannelHandlerContext.invokeChannelRead(AbstractChannelHandlerContext.java:366)\n\tat io.netty.channel.AbstractChannelHandlerContext.invokeChannelRead(AbstractChannelHandlerContext.java:352)\n\tat io.netty.chann...
&amp#27;[38;5;173m[d03cd4ba]&amp#27;[0m&amp#27;[38;5;123m[W3C]&amp#27;[0m Matched W3C error code 'no such element' to NoSuchElementError
&amp#27;[38;5;173m[d03cd4ba]&amp#27;[0m&amp#27;[38;5;-83m[AndroidUiautomator2Driver@812a]&amp#27;[0m Waited for 6006 ms so far
&amp#27;[38;5;173m[d03cd4ba]&amp#27;[0m&amp#27;[38;5;-83m[AndroidUiautomator2Driver@812a]&amp#27;[0m Matched '/element' to command name 'findElement'
&amp#27;[38;5;173m[d03cd4ba]&amp#27;[0m&amp#27;[38;5;-83m[AndroidUiautomator2Driver@812a]&amp#27;[0m Proxying [POST /element] to [POST http://127.0.0.1:8200/session/0d0864f9-c6d6-40fa-84f1-703b6e6cd58a/element] with body: {"strategy":"id","selector":"com.kar.avx.uat.intune:id/search_button","context":"","multiple":false}
&amp#27;[38;5;173m[d03cd4ba]&amp#27;[0m&amp#27;[38;5;-83m[AndroidUiautomator2Driver@812a]&amp#27;[0m Got response with status 404: {"sessionId":"0d0864f9-c6d6-40fa-84f1-703b6e6cd58a","value":{"error":"no such element","message":"An element could not be located on the page using the given search parameters","stacktrace":"io.appium.uiautomator2.common.exceptions.ElementNotFoundException: An element could not be located on the page using the given search parameters\n\tat io.appium.uiautomator2.handler.FindElement.safeHandle(FindElement.java:63)\n\tat io.appium.uiautomator2.handler.request.SafeRequestHandler.handle(SafeRequestHandler.java:59)\n\tat io.appium.uiautomator2.server.AppiumServlet.handleRequest(AppiumServlet.java:259)\n\tat io.appium.uiautomator2.server.AppiumServlet.handleHttpRequest(AppiumServlet.java:253)\n\tat io.appium.uiautomator2.http.ServerHandler.channelRead(ServerHandler.java:77)\n\tat io.netty.channel.AbstractChannelHandlerContext.invokeChannelRead(AbstractChannelHandlerContext.java:366)\n\tat io.netty.channel.AbstractChannelHandlerContext.invokeChannelRead(AbstractChannelHandlerContext.java:352)\n\tat io.netty.chann...
&amp#27;[38;5;173m[d03cd4ba]&amp#27;[0m&amp#27;[38;5;123m[W3C]&amp#27;[0m Matched W3C error code 'no such element' to NoSuchElementError
&amp#27;[38;5;173m[d03cd4ba]&amp#27;[0m&amp#27;[38;5;-83m[AndroidUiautomator2Driver@812a]&amp#27;[0m Waited for 6571 ms so far
&amp#27;[38;5;173m[d03cd4ba]&amp#27;[0m&amp#27;[38;5;-83m[AndroidUiautomator2Driver@812a]&amp#27;[0m Matched '/element' to command name 'findElement'
&amp#27;[38;5;173m[d03cd4ba]&amp#27;[0m&amp#27;[38;5;-83m[AndroidUiautomator2Driver@812a]&amp#27;[0m Proxying [POST /element] to [POST http://127.0.0.1:8200/session/0d0864f9-c6d6-40fa-84f1-703b6e6cd58a/element] with body: {"strategy":"id","selector":"com.kar.avx.uat.intune:id/search_button","context":"","multiple":false}
&amp#27;[38;5;173m[d03cd4ba]&amp#27;[0m&amp#27;[38;5;-83m[AndroidUiautomator2Driver@812a]&amp#27;[0m Got response with status 404: {"sessionId":"0d0864f9-c6d6-40fa-84f1-703b6e6cd58a","value":{"error":"no such element","message":"An element could not be located on the page using the given search parameters","stacktrace":"io.appium.uiautomator2.common.exceptions.ElementNotFoundException: An element could not be located on the page using the given search parameters\n\tat io.appium.uiautomator2.handler.FindElement.safeHandle(FindElement.java:63)\n\tat io.appium.uiautomator2.handler.request.SafeRequestHandler.handle(SafeRequestHandler.java:59)\n\tat io.appium.uiautomator2.server.AppiumServlet.handleRequest(AppiumServlet.java:259)\n\tat io.appium.uiautomator2.server.AppiumServlet.handleHttpRequest(AppiumServlet.java:253)\n\tat io.appium.uiautomator2.http.ServerHandler.channelRead(ServerHandler.java:77)\n\tat io.netty.channel.AbstractChannelHandlerContext.invokeChannelRead(AbstractChannelHandlerContext.java:366)\n\tat io.netty.channel.AbstractChannelHandlerContext.invokeChannelRead(AbstractChannelHandlerContext.java:352)\n\tat io.netty.chann...
&amp#27;[38;5;173m[d03cd4ba]&amp#27;[0m&amp#27;[38;5;123m[W3C]&amp#27;[0m Matched W3C error code 'no such element' to NoSuchElementError
&amp#27;[38;5;173m[d03cd4ba]&amp#27;[0m&amp#27;[38;5;-83m[AndroidUiautomator2Driver@812a]&amp#27;[0m Waited for 7157 ms so far
&amp#27;[38;5;173m[d03cd4ba]&amp#27;[0m&amp#27;[38;5;-83m[AndroidUiautomator2Driver@812a]&amp#27;[0m Matched '/element' to command name 'findElement'
&amp#27;[38;5;173m[d03cd4ba]&amp#27;[0m&amp#27;[38;5;-83m[AndroidUiautomator2Driver@812a]&amp#27;[0m Proxying [POST /element] to [POST http://127.0.0.1:8200/session/0d0864f9-c6d6-40fa-84f1-703b6e6cd58a/element] with body: {"strategy":"id","selector":"com.kar.avx.uat.intune:id/search_button","context":"","multiple":false}
&amp#27;[38;5;173m[d03cd4ba]&amp#27;[0m&amp#27;[38;5;-83m[AndroidUiautomator2Driver@812a]&amp#27;[0m Got response with status 404: {"sessionId":"0d0864f9-c6d6-40fa-84f1-703b6e6cd58a","value":{"error":"no such element","message":"An element could not be located on the page using the given search parameters","stacktrace":"io.appium.uiautomator2.common.exceptions.ElementNotFoundException: An element could not be located on the page using the given search parameters\n\tat io.appium.uiautomator2.handler.FindElement.safeHandle(FindElement.java:63)\n\tat io.appium.uiautomator2.handler.request.SafeRequestHandler.handle(SafeRequestHandler.java:59)\n\tat io.appium.uiautomator2.server.AppiumServlet.handleRequest(AppiumServlet.java:259)\n\tat io.appium.uiautomator2.server.AppiumServlet.handleHttpRequest(AppiumServlet.java:253)\n\tat io.appium.uiautomator2.http.ServerHandler.channelRead(ServerHandler.java:77)\n\tat io.netty.channel.AbstractChannelHandlerContext.invokeChannelRead(AbstractChannelHandlerContext.java:366)\n\tat io.netty.channel.AbstractChannelHandlerContext.invokeChannelRead(AbstractChannelHandlerContext.java:352)\n\tat io.netty.chann...
&amp#27;[38;5;173m[d03cd4ba]&amp#27;[0m&amp#27;[38;5;123m[W3C]&amp#27;[0m Matched W3C error code 'no such element' to NoSuchElementError
&amp#27;[38;5;173m[d03cd4ba]&amp#27;[0m&amp#27;[38;5;-83m[AndroidUiautomator2Driver@812a]&amp#27;[0m Waited for 7696 ms so far
&amp#27;[38;5;173m[d03cd4ba]&amp#27;[0m&amp#27;[38;5;-83m[AndroidUiautomator2Driver@812a]&amp#27;[0m Matched '/element' to command name 'findElement'
&amp#27;[38;5;173m[d03cd4ba]&amp#27;[0m&amp#27;[38;5;-83m[AndroidUiautomator2Driver@812a]&amp#27;[0m Proxying [POST /element] to [POST http://127.0.0.1:8200/session/0d0864f9-c6d6-40fa-84f1-703b6e6cd58a/element] with body: {"strategy":"id","selector":"com.kar.avx.uat.intune:id/search_button","context":"","multiple":false}
&amp#27;[38;5;173m[d03cd4ba]&amp#27;[0m&amp#27;[38;5;-83m[AndroidUiautomator2Driver@812a]&amp#27;[0m Got response with status 404: {"sessionId":"0d0864f9-c6d6-40fa-84f1-703b6e6cd58a","value":{"error":"no such element","message":"An element could not be located on the page using the given search parameters","stacktrace":"io.appium.uiautomator2.common.exceptions.ElementNotFoundException: An element could not be located on the page using the given search parameters\n\tat io.appium.uiautomator2.handler.FindElement.safeHandle(FindElement.java:63)\n\tat io.appium.uiautomator2.handler.request.SafeRequestHandler.handle(SafeRequestHandler.java:59)\n\tat io.appium.uiautomator2.server.AppiumServlet.handleRequest(AppiumServlet.java:259)\n\tat io.appium.uiautomator2.server.AppiumServlet.handleHttpRequest(AppiumServlet.java:253)\n\tat io.appium.uiautomator2.http.ServerHandler.channelRead(ServerHandler.java:77)\n\tat io.netty.channel.AbstractChannelHandlerContext.invokeChannelRead(AbstractChannelHandlerContext.java:366)\n\tat io.netty.channel.AbstractChannelHandlerContext.invokeChannelRead(AbstractChannelHandlerContext.java:352)\n\tat io.netty.chann...
&amp#27;[38;5;173m[d03cd4ba]&amp#27;[0m&amp#27;[38;5;123m[W3C]&amp#27;[0m Matched W3C error code 'no such element' to NoSuchElementError
&amp#27;[38;5;173m[d03cd4ba]&amp#27;[0m&amp#27;[38;5;-83m[AndroidUiautomator2Driver@812a]&amp#27;[0m Waited for 8269 ms so far
&amp#27;[38;5;173m[d03cd4ba]&amp#27;[0m&amp#27;[38;5;-83m[AndroidUiautomator2Driver@812a]&amp#27;[0m Matched '/element' to command name 'findElement'
&amp#27;[38;5;173m[d03cd4ba]&amp#27;[0m&amp#27;[38;5;-83m[AndroidUiautomator2Driver@812a]&amp#27;[0m Proxying [POST /element] to [POST http://127.0.0.1:8200/session/0d0864f9-c6d6-40fa-84f1-703b6e6cd58a/element] with body: {"strategy":"id","selector":"com.kar.avx.uat.intune:id/search_button","context":"","multiple":false}
&amp#27;[38;5;173m[d03cd4ba]&amp#27;[0m&amp#27;[38;5;-83m[AndroidUiautomator2Driver@812a]&amp#27;[0m Got response with status 404: {"sessionId":"0d0864f9-c6d6-40fa-84f1-703b6e6cd58a","value":{"error":"no such element","message":"An element could not be located on the page using the given search parameters","stacktrace":"io.appium.uiautomator2.common.exceptions.ElementNotFoundException: An element could not be located on the page using the given search parameters\n\tat io.appium.uiautomator2.handler.FindElement.safeHandle(FindElement.java:63)\n\tat io.appium.uiautomator2.handler.request.SafeRequestHandler.handle(SafeRequestHandler.java:59)\n\tat io.appium.uiautomator2.server.AppiumServlet.handleRequest(AppiumServlet.java:259)\n\tat io.appium.uiautomator2.server.AppiumServlet.handleHttpRequest(AppiumServlet.java:253)\n\tat io.appium.uiautomator2.http.ServerHandler.channelRead(ServerHandler.java:77)\n\tat io.netty.channel.AbstractChannelHandlerContext.invokeChannelRead(AbstractChannelHandlerContext.java:366)\n\tat io.netty.channel.AbstractChannelHandlerContext.invokeChannelRead(AbstractChannelHandlerContext.java:352)\n\tat io.netty.chann...
&amp#27;[38;5;173m[d03cd4ba]&amp#27;[0m&amp#27;[38;5;123m[W3C]&amp#27;[0m Matched W3C error code 'no such element' to NoSuchElementError
&amp#27;[38;5;173m[d03cd4ba]&amp#27;[0m&amp#27;[38;5;-83m[AndroidUiautomator2Driver@812a]&amp#27;[0m Waited for 8840 ms so far
&amp#27;[38;5;173m[d03cd4ba]&amp#27;[0m&amp#27;[38;5;-83m[AndroidUiautomator2Driver@812a]&amp#27;[0m Matched '/element' to command name 'findElement'
&amp#27;[38;5;173m[d03cd4ba]&amp#27;[0m&amp#27;[38;5;-83m[AndroidUiautomator2Driver@812a]&amp#27;[0m Proxying [POST /element] to [POST http://127.0.0.1:8200/session/0d0864f9-c6d6-40fa-84f1-703b6e6cd58a/element] with body: {"strategy":"id","selector":"com.kar.avx.uat.intune:id/search_button","context":"","multiple":false}
&amp#27;[38;5;173m[d03cd4ba]&amp#27;[0m&amp#27;[38;5;-83m[AndroidUiautomator2Driver@812a]&amp#27;[0m Got response with status 404: {"sessionId":"0d0864f9-c6d6-40fa-84f1-703b6e6cd58a","value":{"error":"no such element","message":"An element could not be located on the page using the given search parameters","stacktrace":"io.appium.uiautomator2.common.exceptions.ElementNotFoundException: An element could not be located on the page using the given search parameters\n\tat io.appium.uiautomator2.handler.FindElement.safeHandle(FindElement.java:63)\n\tat io.appium.uiautomator2.handler.request.SafeRequestHandler.handle(SafeRequestHandler.java:59)\n\tat io.appium.uiautomator2.server.AppiumServlet.handleRequest(AppiumServlet.java:259)\n\tat io.appium.uiautomator2.server.AppiumServlet.handleHttpRequest(AppiumServlet.java:253)\n\tat io.appium.uiautomator2.http.ServerHandler.channelRead(ServerHandler.java:77)\n\tat io.netty.channel.AbstractChannelHandlerContext.invokeChannelRead(AbstractChannelHandlerContext.java:366)\n\tat io.netty.channel.AbstractChannelHandlerContext.invokeChannelRead(AbstractChannelHandlerContext.java:352)\n\tat io.netty.chann...
&amp#27;[38;5;173m[d03cd4ba]&amp#27;[0m&amp#27;[38;5;123m[W3C]&amp#27;[0m Matched W3C error code 'no such element' to NoSuchElementError
&amp#27;[38;5;173m[d03cd4ba]&amp#27;[0m&amp#27;[38;5;-83m[AndroidUiautomator2Driver@812a]&amp#27;[0m Waited for 9469 ms so far
&amp#27;[38;5;173m[d03cd4ba]&amp#27;[0m&amp#27;[38;5;-83m[AndroidUiautomator2Driver@812a]&amp#27;[0m Matched '/element' to command name 'findElement'
&amp#27;[38;5;173m[d03cd4ba]&amp#27;[0m&amp#27;[38;5;-83m[AndroidUiautomator2Driver@812a]&amp#27;[0m Proxying [POST /element] to [POST http://127.0.0.1:8200/session/0d0864f9-c6d6-40fa-84f1-703b6e6cd58a/element] with body: {"strategy":"id","selector":"com.kar.avx.uat.intune:id/search_button","context":"","multiple":false}
&amp#27;[38;5;173m[d03cd4ba]&amp#27;[0m&amp#27;[38;5;-83m[AndroidUiautomator2Driver@812a]&amp#27;[0m Got response with status 404: {"sessionId":"0d0864f9-c6d6-40fa-84f1-703b6e6cd58a","value":{"error":"no such element","message":"An element could not be located on the page using the given search parameters","stacktrace":"io.appium.uiautomator2.common.exceptions.ElementNotFoundException: An element could not be located on the page using the given search parameters\n\tat io.appium.uiautomator2.handler.FindElement.safeHandle(FindElement.java:63)\n\tat io.appium.uiautomator2.handler.request.SafeRequestHandler.handle(SafeRequestHandler.java:59)\n\tat io.appium.uiautomator2.server.AppiumServlet.handleRequest(AppiumServlet.java:259)\n\tat io.appium.uiautomator2.server.AppiumServlet.handleHttpRequest(AppiumServlet.java:253)\n\tat io.appium.uiautomator2.http.ServerHandler.channelRead(ServerHandler.java:77)\n\tat io.netty.channel.AbstractChannelHandlerContext.invokeChannelRead(AbstractChannelHandlerContext.java:366)\n\tat io.netty.channel.AbstractChannelHandlerContext.invokeChannelRead(AbstractChannelHandlerContext.java:352)\n\tat io.netty.chann...
&amp#27;[38;5;173m[d03cd4ba]&amp#27;[0m&amp#27;[38;5;123m[W3C]&amp#27;[0m Matched W3C error code 'no such element' to NoSuchElementError
&amp#27;[38;5;173m[d03cd4ba]&amp#27;[0m&amp#27;[38;5;-83m[AndroidUiautomator2Driver@812a]&amp#27;[0m Waited for 10041 ms so far
&amp#27;[38;5;173m[d03cd4ba]&amp#27;[0m&amp#27;[38;5;-83m[AndroidUiautomator2Driver@812a]&amp#27;[0m Matched '/element' to command name 'findElement'
&amp#27;[38;5;173m[d03cd4ba]&amp#27;[0m&amp#27;[38;5;-83m[AndroidUiautomator2Driver@812a]&amp#27;[0m Proxying [POST /element] to [POST http://127.0.0.1:8200/session/0d0864f9-c6d6-40fa-84f1-703b6e6cd58a/element] with body: {"strategy":"id","selector":"com.kar.avx.uat.intune:id/search_button","context":"","multiple":false}
&amp#27;[38;5;173m[d03cd4ba]&amp#27;[0m&amp#27;[38;5;-83m[AndroidUiautomator2Driver@812a]&amp#27;[0m Got response with status 404: {"sessionId":"0d0864f9-c6d6-40fa-84f1-703b6e6cd58a","value":{"error":"no such element","message":"An element could not be located on the page using the given search parameters","stacktrace":"io.appium.uiautomator2.common.exceptions.ElementNotFoundException: An element could not be located on the page using the given search parameters\n\tat io.appium.uiautomator2.handler.FindElement.safeHandle(FindElement.java:63)\n\tat io.appium.uiautomator2.handler.request.SafeRequestHandler.handle(SafeRequestHandler.java:59)\n\tat io.appium.uiautomator2.server.AppiumServlet.handleRequest(AppiumServlet.java:259)\n\tat io.appium.uiautomator2.server.AppiumServlet.handleHttpRequest(AppiumServlet.java:253)\n\tat io.appium.uiautomator2.http.ServerHandler.channelRead(ServerHandler.java:77)\n\tat io.netty.channel.AbstractChannelHandlerContext.invokeChannelRead(AbstractChannelHandlerContext.java:366)\n\tat io.netty.channel.AbstractChannelHandlerContext.invokeChannelRead(AbstractChannelHandlerContext.java:352)\n\tat io.netty.chann...
&amp#27;[38;5;173m[d03cd4ba]&amp#27;[0m&amp#27;[38;5;123m[W3C]&amp#27;[0m Matched W3C error code 'no such element' to NoSuchElementError
&amp#27;[38;5;173m[d03cd4ba]&amp#27;[0m&amp#27;[38;5;-83m[AndroidUiautomator2Driver@812a]&amp#27;[0m Waited for 10627 ms so far
&amp#27;[38;5;173m[d03cd4ba]&amp#27;[0m&amp#27;[38;5;-83m[AndroidUiautomator2Driver@812a]&amp#27;[0m Matched '/element' to command name 'findElement'
&amp#27;[38;5;173m[d03cd4ba]&amp#27;[0m&amp#27;[38;5;-83m[AndroidUiautomator2Driver@812a]&amp#27;[0m Proxying [POST /element] to [POST http://127.0.0.1:8200/session/0d0864f9-c6d6-40fa-84f1-703b6e6cd58a/element] with body: {"strategy":"id","selector":"com.kar.avx.uat.intune:id/search_button","context":"","multiple":false}
&amp#27;[38;5;173m[d03cd4ba]&amp#27;[0m&amp#27;[38;5;-83m[AndroidUiautomator2Driver@812a]&amp#27;[0m Got response with status 200: {"sessionId":"0d0864f9-c6d6-40fa-84f1-703b6e6cd58a","value":{"ELEMENT":"00000000-0000-0225-ffff-ffff0000003d","element-6066-11e4-a52e-4f735466cecf":"00000000-0000-0225-ffff-ffff0000003d"}}
&amp#27;[38;5;173m[d03cd4ba]&amp#27;[0m&amp#27;[38;5;-83m[AndroidUiautomator2Driver@812a]&amp#27;[0m Responding to client with driver.findElement() result: {"element-6066-11e4-a52e-4f735466cecf":"00000000-0000-0225-ffff-ffff0000003d","ELEMENT":"00000000-0000-0225-ffff-ffff0000003d"}
&amp#27;[38;5;173m[d03cd4ba]&amp#27;[0m&amp#27;[38;5;86m[HTTP]&amp#27;[0m &amp#27;[37m<-- POST /session/d03cd4ba-917d-4e60-ab4c-c9b4c2db8de9/element &amp#27;[39m&amp#27;[32m200&amp#27;[39m &amp#27;[90m12653 ms - 137&amp#27;[39m &amp#27;[90m&amp#27;[39m
&amp#27;[38;5;173m[d03cd4ba]&amp#27;[0m&amp#27;[38;5;86m[HTTP]&amp#27;[0m &amp#27;[37m-->&amp#27;[39m &amp#27;[37mGET&amp#27;[39m &amp#27;[37m/session/d03cd4ba-917d-4e60-ab4c-c9b4c2db8de9/element/00000000-0000-0225-ffff-ffff0000003d/displayed&amp#27;[39m &amp#27;[90m{}&amp#27;[39m
&amp#27;[38;5;173m[d03cd4ba]&amp#27;[0m&amp#27;[38;5;-83m[AndroidUiautomator2Driver@812a]&amp#27;[0m Calling AppiumDriver.elementDisplayed() with args: ["00000000-0000-0225-ffff-ffff0000003d","d03cd4ba-917d-4e60-ab4c-c9b4c2db8de9"]
&amp#27;[38;5;173m[d03cd4ba]&amp#27;[0m&amp#27;[38;5;-83m[AndroidUiautomator2Driver@812a]&amp#27;[0m Matched '/element/00000000-0000-0225-ffff-ffff0000003d/attribute/displayed' to command name 'getAttribute'
&amp#27;[38;5;173m[d03cd4ba]&amp#27;[0m&amp#27;[38;5;-83m[AndroidUiautomator2Driver@812a]&amp#27;[0m Proxying [GET /element/00000000-0000-0225-ffff-ffff0000003d/attribute/displayed] to [GET http://127.0.0.1:8200/session/0d0864f9-c6d6-40fa-84f1-703b6e6cd58a/element/00000000-0000-0225-ffff-ffff0000003d/attribute/displayed] with no body
&amp#27;[38;5;173m[d03cd4ba]&amp#27;[0m&amp#27;[38;5;-83m[AndroidUiautomator2Driver@812a]&amp#27;[0m Got response with status 200: {"sessionId":"0d0864f9-c6d6-40fa-84f1-703b6e6cd58a","value":"true"}
&amp#27;[38;5;173m[d03cd4ba]&amp#27;[0m&amp#27;[38;5;-83m[AndroidUiautomator2Driver@812a]&amp#27;[0m Responding to client with driver.elementDisplayed() result: true
&amp#27;[38;5;173m[d03cd4ba]&amp#27;[0m&amp#27;[38;5;86m[HTTP]&amp#27;[0m &amp#27;[37m<-- GET /session/d03cd4ba-917d-4e60-ab4c-c9b4c2db8de9/element/00000000-0000-0225-ffff-ffff0000003d/displayed &amp#27;[39m&amp#27;[32m200&amp#27;[39m &amp#27;[90m35 ms - 14&amp#27;[39m &amp#27;[90m&amp#27;[39m
&amp#27;[38;5;173m[d03cd4ba]&amp#27;[0m&amp#27;[38;5;86m[HTTP]&amp#27;[0m &amp#27;[37m-->&amp#27;[39m &amp#27;[37mGET&amp#27;[39m &amp#27;[37m/session/d03cd4ba-917d-4e60-ab4c-c9b4c2db8de9/context&amp#27;[39m &amp#27;[90m{}&amp#27;[39m
&amp#27;[38;5;173m[d03cd4ba]&amp#27;[0m&amp#27;[38;5;-83m[AndroidUiautomator2Driver@812a]&amp#27;[0m Calling AppiumDriver.getCurrentContext() with args: ["d03cd4ba-917d-4e60-ab4c-c9b4c2db8de9"]
&amp#27;[38;5;173m[d03cd4ba]&amp#27;[0m&amp#27;[38;5;-83m[AndroidUiautomator2Driver@812a]&amp#27;[0m Responding to client with driver.getCurrentContext() result: "NATIVE_APP"
&amp#27;[38;5;173m[d03cd4ba]&amp#27;[0m&amp#27;[38;5;86m[HTTP]&amp#27;[0m &amp#27;[37m<-- GET /session/d03cd4ba-917d-4e60-ab4c-c9b4c2db8de9/context &amp#27;[39m&amp#27;[32m200&amp#27;[39m &amp#27;[90m1 ms - 22&amp#27;[39m &amp#27;[90m&amp#27;[39m
&amp#27;[38;5;173m[d03cd4ba]&amp#27;[0m&amp#27;[38;5;86m[HTTP]&amp#27;[0m &amp#27;[37m-->&amp#27;[39m &amp#27;[37mPOST&amp#27;[39m &amp#27;[37m/session/d03cd4ba-917d-4e60-ab4c-c9b4c2db8de9/element&amp#27;[39m &amp#27;[90m{"using":"id","value":"com.kar.avx.uat.intune:id/overflow"}&amp#27;[39m
&amp#27;[38;5;173m[d03cd4ba]&amp#27;[0m&amp#27;[38;5;-83m[AndroidUiautomator2Driver@812a]&amp#27;[0m Calling AppiumDriver.findElement() with args: ["id","com.kar.avx.uat.intune:id/overflow","d03cd4ba-917d-4e60-ab4c-c9b4c2db8de9"]
&amp#27;[38;5;173m[d03cd4ba]&amp#27;[0m&amp#27;[38;5;-83m[AndroidUiautomator2Driver@812a]&amp#27;[0m Valid locator strategies for this request: xpath, id, class name, accessibility id, css selector, -android uiautomator
&amp#27;[38;5;173m[d03cd4ba]&amp#27;[0m&amp#27;[38;5;-83m[AndroidUiautomator2Driver@812a]&amp#27;[0m Waiting up to 15000 ms for condition
&amp#27;[38;5;173m[d03cd4ba]&amp#27;[0m&amp#27;[38;5;-83m[AndroidUiautomator2Driver@812a]&amp#27;[0m Matched '/element' to command name 'findElement'
&amp#27;[38;5;173m[d03cd4ba]&amp#27;[0m&amp#27;[38;5;-83m[AndroidUiautomator2Driver@812a]&amp#27;[0m Proxying [POST /element] to [POST http://127.0.0.1:8200/session/0d0864f9-c6d6-40fa-84f1-703b6e6cd58a/element] with body: {"strategy":"id","selector":"com.kar.avx.uat.intune:id/overflow","context":"","multiple":false}
&amp#27;[38;5;173m[d03cd4ba]&amp#27;[0m&amp#27;[38;5;-83m[AndroidUiautomator2Driver@812a]&amp#27;[0m Got response with status 200: {"sessionId":"0d0864f9-c6d6-40fa-84f1-703b6e6cd58a","value":{"ELEMENT":"00000000-0000-0225-ffff-ffff0000003e","element-6066-11e4-a52e-4f735466cecf":"00000000-0000-0225-ffff-ffff0000003e"}}
&amp#27;[38;5;173m[d03cd4ba]&amp#27;[0m&amp#27;[38;5;-83m[AndroidUiautomator2Driver@812a]&amp#27;[0m Responding to client with driver.findElement() result: {"element-6066-11e4-a52e-4f735466cecf":"00000000-0000-0225-ffff-ffff0000003e","ELEMENT":"00000000-0000-0225-ffff-ffff0000003e"}
&amp#27;[38;5;173m[d03cd4ba]&amp#27;[0m&amp#27;[38;5;86m[HTTP]&amp#27;[0m &amp#27;[37m<-- POST /session/d03cd4ba-917d-4e60-ab4c-c9b4c2db8de9/element &amp#27;[39m&amp#27;[32m200&amp#27;[39m &amp#27;[90m84 ms - 137&amp#27;[39m &amp#27;[90m&amp#27;[39m
&amp#27;[38;5;173m[d03cd4ba]&amp#27;[0m&amp#27;[38;5;86m[HTTP]&amp#27;[0m &amp#27;[37m-->&amp#27;[39m &amp#27;[37mGET&amp#27;[39m &amp#27;[37m/session/d03cd4ba-917d-4e60-ab4c-c9b4c2db8de9/element/00000000-0000-0225-ffff-ffff0000003e/displayed&amp#27;[39m &amp#27;[90m{}&amp#27;[39m
&amp#27;[38;5;173m[d03cd4ba]&amp#27;[0m&amp#27;[38;5;-83m[AndroidUiautomator2Driver@812a]&amp#27;[0m Calling AppiumDriver.elementDisplayed() with args: ["00000000-0000-0225-ffff-ffff0000003e","d03cd4ba-917d-4e60-ab4c-c9b4c2db8de9"]
&amp#27;[38;5;173m[d03cd4ba]&amp#27;[0m&amp#27;[38;5;-83m[AndroidUiautomator2Driver@812a]&amp#27;[0m Matched '/element/00000000-0000-0225-ffff-ffff0000003e/attribute/displayed' to command name 'getAttribute'
&amp#27;[38;5;173m[d03cd4ba]&amp#27;[0m&amp#27;[38;5;-83m[AndroidUiautomator2Driver@812a]&amp#27;[0m Proxying [GET /element/00000000-0000-0225-ffff-ffff0000003e/attribute/displayed] to [GET http://127.0.0.1:8200/session/0d0864f9-c6d6-40fa-84f1-703b6e6cd58a/element/00000000-0000-0225-ffff-ffff0000003e/attribute/displayed] with no body
&amp#27;[38;5;173m[d03cd4ba]&amp#27;[0m&amp#27;[38;5;-83m[AndroidUiautomator2Driver@812a]&amp#27;[0m Got response with status 200: {"sessionId":"0d0864f9-c6d6-40fa-84f1-703b6e6cd58a","value":"true"}
&amp#27;[38;5;173m[d03cd4ba]&amp#27;[0m&amp#27;[38;5;-83m[AndroidUiautomator2Driver@812a]&amp#27;[0m Responding to client with driver.elementDisplayed() result: true
&amp#27;[38;5;173m[d03cd4ba]&amp#27;[0m&amp#27;[38;5;86m[HTTP]&amp#27;[0m &amp#27;[37m<-- GET /session/d03cd4ba-917d-4e60-ab4c-c9b4c2db8de9/element/00000000-0000-0225-ffff-ffff0000003e/displayed &amp#27;[39m&amp#27;[32m200&amp#27;[39m &amp#27;[90m23 ms - 14&amp#27;[39m &amp#27;[90m&amp#27;[39m
&amp#27;[38;5;173m[d03cd4ba]&amp#27;[0m&amp#27;[38;5;86m[HTTP]&amp#27;[0m &amp#27;[37m-->&amp#27;[39m &amp#27;[37mGET&amp#27;[39m &amp#27;[37m/session/d03cd4ba-917d-4e60-ab4c-c9b4c2db8de9/context&amp#27;[39m &amp#27;[90m{}&amp#27;[39m
&amp#27;[38;5;173m[d03cd4ba]&amp#27;[0m&amp#27;[38;5;-83m[AndroidUiautomator2Driver@812a]&amp#27;[0m Calling AppiumDriver.getCurrentContext() with args: ["d03cd4ba-917d-4e60-ab4c-c9b4c2db8de9"]
&amp#27;[38;5;173m[d03cd4ba]&amp#27;[0m&amp#27;[38;5;-83m[AndroidUiautomator2Driver@812a]&amp#27;[0m Responding to client with driver.getCurrentContext() result: "NATIVE_APP"
&amp#27;[38;5;173m[d03cd4ba]&amp#27;[0m&amp#27;[38;5;86m[HTTP]&amp#27;[0m &amp#27;[37m<-- GET /session/d03cd4ba-917d-4e60-ab4c-c9b4c2db8de9/context &amp#27;[39m&amp#27;[32m200&amp#27;[39m &amp#27;[90m1 ms - 22&amp#27;[39m &amp#27;[90m&amp#27;[39m
&amp#27;[38;5;173m[d03cd4ba]&amp#27;[0m&amp#27;[38;5;86m[HTTP]&amp#27;[0m &amp#27;[37m-->&amp#27;[39m &amp#27;[37mPOST&amp#27;[39m &amp#27;[37m/session/d03cd4ba-917d-4e60-ab4c-c9b4c2db8de9/element&amp#27;[39m &amp#27;[90m{"using":"-android uiautomator","value":"new UiSelector().text(\"Assigned\")"}&amp#27;[39m
&amp#27;[38;5;173m[d03cd4ba]&amp#27;[0m&amp#27;[38;5;-83m[AndroidUiautomator2Driver@812a]&amp#27;[0m Calling AppiumDriver.findElement() with args: ["-android uiautomator","new UiSelector().text(\"Assigned\")","d03cd4ba-917d-4e60-ab4c-c9b4c2db8de9"]
&amp#27;[38;5;173m[d03cd4ba]&amp#27;[0m&amp#27;[38;5;-83m[AndroidUiautomator2Driver@812a]&amp#27;[0m Valid locator strategies for this request: xpath, id, class name, accessibility id, css selector, -android uiautomator
&amp#27;[38;5;173m[d03cd4ba]&amp#27;[0m&amp#27;[38;5;-83m[AndroidUiautomator2Driver@812a]&amp#27;[0m Waiting up to 15000 ms for condition
&amp#27;[38;5;173m[d03cd4ba]&amp#27;[0m&amp#27;[38;5;-83m[AndroidUiautomator2Driver@812a]&amp#27;[0m Matched '/element' to command name 'findElement'
&amp#27;[38;5;173m[d03cd4ba]&amp#27;[0m&amp#27;[38;5;-83m[AndroidUiautomator2Driver@812a]&amp#27;[0m Proxying [POST /element] to [POST http://127.0.0.1:8200/session/0d0864f9-c6d6-40fa-84f1-703b6e6cd58a/element] with body: {"strategy":"-android uiautomator","selector":"new UiSelector().text(\"Assigned\")","context":"","multiple":false}
&amp#27;[38;5;173m[d03cd4ba]&amp#27;[0m&amp#27;[38;5;-83m[AndroidUiautomator2Driver@812a]&amp#27;[0m Got response with status 200: {"sessionId":"0d0864f9-c6d6-40fa-84f1-703b6e6cd58a","value":{"ELEMENT":"00000000-0000-0225-ffff-ffff00000045","element-6066-11e4-a52e-4f735466cecf":"00000000-0000-0225-ffff-ffff00000045"}}
&amp#27;[38;5;173m[d03cd4ba]&amp#27;[0m&amp#27;[38;5;-83m[AndroidUiautomator2Driver@812a]&amp#27;[0m Responding to client with driver.findElement() result: {"element-6066-11e4-a52e-4f735466cecf":"00000000-0000-0225-ffff-ffff00000045","ELEMENT":"00000000-0000-0225-ffff-ffff00000045"}
&amp#27;[38;5;173m[d03cd4ba]&amp#27;[0m&amp#27;[38;5;86m[HTTP]&amp#27;[0m &amp#27;[37m<-- POST /session/d03cd4ba-917d-4e60-ab4c-c9b4c2db8de9/element &amp#27;[39m&amp#27;[32m200&amp#27;[39m &amp#27;[90m36 ms - 137&amp#27;[39m &amp#27;[90m&amp#27;[39m
&amp#27;[38;5;173m[d03cd4ba]&amp#27;[0m&amp#27;[38;5;86m[HTTP]&amp#27;[0m &amp#27;[37m-->&amp#27;[39m &amp#27;[37mGET&amp#27;[39m &amp#27;[37m/session/d03cd4ba-917d-4e60-ab4c-c9b4c2db8de9/element/00000000-0000-0225-ffff-ffff00000045/displayed&amp#27;[39m &amp#27;[90m{}&amp#27;[39m
&amp#27;[38;5;173m[d03cd4ba]&amp#27;[0m&amp#27;[38;5;-83m[AndroidUiautomator2Driver@812a]&amp#27;[0m Calling AppiumDriver.elementDisplayed() with args: ["00000000-0000-0225-ffff-ffff00000045","d03cd4ba-917d-4e60-ab4c-c9b4c2db8de9"]
&amp#27;[38;5;173m[d03cd4ba]&amp#27;[0m&amp#27;[38;5;-83m[AndroidUiautomator2Driver@812a]&amp#27;[0m Matched '/element/00000000-0000-0225-ffff-ffff00000045/attribute/displayed' to command name 'getAttribute'
&amp#27;[38;5;173m[d03cd4ba]&amp#27;[0m&amp#27;[38;5;-83m[AndroidUiautomator2Driver@812a]&amp#27;[0m Proxying [GET /element/00000000-0000-0225-ffff-ffff00000045/attribute/displayed] to [GET http://127.0.0.1:8200/session/0d0864f9-c6d6-40fa-84f1-703b6e6cd58a/element/00000000-0000-0225-ffff-ffff00000045/attribute/displayed] with no body
&amp#27;[38;5;173m[d03cd4ba]&amp#27;[0m&amp#27;[38;5;-83m[AndroidUiautomator2Driver@812a]&amp#27;[0m Got response with status 200: {"sessionId":"0d0864f9-c6d6-40fa-84f1-703b6e6cd58a","value":"true"}
&amp#27;[38;5;173m[d03cd4ba]&amp#27;[0m&amp#27;[38;5;-83m[AndroidUiautomator2Driver@812a]&amp#27;[0m Responding to client with driver.elementDisplayed() result: true
&amp#27;[38;5;173m[d03cd4ba]&amp#27;[0m&amp#27;[38;5;86m[HTTP]&amp#27;[0m &amp#27;[37m<-- GET /session/d03cd4ba-917d-4e60-ab4c-c9b4c2db8de9/element/00000000-0000-0225-ffff-ffff00000045/displayed &amp#27;[39m&amp#27;[32m200&amp#27;[39m &amp#27;[90m40 ms - 14&amp#27;[39m &amp#27;[90m&amp#27;[39m
&amp#27;[38;5;173m[d03cd4ba]&amp#27;[0m&amp#27;[38;5;86m[HTTP]&amp#27;[0m &amp#27;[37m-->&amp#27;[39m &amp#27;[37mGET&amp#27;[39m &amp#27;[37m/session/d03cd4ba-917d-4e60-ab4c-c9b4c2db8de9/context&amp#27;[39m &amp#27;[90m{}&amp#27;[39m
&amp#27;[38;5;173m[d03cd4ba]&amp#27;[0m&amp#27;[38;5;-83m[AndroidUiautomator2Driver@812a]&amp#27;[0m Calling AppiumDriver.getCurrentContext() with args: ["d03cd4ba-917d-4e60-ab4c-c9b4c2db8de9"]
&amp#27;[38;5;173m[d03cd4ba]&amp#27;[0m&amp#27;[38;5;-83m[AndroidUiautomator2Driver@812a]&amp#27;[0m Responding to client with driver.getCurrentContext() result: "NATIVE_APP"
&amp#27;[38;5;173m[d03cd4ba]&amp#27;[0m&amp#27;[38;5;86m[HTTP]&amp#27;[0m &amp#27;[37m<-- GET /session/d03cd4ba-917d-4e60-ab4c-c9b4c2db8de9/context &amp#27;[39m&amp#27;[32m200&amp#27;[39m &amp#27;[90m1 ms - 22&amp#27;[39m &amp#27;[90m&amp#27;[39m
&amp#27;[38;5;173m[d03cd4ba]&amp#27;[0m&amp#27;[38;5;86m[HTTP]&amp#27;[0m &amp#27;[37m-->&amp#27;[39m &amp#27;[37mPOST&amp#27;[39m &amp#27;[37m/session/d03cd4ba-917d-4e60-ab4c-c9b4c2db8de9/element&amp#27;[39m &amp#27;[90m{"using":"-android uiautomator","value":"new UiSelector().text(\"My Inspections\")"}&amp#27;[39m
&amp#27;[38;5;173m[d03cd4ba]&amp#27;[0m&amp#27;[38;5;-83m[AndroidUiautomator2Driver@812a]&amp#27;[0m Calling AppiumDriver.findElement() with args: ["-android uiautomator","new UiSelector().text(\"My Inspections\")","d03cd4ba-917d-4e60-ab4c-c9b4c2db8de9"]
&amp#27;[38;5;173m[d03cd4ba]&amp#27;[0m&amp#27;[38;5;-83m[AndroidUiautomator2Driver@812a]&amp#27;[0m Valid locator strategies for this request: xpath, id, class name, accessibility id, css selector, -android uiautomator
&amp#27;[38;5;173m[d03cd4ba]&amp#27;[0m&amp#27;[38;5;-83m[AndroidUiautomator2Driver@812a]&amp#27;[0m Waiting up to 15000 ms for condition
&amp#27;[38;5;173m[d03cd4ba]&amp#27;[0m&amp#27;[38;5;-83m[AndroidUiautomator2Driver@812a]&amp#27;[0m Matched '/element' to command name 'findElement'
&amp#27;[38;5;173m[d03cd4ba]&amp#27;[0m&amp#27;[38;5;-83m[AndroidUiautomator2Driver@812a]&amp#27;[0m Proxying [POST /element] to [POST http://127.0.0.1:8200/session/0d0864f9-c6d6-40fa-84f1-703b6e6cd58a/element] with body: {"strategy":"-android uiautomator","selector":"new UiSelector().text(\"My Inspections\")","context":"","multiple":false}
&amp#27;[38;5;173m[d03cd4ba]&amp#27;[0m&amp#27;[38;5;-83m[AndroidUiautomator2Driver@812a]&amp#27;[0m Got response with status 200: {"sessionId":"0d0864f9-c6d6-40fa-84f1-703b6e6cd58a","value":{"ELEMENT":"00000000-0000-0225-ffff-ffff00000049","element-6066-11e4-a52e-4f735466cecf":"00000000-0000-0225-ffff-ffff00000049"}}
&amp#27;[38;5;173m[d03cd4ba]&amp#27;[0m&amp#27;[38;5;-83m[AndroidUiautomator2Driver@812a]&amp#27;[0m Responding to client with driver.findElement() result: {"element-6066-11e4-a52e-4f735466cecf":"00000000-0000-0225-ffff-ffff00000049","ELEMENT":"00000000-0000-0225-ffff-ffff00000049"}
&amp#27;[38;5;173m[d03cd4ba]&amp#27;[0m&amp#27;[38;5;86m[HTTP]&amp#27;[0m &amp#27;[37m<-- POST /session/d03cd4ba-917d-4e60-ab4c-c9b4c2db8de9/element &amp#27;[39m&amp#27;[32m200&amp#27;[39m &amp#27;[90m42 ms - 137&amp#27;[39m &amp#27;[90m&amp#27;[39m
&amp#27;[38;5;173m[d03cd4ba]&amp#27;[0m&amp#27;[38;5;86m[HTTP]&amp#27;[0m &amp#27;[37m-->&amp#27;[39m &amp#27;[37mGET&amp#27;[39m &amp#27;[37m/session/d03cd4ba-917d-4e60-ab4c-c9b4c2db8de9/element/00000000-0000-0225-ffff-ffff00000049/displayed&amp#27;[39m &amp#27;[90m{}&amp#27;[39m
&amp#27;[38;5;173m[d03cd4ba]&amp#27;[0m&amp#27;[38;5;-83m[AndroidUiautomator2Driver@812a]&amp#27;[0m Calling AppiumDriver.elementDisplayed() with args: ["00000000-0000-0225-ffff-ffff00000049","d03cd4ba-917d-4e60-ab4c-c9b4c2db8de9"]
&amp#27;[38;5;173m[d03cd4ba]&amp#27;[0m&amp#27;[38;5;-83m[AndroidUiautomator2Driver@812a]&amp#27;[0m Matched '/element/00000000-0000-0225-ffff-ffff00000049/attribute/displayed' to command name 'getAttribute'
&amp#27;[38;5;173m[d03cd4ba]&amp#27;[0m&amp#27;[38;5;-83m[AndroidUiautomator2Driver@812a]&amp#27;[0m Proxying [GET /element/00000000-0000-0225-ffff-ffff00000049/attribute/displayed] to [GET http://127.0.0.1:8200/session/0d0864f9-c6d6-40fa-84f1-703b6e6cd58a/element/00000000-0000-0225-ffff-ffff00000049/attribute/displayed] with no body
&amp#27;[38;5;173m[d03cd4ba]&amp#27;[0m&amp#27;[38;5;-83m[AndroidUiautomator2Driver@812a]&amp#27;[0m Got response with status 200: {"sessionId":"0d0864f9-c6d6-40fa-84f1-703b6e6cd58a","value":"true"}
&amp#27;[38;5;173m[d03cd4ba]&amp#27;[0m&amp#27;[38;5;-83m[AndroidUiautomator2Driver@812a]&amp#27;[0m Responding to client with driver.elementDisplayed() result: true
&amp#27;[38;5;173m[d03cd4ba]&amp#27;[0m&amp#27;[38;5;86m[HTTP]&amp#27;[0m &amp#27;[37m<-- GET /session/d03cd4ba-917d-4e60-ab4c-c9b4c2db8de9/element/00000000-0000-0225-ffff-ffff00000049/displayed &amp#27;[39m&amp#27;[32m200&amp#27;[39m &amp#27;[90m39 ms - 14&amp#27;[39m &amp#27;[90m&amp#27;[39m
&amp#27;[38;5;173m[d03cd4ba]&amp#27;[0m&amp#27;[38;5;86m[HTTP]&amp#27;[0m &amp#27;[37m-->&amp#27;[39m &amp#27;[37mGET&amp#27;[39m &amp#27;[37m/session/d03cd4ba-917d-4e60-ab4c-c9b4c2db8de9/context&amp#27;[39m &amp#27;[90m{}&amp#27;[39m
&amp#27;[38;5;173m[d03cd4ba]&amp#27;[0m&amp#27;[38;5;-83m[AndroidUiautomator2Driver@812a]&amp#27;[0m Calling AppiumDriver.getCurrentContext() with args: ["d03cd4ba-917d-4e60-ab4c-c9b4c2db8de9"]
&amp#27;[38;5;173m[d03cd4ba]&amp#27;[0m&amp#27;[38;5;-83m[AndroidUiautomator2Driver@812a]&amp#27;[0m Responding to client with driver.getCurrentContext() result: "NATIVE_APP"
&amp#27;[38;5;173m[d03cd4ba]&amp#27;[0m&amp#27;[38;5;86m[HTTP]&amp#27;[0m &amp#27;[37m<-- GET /session/d03cd4ba-917d-4e60-ab4c-c9b4c2db8de9/context &amp#27;[39m&amp#27;[32m200&amp#27;[39m &amp#27;[90m1 ms - 22&amp#27;[39m &amp#27;[90m&amp#27;[39m
&amp#27;[38;5;173m[d03cd4ba]&amp#27;[0m&amp#27;[38;5;86m[HTTP]&amp#27;[0m &amp#27;[37m-->&amp#27;[39m &amp#27;[37mPOST&amp#27;[39m &amp#27;[37m/session/d03cd4ba-917d-4e60-ab4c-c9b4c2db8de9/element&amp#27;[39m &amp#27;[90m{"using":"id","value":"com.kar.avx.uat.intune:id/floating"}&amp#27;[39m
&amp#27;[38;5;173m[d03cd4ba]&amp#27;[0m&amp#27;[38;5;-83m[AndroidUiautomator2Driver@812a]&amp#27;[0m Calling AppiumDriver.findElement() with args: ["id","com.kar.avx.uat.intune:id/floating","d03cd4ba-917d-4e60-ab4c-c9b4c2db8de9"]
&amp#27;[38;5;173m[d03cd4ba]&amp#27;[0m&amp#27;[38;5;-83m[AndroidUiautomator2Driver@812a]&amp#27;[0m Valid locator strategies for this request: xpath, id, class name, accessibility id, css selector, -android uiautomator
&amp#27;[38;5;173m[d03cd4ba]&amp#27;[0m&amp#27;[38;5;-83m[AndroidUiautomator2Driver@812a]&amp#27;[0m Waiting up to 15000 ms for condition
&amp#27;[38;5;173m[d03cd4ba]&amp#27;[0m&amp#27;[38;5;-83m[AndroidUiautomator2Driver@812a]&amp#27;[0m Matched '/element' to command name 'findElement'
&amp#27;[38;5;173m[d03cd4ba]&amp#27;[0m&amp#27;[38;5;-83m[AndroidUiautomator2Driver@812a]&amp#27;[0m Proxying [POST /element] to [POST http://127.0.0.1:8200/session/0d0864f9-c6d6-40fa-84f1-703b6e6cd58a/element] with body: {"strategy":"id","selector":"com.kar.avx.uat.intune:id/floating","context":"","multiple":false}
&amp#27;[38;5;173m[d03cd4ba]&amp#27;[0m&amp#27;[38;5;-83m[AndroidUiautomator2Driver@812a]&amp#27;[0m Got response with status 200: {"sessionId":"0d0864f9-c6d6-40fa-84f1-703b6e6cd58a","value":{"ELEMENT":"00000000-0000-0225-ffff-ffff0000004f","element-6066-11e4-a52e-4f735466cecf":"00000000-0000-0225-ffff-ffff0000004f"}}
&amp#27;[38;5;173m[d03cd4ba]&amp#27;[0m&amp#27;[38;5;-83m[AndroidUiautomator2Driver@812a]&amp#27;[0m Responding to client with driver.findElement() result: {"element-6066-11e4-a52e-4f735466cecf":"00000000-0000-0225-ffff-ffff0000004f","ELEMENT":"00000000-0000-0225-ffff-ffff0000004f"}
&amp#27;[38;5;173m[d03cd4ba]&amp#27;[0m&amp#27;[38;5;86m[HTTP]&amp#27;[0m &amp#27;[37m<-- POST /session/d03cd4ba-917d-4e60-ab4c-c9b4c2db8de9/element &amp#27;[39m&amp#27;[32m200&amp#27;[39m &amp#27;[90m123 ms - 137&amp#27;[39m &amp#27;[90m&amp#27;[39m
&amp#27;[38;5;173m[d03cd4ba]&amp#27;[0m&amp#27;[38;5;86m[HTTP]&amp#27;[0m &amp#27;[37m-->&amp#27;[39m &amp#27;[37mGET&amp#27;[39m &amp#27;[37m/session/d03cd4ba-917d-4e60-ab4c-c9b4c2db8de9/element/00000000-0000-0225-ffff-ffff0000004f/displayed&amp#27;[39m &amp#27;[90m{}&amp#27;[39m
&amp#27;[38;5;173m[d03cd4ba]&amp#27;[0m&amp#27;[38;5;-83m[AndroidUiautomator2Driver@812a]&amp#27;[0m Calling AppiumDriver.elementDisplayed() with args: ["00000000-0000-0225-ffff-ffff0000004f","d03cd4ba-917d-4e60-ab4c-c9b4c2db8de9"]
&amp#27;[38;5;173m[d03cd4ba]&amp#27;[0m&amp#27;[38;5;-83m[AndroidUiautomator2Driver@812a]&amp#27;[0m Matched '/element/00000000-0000-0225-ffff-ffff0000004f/attribute/displayed' to command name 'getAttribute'
&amp#27;[38;5;173m[d03cd4ba]&amp#27;[0m&amp#27;[38;5;-83m[AndroidUiautomator2Driver@812a]&amp#27;[0m Proxying [GET /element/00000000-0000-0225-ffff-ffff0000004f/attribute/displayed] to [GET http://127.0.0.1:8200/session/0d0864f9-c6d6-40fa-84f1-703b6e6cd58a/element/00000000-0000-0225-ffff-ffff0000004f/attribute/displayed] with no body
&amp#27;[38;5;173m[d03cd4ba]&amp#27;[0m&amp#27;[38;5;-83m[AndroidUiautomator2Driver@812a]&amp#27;[0m Got response with status 200: {"sessionId":"0d0864f9-c6d6-40fa-84f1-703b6e6cd58a","value":"true"}
&amp#27;[38;5;173m[d03cd4ba]&amp#27;[0m&amp#27;[38;5;-83m[AndroidUiautomator2Driver@812a]&amp#27;[0m Responding to client with driver.elementDisplayed() result: true
&amp#27;[38;5;173m[d03cd4ba]&amp#27;[0m&amp#27;[38;5;86m[HTTP]&amp#27;[0m &amp#27;[37m<-- GET /session/d03cd4ba-917d-4e60-ab4c-c9b4c2db8de9/element/00000000-0000-0225-ffff-ffff0000004f/displayed &amp#27;[39m&amp#27;[32m200&amp#27;[39m &amp#27;[90m20 ms - 14&amp#27;[39m &amp#27;[90m&amp#27;[39m
&amp#27;[38;5;173m[d03cd4ba]&amp#27;[0m&amp#27;[38;5;86m[HTTP]&amp#27;[0m &amp#27;[37m-->&amp#27;[39m &amp#27;[37mPOST&amp#27;[39m &amp#27;[37m/session/d03cd4ba-917d-4e60-ab4c-c9b4c2db8de9/elements&amp#27;[39m &amp#27;[90m{"using":"id","value":"Site_tab"}&amp#27;[39m
&amp#27;[38;5;173m[d03cd4ba]&amp#27;[0m&amp#27;[38;5;-83m[AndroidUiautomator2Driver@812a]&amp#27;[0m Calling AppiumDriver.findElements() with args: ["id","Site_tab","d03cd4ba-917d-4e60-ab4c-c9b4c2db8de9"]
&amp#27;[38;5;173m[d03cd4ba]&amp#27;[0m&amp#27;[38;5;-83m[AndroidUiautomator2Driver@812a]&amp#27;[0m Valid locator strategies for this request: xpath, id, class name, accessibility id, css selector, -android uiautomator
&amp#27;[38;5;173m[d03cd4ba]&amp#27;[0m&amp#27;[38;5;-83m[AndroidUiautomator2Driver@812a]&amp#27;[0m Waiting up to 15000 ms for condition
&amp#27;[38;5;173m[d03cd4ba]&amp#27;[0m&amp#27;[38;5;-83m[AndroidUiautomator2Driver@812a]&amp#27;[0m Matched '/elements' to command name 'findElements'
&amp#27;[38;5;173m[d03cd4ba]&amp#27;[0m&amp#27;[38;5;-83m[AndroidUiautomator2Driver@812a]&amp#27;[0m Proxying [POST /elements] to [POST http://127.0.0.1:8200/session/0d0864f9-c6d6-40fa-84f1-703b6e6cd58a/elements] with body: {"strategy":"id","selector":"Site_tab","context":"","multiple":true}
&amp#27;[38;5;173m[d03cd4ba]&amp#27;[0m&amp#27;[38;5;-83m[AndroidUiautomator2Driver@812a]&amp#27;[0m Got response with status 200: {"sessionId":"0d0864f9-c6d6-40fa-84f1-703b6e6cd58a","value":[]}
&amp#27;[38;5;173m[d03cd4ba]&amp#27;[0m&amp#27;[38;5;-83m[AndroidUiautomator2Driver@812a]&amp#27;[0m Waited for 172 ms so far
&amp#27;[38;5;173m[d03cd4ba]&amp#27;[0m&amp#27;[38;5;-83m[AndroidUiautomator2Driver@812a]&amp#27;[0m Matched '/elements' to command name 'findElements'
&amp#27;[38;5;173m[d03cd4ba]&amp#27;[0m&amp#27;[38;5;-83m[AndroidUiautomator2Driver@812a]&amp#27;[0m Proxying [POST /elements] to [POST http://127.0.0.1:8200/session/0d0864f9-c6d6-40fa-84f1-703b6e6cd58a/elements] with body: {"strategy":"id","selector":"Site_tab","context":"","multiple":true}
&amp#27;[38;5;173m[d03cd4ba]&amp#27;[0m&amp#27;[38;5;-83m[AndroidUiautomator2Driver@812a]&amp#27;[0m Got response with status 200: {"sessionId":"0d0864f9-c6d6-40fa-84f1-703b6e6cd58a","value":[]}
&amp#27;[38;5;173m[d03cd4ba]&amp#27;[0m&amp#27;[38;5;-83m[AndroidUiautomator2Driver@812a]&amp#27;[0m Waited for 838 ms so far
&amp#27;[38;5;173m[d03cd4ba]&amp#27;[0m&amp#27;[38;5;-83m[AndroidUiautomator2Driver@812a]&amp#27;[0m Matched '/elements' to command name 'findElements'
&amp#27;[38;5;173m[d03cd4ba]&amp#27;[0m&amp#27;[38;5;-83m[AndroidUiautomator2Driver@812a]&amp#27;[0m Proxying [POST /elements] to [POST http://127.0.0.1:8200/session/0d0864f9-c6d6-40fa-84f1-703b6e6cd58a/elements] with body: {"strategy":"id","selector":"Site_tab","context":"","multiple":true}
&amp#27;[38;5;173m[d03cd4ba]&amp#27;[0m&amp#27;[38;5;-83m[AndroidUiautomator2Driver@812a]&amp#27;[0m Got response with status 200: {"sessionId":"0d0864f9-c6d6-40fa-84f1-703b6e6cd58a","value":[]}
&amp#27;[38;5;173m[d03cd4ba]&amp#27;[0m&amp#27;[38;5;-83m[AndroidUiautomator2Driver@812a]&amp#27;[0m Waited for 1547 ms so far
&amp#27;[38;5;173m[d03cd4ba]&amp#27;[0m&amp#27;[38;5;-83m[AndroidUiautomator2Driver@812a]&amp#27;[0m Matched '/elements' to command name 'findElements'
&amp#27;[38;5;173m[d03cd4ba]&amp#27;[0m&amp#27;[38;5;-83m[AndroidUiautomator2Driver@812a]&amp#27;[0m Proxying [POST /elements] to [POST http://127.0.0.1:8200/session/0d0864f9-c6d6-40fa-84f1-703b6e6cd58a/elements] with body: {"strategy":"id","selector":"Site_tab","context":"","multiple":true}
&amp#27;[38;5;173m[d03cd4ba]&amp#27;[0m&amp#27;[38;5;-83m[AndroidUiautomator2Driver@812a]&amp#27;[0m Got response with status 200: {"sessionId":"0d0864f9-c6d6-40fa-84f1-703b6e6cd58a","value":[]}
&amp#27;[38;5;173m[d03cd4ba]&amp#27;[0m&amp#27;[38;5;-83m[AndroidUiautomator2Driver@812a]&amp#27;[0m Waited for 2264 ms so far
&amp#27;[38;5;173m[d03cd4ba]&amp#27;[0m&amp#27;[38;5;-83m[AndroidUiautomator2Driver@812a]&amp#27;[0m Matched '/elements' to command name 'findElements'
&amp#27;[38;5;173m[d03cd4ba]&amp#27;[0m&amp#27;[38;5;-83m[AndroidUiautomator2Driver@812a]&amp#27;[0m Proxying [POST /elements] to [POST http://127.0.0.1:8200/session/0d0864f9-c6d6-40fa-84f1-703b6e6cd58a/elements] with body: {"strategy":"id","selector":"Site_tab","context":"","multiple":true}
&amp#27;[38;5;173m[d03cd4ba]&amp#27;[0m&amp#27;[38;5;-83m[AndroidUiautomator2Driver@812a]&amp#27;[0m Got response with status 200: {"sessionId":"0d0864f9-c6d6-40fa-84f1-703b6e6cd58a","value":[]}
&amp#27;[38;5;173m[d03cd4ba]&amp#27;[0m&amp#27;[38;5;-83m[AndroidUiautomator2Driver@812a]&amp#27;[0m Waited for 2983 ms so far
&amp#27;[38;5;173m[d03cd4ba]&amp#27;[0m&amp#27;[38;5;-83m[AndroidUiautomator2Driver@812a]&amp#27;[0m Matched '/elements' to command name 'findElements'
&amp#27;[38;5;173m[d03cd4ba]&amp#27;[0m&amp#27;[38;5;-83m[AndroidUiautomator2Driver@812a]&amp#27;[0m Proxying [POST /elements] to [POST http://127.0.0.1:8200/session/0d0864f9-c6d6-40fa-84f1-703b6e6cd58a/elements] with body: {"strategy":"id","selector":"Site_tab","context":"","multiple":true}
&amp#27;[38;5;173m[d03cd4ba]&amp#27;[0m&amp#27;[38;5;-83m[AndroidUiautomator2Driver@812a]&amp#27;[0m Got response with status 200: {"sessionId":"0d0864f9-c6d6-40fa-84f1-703b6e6cd58a","value":[]}
&amp#27;[38;5;173m[d03cd4ba]&amp#27;[0m&amp#27;[38;5;-83m[AndroidUiautomator2Driver@812a]&amp#27;[0m Waited for 3674 ms so far
&amp#27;[38;5;173m[d03cd4ba]&amp#27;[0m&amp#27;[38;5;-83m[AndroidUiautomator2Driver@812a]&amp#27;[0m Matched '/elements' to command name 'findElements'
&amp#27;[38;5;173m[d03cd4ba]&amp#27;[0m&amp#27;[38;5;-83m[AndroidUiautomator2Driver@812a]&amp#27;[0m Proxying [POST /elements] to [POST http://127.0.0.1:8200/session/0d0864f9-c6d6-40fa-84f1-703b6e6cd58a/elements] with body: {"strategy":"id","selector":"Site_tab","context":"","multiple":true}
&amp#27;[38;5;173m[d03cd4ba]&amp#27;[0m&amp#27;[38;5;-83m[AndroidUiautomator2Driver@812a]&amp#27;[0m Got response with status 200: {"sessionId":"0d0864f9-c6d6-40fa-84f1-703b6e6cd58a","value":[]}
&amp#27;[38;5;173m[d03cd4ba]&amp#27;[0m&amp#27;[38;5;-83m[AndroidUiautomator2Driver@812a]&amp#27;[0m Waited for 4363 ms so far
&amp#27;[38;5;173m[d03cd4ba]&amp#27;[0m&amp#27;[38;5;-83m[AndroidUiautomator2Driver@812a]&amp#27;[0m Matched '/elements' to command name 'findElements'
&amp#27;[38;5;173m[d03cd4ba]&amp#27;[0m&amp#27;[38;5;-83m[AndroidUiautomator2Driver@812a]&amp#27;[0m Proxying [POST /elements] to [POST http://127.0.0.1:8200/session/0d0864f9-c6d6-40fa-84f1-703b6e6cd58a/elements] with body: {"strategy":"id","selector":"Site_tab","context":"","multiple":true}
&amp#27;[38;5;173m[d03cd4ba]&amp#27;[0m&amp#27;[38;5;-83m[AndroidUiautomator2Driver@812a]&amp#27;[0m Got response with status 200: {"sessionId":"0d0864f9-c6d6-40fa-84f1-703b6e6cd58a","value":[]}
&amp#27;[38;5;173m[d03cd4ba]&amp#27;[0m&amp#27;[38;5;-83m[AndroidUiautomator2Driver@812a]&amp#27;[0m Waited for 5047 ms so far
&amp#27;[38;5;173m[d03cd4ba]&amp#27;[0m&amp#27;[38;5;-83m[AndroidUiautomator2Driver@812a]&amp#27;[0m Matched '/elements' to command name 'findElements'
&amp#27;[38;5;173m[d03cd4ba]&amp#27;[0m&amp#27;[38;5;-83m[AndroidUiautomator2Driver@812a]&amp#27;[0m Proxying [POST /elements] to [POST http://127.0.0.1:8200/session/0d0864f9-c6d6-40fa-84f1-703b6e6cd58a/elements] with body: {"strategy":"id","selector":"Site_tab","context":"","multiple":true}
&amp#27;[38;5;173m[d03cd4ba]&amp#27;[0m&amp#27;[38;5;-83m[AndroidUiautomator2Driver@812a]&amp#27;[0m Got response with status 200: {"sessionId":"0d0864f9-c6d6-40fa-84f1-703b6e6cd58a","value":[]}
&amp#27;[38;5;173m[d03cd4ba]&amp#27;[0m&amp#27;[38;5;-83m[AndroidUiautomator2Driver@812a]&amp#27;[0m Waited for 5721 ms so far
&amp#27;[38;5;173m[d03cd4ba]&amp#27;[0m&amp#27;[38;5;-83m[AndroidUiautomator2Driver@812a]&amp#27;[0m Matched '/elements' to command name 'findElements'
&amp#27;[38;5;173m[d03cd4ba]&amp#27;[0m&amp#27;[38;5;-83m[AndroidUiautomator2Driver@812a]&amp#27;[0m Proxying [POST /elements] to [POST http://127.0.0.1:8200/session/0d0864f9-c6d6-40fa-84f1-703b6e6cd58a/elements] with body: {"strategy":"id","selector":"Site_tab","context":"","multiple":true}
&amp#27;[38;5;173m[d03cd4ba]&amp#27;[0m&amp#27;[38;5;-83m[AndroidUiautomator2Driver@812a]&amp#27;[0m Got response with status 200: {"sessionId":"0d0864f9-c6d6-40fa-84f1-703b6e6cd58a","value":[]}
&amp#27;[38;5;173m[d03cd4ba]&amp#27;[0m&amp#27;[38;5;-83m[AndroidUiautomator2Driver@812a]&amp#27;[0m Waited for 6405 ms so far
&amp#27;[38;5;173m[d03cd4ba]&amp#27;[0m&amp#27;[38;5;-83m[AndroidUiautomator2Driver@812a]&amp#27;[0m Matched '/elements' to command name 'findElements'
&amp#27;[38;5;173m[d03cd4ba]&amp#27;[0m&amp#27;[38;5;-83m[AndroidUiautomator2Driver@812a]&amp#27;[0m Proxying [POST /elements] to [POST http://127.0.0.1:8200/session/0d0864f9-c6d6-40fa-84f1-703b6e6cd58a/elements] with body: {"strategy":"id","selector":"Site_tab","context":"","multiple":true}
&amp#27;[38;5;173m[d03cd4ba]&amp#27;[0m&amp#27;[38;5;-83m[AndroidUiautomator2Driver@812a]&amp#27;[0m Got response with status 200: {"sessionId":"0d0864f9-c6d6-40fa-84f1-703b6e6cd58a","value":[]}
&amp#27;[38;5;173m[d03cd4ba]&amp#27;[0m&amp#27;[38;5;-83m[AndroidUiautomator2Driver@812a]&amp#27;[0m Waited for 7180 ms so far
&amp#27;[38;5;173m[d03cd4ba]&amp#27;[0m&amp#27;[38;5;-83m[AndroidUiautomator2Driver@812a]&amp#27;[0m Matched '/elements' to command name 'findElements'
&amp#27;[38;5;173m[d03cd4ba]&amp#27;[0m&amp#27;[38;5;-83m[AndroidUiautomator2Driver@812a]&amp#27;[0m Proxying [POST /elements] to [POST http://127.0.0.1:8200/session/0d0864f9-c6d6-40fa-84f1-703b6e6cd58a/elements] with body: {"strategy":"id","selector":"Site_tab","context":"","multiple":true}
&amp#27;[38;5;173m[d03cd4ba]&amp#27;[0m&amp#27;[38;5;-83m[AndroidUiautomator2Driver@812a]&amp#27;[0m Got response with status 200: {"sessionId":"0d0864f9-c6d6-40fa-84f1-703b6e6cd58a","value":[]}
&amp#27;[38;5;173m[d03cd4ba]&amp#27;[0m&amp#27;[38;5;-83m[AndroidUiautomator2Driver@812a]&amp#27;[0m Waited for 7953 ms so far
&amp#27;[38;5;173m[d03cd4ba]&amp#27;[0m&amp#27;[38;5;-83m[AndroidUiautomator2Driver@812a]&amp#27;[0m Matched '/elements' to command name 'findElements'
&amp#27;[38;5;173m[d03cd4ba]&amp#27;[0m&amp#27;[38;5;-83m[AndroidUiautomator2Driver@812a]&amp#27;[0m Proxying [POST /elements] to [POST http://127.0.0.1:8200/session/0d0864f9-c6d6-40fa-84f1-703b6e6cd58a/elements] with body: {"strategy":"id","selector":"Site_tab","context":"","multiple":true}
&amp#27;[38;5;173m[d03cd4ba]&amp#27;[0m&amp#27;[38;5;-83m[AndroidUiautomator2Driver@812a]&amp#27;[0m Got response with status 200: {"sessionId":"0d0864f9-c6d6-40fa-84f1-703b6e6cd58a","value":[]}
&amp#27;[38;5;173m[d03cd4ba]&amp#27;[0m&amp#27;[38;5;-83m[AndroidUiautomator2Driver@812a]&amp#27;[0m Waited for 8636 ms so far
&amp#27;[38;5;173m[d03cd4ba]&amp#27;[0m&amp#27;[38;5;-83m[AndroidUiautomator2Driver@812a]&amp#27;[0m Matched '/elements' to command name 'findElements'
&amp#27;[38;5;173m[d03cd4ba]&amp#27;[0m&amp#27;[38;5;-83m[AndroidUiautomator2Driver@812a]&amp#27;[0m Proxying [POST /elements] to [POST http://127.0.0.1:8200/session/0d0864f9-c6d6-40fa-84f1-703b6e6cd58a/elements] with body: {"strategy":"id","selector":"Site_tab","context":"","multiple":true}
&amp#27;[38;5;173m[d03cd4ba]&amp#27;[0m&amp#27;[38;5;-83m[AndroidUiautomator2Driver@812a]&amp#27;[0m Got response with status 200: {"sessionId":"0d0864f9-c6d6-40fa-84f1-703b6e6cd58a","value":[]}
&amp#27;[38;5;173m[d03cd4ba]&amp#27;[0m&amp#27;[38;5;-83m[AndroidUiautomator2Driver@812a]&amp#27;[0m Waited for 9284 ms so far
&amp#27;[38;5;173m[d03cd4ba]&amp#27;[0m&amp#27;[38;5;-83m[AndroidUiautomator2Driver@812a]&amp#27;[0m Matched '/elements' to command name 'findElements'
&amp#27;[38;5;173m[d03cd4ba]&amp#27;[0m&amp#27;[38;5;-83m[AndroidUiautomator2Driver@812a]&amp#27;[0m Proxying [POST /elements] to [POST http://127.0.0.1:8200/session/0d0864f9-c6d6-40fa-84f1-703b6e6cd58a/elements] with body: {"strategy":"id","selector":"Site_tab","context":"","multiple":true}
&amp#27;[38;5;173m[d03cd4ba]&amp#27;[0m&amp#27;[38;5;-83m[AndroidUiautomator2Driver@812a]&amp#27;[0m Got response with status 200: {"sessionId":"0d0864f9-c6d6-40fa-84f1-703b6e6cd58a","value":[]}
&amp#27;[38;5;173m[d03cd4ba]&amp#27;[0m&amp#27;[38;5;-83m[AndroidUiautomator2Driver@812a]&amp#27;[0m Waited for 9991 ms so far
&amp#27;[38;5;173m[d03cd4ba]&amp#27;[0m&amp#27;[38;5;-83m[AndroidUiautomator2Driver@812a]&amp#27;[0m Matched '/elements' to command name 'findElements'
&amp#27;[38;5;173m[d03cd4ba]&amp#27;[0m&amp#27;[38;5;-83m[AndroidUiautomator2Driver@812a]&amp#27;[0m Proxying [POST /elements] to [POST http://127.0.0.1:8200/session/0d0864f9-c6d6-40fa-84f1-703b6e6cd58a/elements] with body: {"strategy":"id","selector":"Site_tab","context":"","multiple":true}
&amp#27;[38;5;173m[d03cd4ba]&amp#27;[0m&amp#27;[38;5;-83m[AndroidUiautomator2Driver@812a]&amp#27;[0m Got response with status 200: {"sessionId":"0d0864f9-c6d6-40fa-84f1-703b6e6cd58a","value":[]}
&amp#27;[38;5;173m[d03cd4ba]&amp#27;[0m&amp#27;[38;5;-83m[AndroidUiautomator2Driver@812a]&amp#27;[0m Waited for 10705 ms so far
&amp#27;[38;5;173m[d03cd4ba]&amp#27;[0m&amp#27;[38;5;-83m[AndroidUiautomator2Driver@812a]&amp#27;[0m Matched '/elements' to command name 'findElements'
&amp#27;[38;5;173m[d03cd4ba]&amp#27;[0m&amp#27;[38;5;-83m[AndroidUiautomator2Driver@812a]&amp#27;[0m Proxying [POST /elements] to [POST http://127.0.0.1:8200/session/0d0864f9-c6d6-40fa-84f1-703b6e6cd58a/elements] with body: {"strategy":"id","selector":"Site_tab","context":"","multiple":true}
&amp#27;[38;5;173m[d03cd4ba]&amp#27;[0m&amp#27;[38;5;-83m[AndroidUiautomator2Driver@812a]&amp#27;[0m Got response with status 200: {"sessionId":"0d0864f9-c6d6-40fa-84f1-703b6e6cd58a","value":[]}
&amp#27;[38;5;173m[d03cd4ba]&amp#27;[0m&amp#27;[38;5;-83m[AndroidUiautomator2Driver@812a]&amp#27;[0m Waited for 11394 ms so far
&amp#27;[38;5;173m[d03cd4ba]&amp#27;[0m&amp#27;[38;5;-83m[AndroidUiautomator2Driver@812a]&amp#27;[0m Matched '/elements' to command name 'findElements'
&amp#27;[38;5;173m[d03cd4ba]&amp#27;[0m&amp#27;[38;5;-83m[AndroidUiautomator2Driver@812a]&amp#27;[0m Proxying [POST /elements] to [POST http://127.0.0.1:8200/session/0d0864f9-c6d6-40fa-84f1-703b6e6cd58a/elements] with body: {"strategy":"id","selector":"Site_tab","context":"","multiple":true}
&amp#27;[38;5;173m[d03cd4ba]&amp#27;[0m&amp#27;[38;5;-83m[AndroidUiautomator2Driver@812a]&amp#27;[0m Got response with status 200: {"sessionId":"0d0864f9-c6d6-40fa-84f1-703b6e6cd58a","value":[]}
&amp#27;[38;5;173m[d03cd4ba]&amp#27;[0m&amp#27;[38;5;-83m[AndroidUiautomator2Driver@812a]&amp#27;[0m Waited for 12166 ms so far
&amp#27;[38;5;173m[d03cd4ba]&amp#27;[0m&amp#27;[38;5;-83m[AndroidUiautomator2Driver@812a]&amp#27;[0m Matched '/elements' to command name 'findElements'
&amp#27;[38;5;173m[d03cd4ba]&amp#27;[0m&amp#27;[38;5;-83m[AndroidUiautomator2Driver@812a]&amp#27;[0m Proxying [POST /elements] to [POST http://127.0.0.1:8200/session/0d0864f9-c6d6-40fa-84f1-703b6e6cd58a/elements] with body: {"strategy":"id","selector":"Site_tab","context":"","multiple":true}
&amp#27;[38;5;173m[d03cd4ba]&amp#27;[0m&amp#27;[38;5;-83m[AndroidUiautomator2Driver@812a]&amp#27;[0m Got response with status 200: {"sessionId":"0d0864f9-c6d6-40fa-84f1-703b6e6cd58a","value":[]}
&amp#27;[38;5;173m[d03cd4ba]&amp#27;[0m&amp#27;[38;5;-83m[AndroidUiautomator2Driver@812a]&amp#27;[0m Waited for 12865 ms so far
&amp#27;[38;5;173m[d03cd4ba]&amp#27;[0m&amp#27;[38;5;-83m[AndroidUiautomator2Driver@812a]&amp#27;[0m Matched '/elements' to command name 'findElements'
&amp#27;[38;5;173m[d03cd4ba]&amp#27;[0m&amp#27;[38;5;-83m[AndroidUiautomator2Driver@812a]&amp#27;[0m Proxying [POST /elements] to [POST http://127.0.0.1:8200/session/0d0864f9-c6d6-40fa-84f1-703b6e6cd58a/elements] with body: {"strategy":"id","selector":"Site_tab","context":"","multiple":true}
&amp#27;[38;5;173m[d03cd4ba]&amp#27;[0m&amp#27;[38;5;-83m[AndroidUiautomator2Driver@812a]&amp#27;[0m Got response with status 200: {"sessionId":"0d0864f9-c6d6-40fa-84f1-703b6e6cd58a","value":[]}
&amp#27;[38;5;173m[d03cd4ba]&amp#27;[0m&amp#27;[38;5;-83m[AndroidUiautomator2Driver@812a]&amp#27;[0m Waited for 13516 ms so far
&amp#27;[38;5;173m[d03cd4ba]&amp#27;[0m&amp#27;[38;5;-83m[AndroidUiautomator2Driver@812a]&amp#27;[0m Matched '/elements' to command name 'findElements'
&amp#27;[38;5;173m[d03cd4ba]&amp#27;[0m&amp#27;[38;5;-83m[AndroidUiautomator2Driver@812a]&amp#27;[0m Proxying [POST /elements] to [POST http://127.0.0.1:8200/session/0d0864f9-c6d6-40fa-84f1-703b6e6cd58a/elements] with body: {"strategy":"id","selector":"Site_tab","context":"","multiple":true}
&amp#27;[38;5;173m[d03cd4ba]&amp#27;[0m&amp#27;[38;5;-83m[AndroidUiautomator2Driver@812a]&amp#27;[0m Got response with status 200: {"sessionId":"0d0864f9-c6d6-40fa-84f1-703b6e6cd58a","value":[]}
&amp#27;[38;5;173m[d03cd4ba]&amp#27;[0m&amp#27;[38;5;-83m[AndroidUiautomator2Driver@812a]&amp#27;[0m Waited for 14248 ms so far
&amp#27;[38;5;173m[d03cd4ba]&amp#27;[0m&amp#27;[38;5;-83m[AndroidUiautomator2Driver@812a]&amp#27;[0m Matched '/elements' to command name 'findElements'
&amp#27;[38;5;173m[d03cd4ba]&amp#27;[0m&amp#27;[38;5;-83m[AndroidUiautomator2Driver@812a]&amp#27;[0m Proxying [POST /elements] to [POST http://127.0.0.1:8200/session/0d0864f9-c6d6-40fa-84f1-703b6e6cd58a/elements] with body: {"strategy":"id","selector":"Site_tab","context":"","multiple":true}
&amp#27;[38;5;173m[d03cd4ba]&amp#27;[0m&amp#27;[38;5;-83m[AndroidUiautomator2Driver@812a]&amp#27;[0m Got response with status 200: {"sessionId":"0d0864f9-c6d6-40fa-84f1-703b6e6cd58a","value":[]}
&amp#27;[38;5;173m[d03cd4ba]&amp#27;[0m&amp#27;[38;5;-83m[AndroidUiautomator2Driver@812a]&amp#27;[0m Waited for 14951 ms so far
&amp#27;[38;5;173m[d03cd4ba]&amp#27;[0m&amp#27;[38;5;-83m[AndroidUiautomator2Driver@812a]&amp#27;[0m Matched '/elements' to command name 'findElements'
&amp#27;[38;5;173m[d03cd4ba]&amp#27;[0m&amp#27;[38;5;-83m[AndroidUiautomator2Driver@812a]&amp#27;[0m Proxying [POST /elements] to [POST http://127.0.0.1:8200/session/0d0864f9-c6d6-40fa-84f1-703b6e6cd58a/elements] with body: {"strategy":"id","selector":"Site_tab","context":"","multiple":true}
&amp#27;[38;5;173m[d03cd4ba]&amp#27;[0m&amp#27;[38;5;-83m[AndroidUiautomator2Driver@812a]&amp#27;[0m Got response with status 200: {"sessionId":"0d0864f9-c6d6-40fa-84f1-703b6e6cd58a","value":[]}
&amp#27;[38;5;173m[d03cd4ba]&amp#27;[0m&amp#27;[38;5;-83m[AndroidUiautomator2Driver@812a]&amp#27;[0m Responding to client with driver.findElements() result: []
&amp#27;[38;5;173m[d03cd4ba]&amp#27;[0m&amp#27;[38;5;86m[HTTP]&amp#27;[0m &amp#27;[37m<-- POST /session/d03cd4ba-917d-4e60-ab4c-c9b4c2db8de9/elements &amp#27;[39m&amp#27;[32m200&amp#27;[39m &amp#27;[90m15220 ms - 12&amp#27;[39m &amp#27;[90m&amp#27;[39m
]]></system-out>
  </testcase>
  <testcase name="verifyHomePageForOnsiteUser" classname="org.openlane.autohawk.testcases.HomeTest" time="6.698">
    <system-out><![CDATA[&amp#27;[38;5;173m[d03cd4ba]&amp#27;[0m&amp#27;[38;5;86m[HTTP]&amp#27;[0m &amp#27;[37m-->&amp#27;[39m &amp#27;[37mGET&amp#27;[39m &amp#27;[37m/session/d03cd4ba-917d-4e60-ab4c-c9b4c2db8de9/screenshot&amp#27;[39m &amp#27;[90m{}&amp#27;[39m
&amp#27;[38;5;173m[d03cd4ba]&amp#27;[0m&amp#27;[38;5;-83m[AndroidUiautomator2Driver@812a]&amp#27;[0m Calling AppiumDriver.getScreenshot() with args: ["d03cd4ba-917d-4e60-ab4c-c9b4c2db8de9"]
&amp#27;[38;5;173m[d03cd4ba]&amp#27;[0m&amp#27;[38;5;-83m[AndroidUiautomator2Driver@812a]&amp#27;[0m Matched '/screenshot' to command name 'getScreenshot'
&amp#27;[38;5;173m[d03cd4ba]&amp#27;[0m&amp#27;[38;5;-83m[AndroidUiautomator2Driver@812a]&amp#27;[0m Proxying [GET /screenshot] to [GET http://127.0.0.1:8200/session/0d0864f9-c6d6-40fa-84f1-703b6e6cd58a/screenshot] with no body
&amp#27;[38;5;173m[d03cd4ba]&amp#27;[0m&amp#27;[38;5;-83m[AndroidUiautomator2Driver@812a]&amp#27;[0m Got response with status 200: {"sessionId":"0d0864f9-c6d6-40fa-84f1-703b6e6cd58a","value":"iVBORw0KGgoAAAANSUhEUgAABDgAAAloCAYAAACBSQW4AAAAAXNSR0IArs4c6QAAAARzQklUCAgICHwIZIgAACAASURBVHic7N13fFRV/sbxJ0BoCb0EaSsEcUVIKCoaBCwQihQDujaCuvvTBbsrsay6Rnd1VVCwgrqsaCyIFFcBKQIWEsECJCAiEkCkGKpIDCVAfn8chplJ7p3cSWaS3PB5vzZr5pYzJ0PK3Oee8z0RurGgQAAAAAAAAC5Wpbw7AAAAAAAAUFoEHAAAAAAAwPUIOAAAAAAAgOsRcAAAAAAAANcj4AAAAAAAAK5HwAEAAAAAAFyPgAMAAAAAALgeAQcAAAAAAHA9Ag4AAAAAAOB6BBwAAAAAAMD1CDgAAAAAAIDrEXAAAAAAAADXI+AAAAAAAACuR8ABAAAAAABcj4ADAAAAAAC4HgEHAAAAAABwPQIOAAAAAADgegQcAAAAAADA9Qg4AAAAAACA61Ur7w4Alcm5baQrzpEaRYe+7eyd0gcrpO93hL5tAACA8tC6kZTQTmrdUOrUUqpby2yvV0vaf9B73Jqt0pa9UsYGafXW8ukrUBaqVpGa15fiWkr1ahfdvz9Pytoqbf9VOna87PtX0RFwFCO6hpTYUWrV0Fy0RkjanStt3SvNXyPlHg7vc5fUsQLp4JHQ9COyqlTD5zslnF+zm3VoLj16uXR2c6la1dC3f+So1Kax9O850qbdpW+vVvWi3yP1a5s3EwUF3m01I6UqEVJeoWMbREn7fvffVqemdPio6atHtSpSVA3/NymS+Z46fFQAAOAU06ml9NeLpB7tTMDhxIVn+D+emyXNyZKmLg99/8pDiwbmv9v2lc3zed7f5x8r2fuxi/4odf2D1CjKPN7zu7Rqi/TFetNmaYW6/ciq0sA4qXNr83731zzT3tyskvfX91qtpK+jlTObSY8Pk9rFmPfRhR09Lv2Y...
&amp#27;[38;5;173m[d03cd4ba]&amp#27;[0m&amp#27;[38;5;-83m[AndroidUiautomator2Driver@812a]&amp#27;[0m Responding to client with driver.getScreenshot() result: "iVBORw0KGgoAAAANSUhEUgAABDgAAAloCAYAAACBSQW4AAAAAXNSR0IArs4c6QAAAARzQklUCAgICHwIZIgAACAASURBVHic7N13fFRV/sbxJ0BoCb0EaSsEcUVIKCoaBCwQihQDujaCuvvTBbsrsay6Rnd1VVCwgrqsaCyIFFcBKQIWEsECJCAiEkCkGKpIDCVAfn8chplJ7p3cSWaS3PB5vzZr5pYzJ0PK3Oee8z0RurGgQAAAAAAAAC5Wpbw7AAAAAAAAUFoEHAAAAAAAwPUIOAAAAAAAgOsRcAAAAAAAANcj4AAAAAAAAK5HwAEAAAAAAFyPgAMAAAAAALgeAQcAAAAAAHA9Ag4AAAAAAOB6BBwAAAAAAMD1CDgAAAAAAIDrEXAAAAAAAADXI+AAAAAAAACuR8ABAAAAAABcj4ADAAAAAAC4HgEHAAAAAABwPQIOAAAAAADgegQcAAAAAADA9Qg4AAAAAACA61Ur7w4Alcm5baQrzpEaRYe+7eyd0gcrpO93hL5tAACA8tC6kZTQTmrdUOrUUqpby2yvV0vaf9B73Jqt0pa9UsYGafXW8ukrUBaqVpGa15fiWkr1ahfdvz9Pytoqbf9VOna87PtX0RFwFCO6hpTYUWrV0Fy0RkjanStt3SvNXyPlHg7vc5fUsQLp4JHQ9COyqlTD5zslnF+zm3VoLj16uXR2c6la1dC3f+So1Kax9O850qbdpW+vVvWi3yP1a5s3EwUF3m01I6UqEVJeoWMbREn7fvffVqemdPio6atHtSpSVA3/NymS+Z46fFQAAOAU06ml9NeLpB7tTMDhxIVn+D+emyXNyZKmLg99/8pDiwbmv9v2lc3zed7f5x8r2fuxi/4odf2D1CjKPN7zu7Rqi/TFetNmaYW6/ciq0sA4qXNr83731zzT3tyskvfX91qtpK+jlTObSY8Pk9rFmPfRhR09Lv2YIz00U1q7PTTPWZkQcNg4t430t0STKEfXtD4m95D0Zbb0zHzp602hff7T6klr...
&amp#27;[38;5;173m[d03cd4ba]&amp#27;[0m&amp#27;[38;5;86m[HTTP]&amp#27;[0m &amp#27;[37m<-- GET /session/d03cd4ba-917d-4e60-ab4c-c9b4c2db8de9/screenshot &amp#27;[39m&amp#27;[32m200&amp#27;[39m &amp#27;[90m567 ms - 301328&amp#27;[39m &amp#27;[90m&amp#27;[39m
&amp#27;[38;5;173m[d03cd4ba]&amp#27;[0m&amp#27;[38;5;86m[HTTP]&amp#27;[0m &amp#27;[37m-->&amp#27;[39m &amp#27;[37mGET&amp#27;[39m &amp#27;[37m/session/d03cd4ba-917d-4e60-ab4c-c9b4c2db8de9/context&amp#27;[39m &amp#27;[90m{}&amp#27;[39m
&amp#27;[38;5;173m[d03cd4ba]&amp#27;[0m&amp#27;[38;5;-83m[AndroidUiautomator2Driver@812a]&amp#27;[0m Calling AppiumDriver.getCurrentContext() with args: ["d03cd4ba-917d-4e60-ab4c-c9b4c2db8de9"]
&amp#27;[38;5;173m[d03cd4ba]&amp#27;[0m&amp#27;[38;5;-83m[AndroidUiautomator2Driver@812a]&amp#27;[0m Responding to client with driver.getCurrentContext() result: "NATIVE_APP"
&amp#27;[38;5;173m[d03cd4ba]&amp#27;[0m&amp#27;[38;5;86m[HTTP]&amp#27;[0m &amp#27;[37m<-- GET /session/d03cd4ba-917d-4e60-ab4c-c9b4c2db8de9/context &amp#27;[39m&amp#27;[32m200&amp#27;[39m &amp#27;[90m1 ms - 22&amp#27;[39m &amp#27;[90m&amp#27;[39m
&amp#27;[38;5;173m[d03cd4ba]&amp#27;[0m&amp#27;[38;5;86m[HTTP]&amp#27;[0m &amp#27;[37m-->&amp#27;[39m &amp#27;[37mPOST&amp#27;[39m &amp#27;[37m/session/d03cd4ba-917d-4e60-ab4c-c9b4c2db8de9/element&amp#27;[39m &amp#27;[90m{"using":"id","value":"com.kar.avx.uat.intune:id/overflow"}&amp#27;[39m
&amp#27;[38;5;173m[d03cd4ba]&amp#27;[0m&amp#27;[38;5;-83m[AndroidUiautomator2Driver@812a]&amp#27;[0m Calling AppiumDriver.findElement() with args: ["id","com.kar.avx.uat.intune:id/overflow","d03cd4ba-917d-4e60-ab4c-c9b4c2db8de9"]
&amp#27;[38;5;173m[d03cd4ba]&amp#27;[0m&amp#27;[38;5;-83m[AndroidUiautomator2Driver@812a]&amp#27;[0m Valid locator strategies for this request: xpath, id, class name, accessibility id, css selector, -android uiautomator
&amp#27;[38;5;173m[d03cd4ba]&amp#27;[0m&amp#27;[38;5;-83m[AndroidUiautomator2Driver@812a]&amp#27;[0m Waiting up to 15000 ms for condition
&amp#27;[38;5;173m[d03cd4ba]&amp#27;[0m&amp#27;[38;5;-83m[AndroidUiautomator2Driver@812a]&amp#27;[0m Matched '/element' to command name 'findElement'
&amp#27;[38;5;173m[d03cd4ba]&amp#27;[0m&amp#27;[38;5;-83m[AndroidUiautomator2Driver@812a]&amp#27;[0m Proxying [POST /element] to [POST http://127.0.0.1:8200/session/0d0864f9-c6d6-40fa-84f1-703b6e6cd58a/element] with body: {"strategy":"id","selector":"com.kar.avx.uat.intune:id/overflow","context":"","multiple":false}
&amp#27;[38;5;173m[d03cd4ba]&amp#27;[0m&amp#27;[38;5;-83m[AndroidUiautomator2Driver@812a]&amp#27;[0m Got response with status 200: {"sessionId":"0d0864f9-c6d6-40fa-84f1-703b6e6cd58a","value":{"ELEMENT":"00000000-0000-0225-ffff-ffff0000003e","element-6066-11e4-a52e-4f735466cecf":"00000000-0000-0225-ffff-ffff0000003e"}}
&amp#27;[38;5;173m[d03cd4ba]&amp#27;[0m&amp#27;[38;5;-83m[AndroidUiautomator2Driver@812a]&amp#27;[0m Responding to client with driver.findElement() result: {"element-6066-11e4-a52e-4f735466cecf":"00000000-0000-0225-ffff-ffff0000003e","ELEMENT":"00000000-0000-0225-ffff-ffff0000003e"}
&amp#27;[38;5;173m[d03cd4ba]&amp#27;[0m&amp#27;[38;5;86m[HTTP]&amp#27;[0m &amp#27;[37m<-- POST /session/d03cd4ba-917d-4e60-ab4c-c9b4c2db8de9/element &amp#27;[39m&amp#27;[32m200&amp#27;[39m &amp#27;[90m47 ms - 137&amp#27;[39m &amp#27;[90m&amp#27;[39m
&amp#27;[38;5;173m[d03cd4ba]&amp#27;[0m&amp#27;[38;5;86m[HTTP]&amp#27;[0m &amp#27;[37m-->&amp#27;[39m &amp#27;[37mPOST&amp#27;[39m &amp#27;[37m/session/d03cd4ba-917d-4e60-ab4c-c9b4c2db8de9/element/00000000-0000-0225-ffff-ffff0000003e/click&amp#27;[39m &amp#27;[90m{"id":"00000000-0000-0225-ffff-ffff0000003e"}&amp#27;[39m
&amp#27;[38;5;173m[d03cd4ba]&amp#27;[0m&amp#27;[38;5;-83m[AndroidUiautomator2Driver@812a]&amp#27;[0m Calling AppiumDriver.click() with args: ["00000000-0000-0225-ffff-ffff0000003e","d03cd4ba-917d-4e60-ab4c-c9b4c2db8de9"]
&amp#27;[38;5;173m[d03cd4ba]&amp#27;[0m&amp#27;[38;5;-83m[AndroidUiautomator2Driver@812a]&amp#27;[0m Matched '/element/00000000-0000-0225-ffff-ffff0000003e/click' to command name 'click'
&amp#27;[38;5;173m[d03cd4ba]&amp#27;[0m&amp#27;[38;5;-83m[AndroidUiautomator2Driver@812a]&amp#27;[0m Proxying [POST /element/00000000-0000-0225-ffff-ffff0000003e/click] to [POST http://127.0.0.1:8200/session/0d0864f9-c6d6-40fa-84f1-703b6e6cd58a/element/00000000-0000-0225-ffff-ffff0000003e/click] with body: {"element":"00000000-0000-0225-ffff-ffff0000003e"}
&amp#27;[38;5;173m[d03cd4ba]&amp#27;[0m&amp#27;[38;5;-83m[AndroidUiautomator2Driver@812a]&amp#27;[0m Got response with status 200: {"sessionId":"0d0864f9-c6d6-40fa-84f1-703b6e6cd58a","value":null}
&amp#27;[38;5;173m[d03cd4ba]&amp#27;[0m&amp#27;[38;5;-83m[AndroidUiautomator2Driver@812a]&amp#27;[0m Responding to client with driver.click() result: null
&amp#27;[38;5;173m[d03cd4ba]&amp#27;[0m&amp#27;[38;5;86m[HTTP]&amp#27;[0m &amp#27;[37m<-- POST /session/d03cd4ba-917d-4e60-ab4c-c9b4c2db8de9/element/00000000-0000-0225-ffff-ffff0000003e/click &amp#27;[39m&amp#27;[32m200&amp#27;[39m &amp#27;[90m95 ms - 14&amp#27;[39m &amp#27;[90m&amp#27;[39m
&amp#27;[38;5;173m[d03cd4ba]&amp#27;[0m&amp#27;[38;5;86m[HTTP]&amp#27;[0m &amp#27;[37m-->&amp#27;[39m &amp#27;[37mPOST&amp#27;[39m &amp#27;[37m/session/d03cd4ba-917d-4e60-ab4c-c9b4c2db8de9/element&amp#27;[39m &amp#27;[90m{"using":"xpath","value":"//android.widget.TextView[contains(translate(@text, 'ABCDEFGHIJKLMNOPQRSTUVWXYZ', 'abcdefghijklmnopqrstuvwxyz') , 'site settings')]"}&amp#27;[39m
&amp#27;[38;5;173m[d03cd4ba]&amp#27;[0m&amp#27;[38;5;-83m[AndroidUiautomator2Driver@812a]&amp#27;[0m Calling AppiumDriver.findElement() with args: ["xpath","//android.widget.TextView[contains(translate(@text, 'ABCDEFGHIJKLMNOPQRSTUVWXYZ', 'abcdefghijklmnopqrstuvwxyz') , 'site settings')]","d03cd4ba-917d-4e60-ab4c-c9b4c2db8de9"]
&amp#27;[38;5;173m[d03cd4ba]&amp#27;[0m&amp#27;[38;5;-83m[AndroidUiautomator2Driver@812a]&amp#27;[0m Valid locator strategies for this request: xpath, id, class name, accessibility id, css selector, -android uiautomator
&amp#27;[38;5;173m[d03cd4ba]&amp#27;[0m&amp#27;[38;5;-83m[AndroidUiautomator2Driver@812a]&amp#27;[0m Waiting up to 15000 ms for condition
&amp#27;[38;5;173m[d03cd4ba]&amp#27;[0m&amp#27;[38;5;-83m[AndroidUiautomator2Driver@812a]&amp#27;[0m Matched '/element' to command name 'findElement'
&amp#27;[38;5;173m[d03cd4ba]&amp#27;[0m&amp#27;[38;5;-83m[AndroidUiautomator2Driver@812a]&amp#27;[0m Proxying [POST /element] to [POST http://127.0.0.1:8200/session/0d0864f9-c6d6-40fa-84f1-703b6e6cd58a/element] with body: {"strategy":"xpath","selector":"//android.widget.TextView[contains(translate(@text, 'ABCDEFGHIJKLMNOPQRSTUVWXYZ', 'abcdefghijklmnopqrstuvwxyz') , 'site settings')]","context":"","multiple":false}
&amp#27;[38;5;173m[d03cd4ba]&amp#27;[0m&amp#27;[38;5;-83m[AndroidUiautomator2Driver@812a]&amp#27;[0m Got response with status 200: {"sessionId":"0d0864f9-c6d6-40fa-84f1-703b6e6cd58a","value":{"ELEMENT":"00000000-0000-0227-ffff-ffff00000101","element-6066-11e4-a52e-4f735466cecf":"00000000-0000-0227-ffff-ffff00000101"}}
&amp#27;[38;5;173m[d03cd4ba]&amp#27;[0m&amp#27;[38;5;-83m[AndroidUiautomator2Driver@812a]&amp#27;[0m Responding to client with driver.findElement() result: {"element-6066-11e4-a52e-4f735466cecf":"00000000-0000-0227-ffff-ffff00000101","ELEMENT":"00000000-0000-0227-ffff-ffff00000101"}
&amp#27;[38;5;173m[d03cd4ba]&amp#27;[0m&amp#27;[38;5;86m[HTTP]&amp#27;[0m &amp#27;[37m<-- POST /session/d03cd4ba-917d-4e60-ab4c-c9b4c2db8de9/element &amp#27;[39m&amp#27;[32m200&amp#27;[39m &amp#27;[90m602 ms - 137&amp#27;[39m &amp#27;[90m&amp#27;[39m
&amp#27;[38;5;173m[d03cd4ba]&amp#27;[0m&amp#27;[38;5;86m[HTTP]&amp#27;[0m &amp#27;[37m-->&amp#27;[39m &amp#27;[37mPOST&amp#27;[39m &amp#27;[37m/session/d03cd4ba-917d-4e60-ab4c-c9b4c2db8de9/element/00000000-0000-0227-ffff-ffff00000101/click&amp#27;[39m &amp#27;[90m{"id":"00000000-0000-0227-ffff-ffff00000101"}&amp#27;[39m
&amp#27;[38;5;173m[d03cd4ba]&amp#27;[0m&amp#27;[38;5;-83m[AndroidUiautomator2Driver@812a]&amp#27;[0m Calling AppiumDriver.click() with args: ["00000000-0000-0227-ffff-ffff00000101","d03cd4ba-917d-4e60-ab4c-c9b4c2db8de9"]
&amp#27;[38;5;173m[d03cd4ba]&amp#27;[0m&amp#27;[38;5;-83m[AndroidUiautomator2Driver@812a]&amp#27;[0m Matched '/element/00000000-0000-0227-ffff-ffff00000101/click' to command name 'click'
&amp#27;[38;5;173m[d03cd4ba]&amp#27;[0m&amp#27;[38;5;-83m[AndroidUiautomator2Driver@812a]&amp#27;[0m Proxying [POST /element/00000000-0000-0227-ffff-ffff00000101/click] to [POST http://127.0.0.1:8200/session/0d0864f9-c6d6-40fa-84f1-703b6e6cd58a/element/00000000-0000-0227-ffff-ffff00000101/click] with body: {"element":"00000000-0000-0227-ffff-ffff00000101"}
&amp#27;[38;5;173m[d03cd4ba]&amp#27;[0m&amp#27;[38;5;-83m[AndroidUiautomator2Driver@812a]&amp#27;[0m Got response with status 200: {"sessionId":"0d0864f9-c6d6-40fa-84f1-703b6e6cd58a","value":null}
&amp#27;[38;5;173m[d03cd4ba]&amp#27;[0m&amp#27;[38;5;-83m[AndroidUiautomator2Driver@812a]&amp#27;[0m Responding to client with driver.click() result: null
&amp#27;[38;5;173m[d03cd4ba]&amp#27;[0m&amp#27;[38;5;86m[HTTP]&amp#27;[0m &amp#27;[37m<-- POST /session/d03cd4ba-917d-4e60-ab4c-c9b4c2db8de9/element/00000000-0000-0227-ffff-ffff00000101/click &amp#27;[39m&amp#27;[32m200&amp#27;[39m &amp#27;[90m351 ms - 14&amp#27;[39m &amp#27;[90m&amp#27;[39m
&amp#27;[38;5;173m[d03cd4ba]&amp#27;[0m&amp#27;[38;5;86m[HTTP]&amp#27;[0m &amp#27;[37m-->&amp#27;[39m &amp#27;[37mPOST&amp#27;[39m &amp#27;[37m/session/d03cd4ba-917d-4e60-ab4c-c9b4c2db8de9/element&amp#27;[39m &amp#27;[90m{"using":"xpath","value":"//android.widget.TextView[@text=\"On Site\"]"}&amp#27;[39m
&amp#27;[38;5;173m[d03cd4ba]&amp#27;[0m&amp#27;[38;5;-83m[AndroidUiautomator2Driver@812a]&amp#27;[0m Calling AppiumDriver.findElement() with args: ["xpath","//android.widget.TextView[@text=\"On Site\"]","d03cd4ba-917d-4e60-ab4c-c9b4c2db8de9"]
&amp#27;[38;5;173m[d03cd4ba]&amp#27;[0m&amp#27;[38;5;-83m[AndroidUiautomator2Driver@812a]&amp#27;[0m Valid locator strategies for this request: xpath, id, class name, accessibility id, css selector, -android uiautomator
&amp#27;[38;5;173m[d03cd4ba]&amp#27;[0m&amp#27;[38;5;-83m[AndroidUiautomator2Driver@812a]&amp#27;[0m Waiting up to 15000 ms for condition
&amp#27;[38;5;173m[d03cd4ba]&amp#27;[0m&amp#27;[38;5;-83m[AndroidUiautomator2Driver@812a]&amp#27;[0m Matched '/element' to command name 'findElement'
&amp#27;[38;5;173m[d03cd4ba]&amp#27;[0m&amp#27;[38;5;-83m[AndroidUiautomator2Driver@812a]&amp#27;[0m Proxying [POST /element] to [POST http://127.0.0.1:8200/session/0d0864f9-c6d6-40fa-84f1-703b6e6cd58a/element] with body: {"strategy":"xpath","selector":"//android.widget.TextView[@text=\"On Site\"]","context":"","multiple":false}
&amp#27;[38;5;173m[d03cd4ba]&amp#27;[0m&amp#27;[38;5;-83m[AndroidUiautomator2Driver@812a]&amp#27;[0m Got response with status 200: {"sessionId":"0d0864f9-c6d6-40fa-84f1-703b6e6cd58a","value":{"ELEMENT":"00000000-0000-0225-0000-003900000128","element-6066-11e4-a52e-4f735466cecf":"00000000-0000-0225-0000-003900000128"}}
&amp#27;[38;5;173m[d03cd4ba]&amp#27;[0m&amp#27;[38;5;-83m[AndroidUiautomator2Driver@812a]&amp#27;[0m Responding to client with driver.findElement() result: {"element-6066-11e4-a52e-4f735466cecf":"00000000-0000-0225-0000-003900000128","ELEMENT":"00000000-0000-0225-0000-003900000128"}
&amp#27;[38;5;173m[d03cd4ba]&amp#27;[0m&amp#27;[38;5;86m[HTTP]&amp#27;[0m &amp#27;[37m<-- POST /session/d03cd4ba-917d-4e60-ab4c-c9b4c2db8de9/element &amp#27;[39m&amp#27;[32m200&amp#27;[39m &amp#27;[90m1156 ms - 137&amp#27;[39m &amp#27;[90m&amp#27;[39m
&amp#27;[38;5;173m[d03cd4ba]&amp#27;[0m&amp#27;[38;5;86m[HTTP]&amp#27;[0m &amp#27;[37m-->&amp#27;[39m &amp#27;[37mPOST&amp#27;[39m &amp#27;[37m/session/d03cd4ba-917d-4e60-ab4c-c9b4c2db8de9/element/00000000-0000-0225-0000-003900000128/click&amp#27;[39m &amp#27;[90m{"id":"00000000-0000-0225-0000-003900000128"}&amp#27;[39m
&amp#27;[38;5;173m[d03cd4ba]&amp#27;[0m&amp#27;[38;5;-83m[AndroidUiautomator2Driver@812a]&amp#27;[0m Calling AppiumDriver.click() with args: ["00000000-0000-0225-0000-003900000128","d03cd4ba-917d-4e60-ab4c-c9b4c2db8de9"]
&amp#27;[38;5;173m[d03cd4ba]&amp#27;[0m&amp#27;[38;5;-83m[AndroidUiautomator2Driver@812a]&amp#27;[0m Matched '/element/00000000-0000-0225-0000-003900000128/click' to command name 'click'
&amp#27;[38;5;173m[d03cd4ba]&amp#27;[0m&amp#27;[38;5;-83m[AndroidUiautomator2Driver@812a]&amp#27;[0m Proxying [POST /element/00000000-0000-0225-0000-003900000128/click] to [POST http://127.0.0.1:8200/session/0d0864f9-c6d6-40fa-84f1-703b6e6cd58a/element/00000000-0000-0225-0000-003900000128/click] with body: {"element":"00000000-0000-0225-0000-003900000128"}
&amp#27;[38;5;173m[d03cd4ba]&amp#27;[0m&amp#27;[38;5;-83m[AndroidUiautomator2Driver@812a]&amp#27;[0m Got response with status 200: {"sessionId":"0d0864f9-c6d6-40fa-84f1-703b6e6cd58a","value":null}
&amp#27;[38;5;173m[d03cd4ba]&amp#27;[0m&amp#27;[38;5;-83m[AndroidUiautomator2Driver@812a]&amp#27;[0m Responding to client with driver.click() result: null
&amp#27;[38;5;173m[d03cd4ba]&amp#27;[0m&amp#27;[38;5;86m[HTTP]&amp#27;[0m &amp#27;[37m<-- POST /session/d03cd4ba-917d-4e60-ab4c-c9b4c2db8de9/element/00000000-0000-0225-0000-003900000128/click &amp#27;[39m&amp#27;[32m200&amp#27;[39m &amp#27;[90m606 ms - 14&amp#27;[39m &amp#27;[90m&amp#27;[39m
&amp#27;[38;5;173m[d03cd4ba]&amp#27;[0m&amp#27;[38;5;86m[HTTP]&amp#27;[0m &amp#27;[37m-->&amp#27;[39m &amp#27;[37mPOST&amp#27;[39m &amp#27;[37m/session/d03cd4ba-917d-4e60-ab4c-c9b4c2db8de9/element&amp#27;[39m &amp#27;[90m{"using":"-android uiautomator","value":"new UiSelector().text(\"OPENLANE Calgary\")"}&amp#27;[39m
&amp#27;[38;5;173m[d03cd4ba]&amp#27;[0m&amp#27;[38;5;-83m[AndroidUiautomator2Driver@812a]&amp#27;[0m Calling AppiumDriver.findElement() with args: ["-android uiautomator","new UiSelector().text(\"OPENLANE Calgary\")","d03cd4ba-917d-4e60-ab4c-c9b4c2db8de9"]
&amp#27;[38;5;173m[d03cd4ba]&amp#27;[0m&amp#27;[38;5;-83m[AndroidUiautomator2Driver@812a]&amp#27;[0m Valid locator strategies for this request: xpath, id, class name, accessibility id, css selector, -android uiautomator
&amp#27;[38;5;173m[d03cd4ba]&amp#27;[0m&amp#27;[38;5;-83m[AndroidUiautomator2Driver@812a]&amp#27;[0m Waiting up to 15000 ms for condition
&amp#27;[38;5;173m[d03cd4ba]&amp#27;[0m&amp#27;[38;5;-83m[AndroidUiautomator2Driver@812a]&amp#27;[0m Matched '/element' to command name 'findElement'
&amp#27;[38;5;173m[d03cd4ba]&amp#27;[0m&amp#27;[38;5;-83m[AndroidUiautomator2Driver@812a]&amp#27;[0m Proxying [POST /element] to [POST http://127.0.0.1:8200/session/0d0864f9-c6d6-40fa-84f1-703b6e6cd58a/element] with body: {"strategy":"-android uiautomator","selector":"new UiSelector().text(\"OPENLANE Calgary\")","context":"","multiple":false}
&amp#27;[38;5;173m[d03cd4ba]&amp#27;[0m&amp#27;[38;5;-83m[AndroidUiautomator2Driver@812a]&amp#27;[0m Got response with status 200: {"sessionId":"0d0864f9-c6d6-40fa-84f1-703b6e6cd58a","value":{"ELEMENT":"00000000-0000-0225-0000-005b00000128","element-6066-11e4-a52e-4f735466cecf":"00000000-0000-0225-0000-005b00000128"}}
&amp#27;[38;5;173m[d03cd4ba]&amp#27;[0m&amp#27;[38;5;-83m[AndroidUiautomator2Driver@812a]&amp#27;[0m Responding to client with driver.findElement() result: {"element-6066-11e4-a52e-4f735466cecf":"00000000-0000-0225-0000-005b00000128","ELEMENT":"00000000-0000-0225-0000-005b00000128"}
&amp#27;[38;5;173m[d03cd4ba]&amp#27;[0m&amp#27;[38;5;86m[HTTP]&amp#27;[0m &amp#27;[37m<-- POST /session/d03cd4ba-917d-4e60-ab4c-c9b4c2db8de9/element &amp#27;[39m&amp#27;[32m200&amp#27;[39m &amp#27;[90m777 ms - 137&amp#27;[39m &amp#27;[90m&amp#27;[39m
&amp#27;[38;5;173m[d03cd4ba]&amp#27;[0m&amp#27;[38;5;86m[HTTP]&amp#27;[0m &amp#27;[37m-->&amp#27;[39m &amp#27;[37mPOST&amp#27;[39m &amp#27;[37m/session/d03cd4ba-917d-4e60-ab4c-c9b4c2db8de9/element/00000000-0000-0225-0000-005b00000128/click&amp#27;[39m &amp#27;[90m{"id":"00000000-0000-0225-0000-005b00000128"}&amp#27;[39m
&amp#27;[38;5;173m[d03cd4ba]&amp#27;[0m&amp#27;[38;5;-83m[AndroidUiautomator2Driver@812a]&amp#27;[0m Calling AppiumDriver.click() with args: ["00000000-0000-0225-0000-005b00000128","d03cd4ba-917d-4e60-ab4c-c9b4c2db8de9"]
&amp#27;[38;5;173m[d03cd4ba]&amp#27;[0m&amp#27;[38;5;-83m[AndroidUiautomator2Driver@812a]&amp#27;[0m Matched '/element/00000000-0000-0225-0000-005b00000128/click' to command name 'click'
&amp#27;[38;5;173m[d03cd4ba]&amp#27;[0m&amp#27;[38;5;-83m[AndroidUiautomator2Driver@812a]&amp#27;[0m Proxying [POST /element/00000000-0000-0225-0000-005b00000128/click] to [POST http://127.0.0.1:8200/session/0d0864f9-c6d6-40fa-84f1-703b6e6cd58a/element/00000000-0000-0225-0000-005b00000128/click] with body: {"element":"00000000-0000-0225-0000-005b00000128"}
&amp#27;[38;5;173m[d03cd4ba]&amp#27;[0m&amp#27;[38;5;-83m[AndroidUiautomator2Driver@812a]&amp#27;[0m Got response with status 200: {"sessionId":"0d0864f9-c6d6-40fa-84f1-703b6e6cd58a","value":null}
&amp#27;[38;5;173m[d03cd4ba]&amp#27;[0m&amp#27;[38;5;-83m[AndroidUiautomator2Driver@812a]&amp#27;[0m Responding to client with driver.click() result: null
&amp#27;[38;5;173m[d03cd4ba]&amp#27;[0m&amp#27;[38;5;86m[HTTP]&amp#27;[0m &amp#27;[37m<-- POST /session/d03cd4ba-917d-4e60-ab4c-c9b4c2db8de9/element/00000000-0000-0225-0000-005b00000128/click &amp#27;[39m&amp#27;[32m200&amp#27;[39m &amp#27;[90m100 ms - 14&amp#27;[39m &amp#27;[90m&amp#27;[39m
&amp#27;[38;5;173m[d03cd4ba]&amp#27;[0m&amp#27;[38;5;86m[HTTP]&amp#27;[0m &amp#27;[37m-->&amp#27;[39m &amp#27;[37mGET&amp#27;[39m &amp#27;[37m/session/d03cd4ba-917d-4e60-ab4c-c9b4c2db8de9/context&amp#27;[39m &amp#27;[90m{}&amp#27;[39m
&amp#27;[38;5;173m[d03cd4ba]&amp#27;[0m&amp#27;[38;5;-83m[AndroidUiautomator2Driver@812a]&amp#27;[0m Calling AppiumDriver.getCurrentContext() with args: ["d03cd4ba-917d-4e60-ab4c-c9b4c2db8de9"]
&amp#27;[38;5;173m[d03cd4ba]&amp#27;[0m&amp#27;[38;5;-83m[AndroidUiautomator2Driver@812a]&amp#27;[0m Responding to client with driver.getCurrentContext() result: "NATIVE_APP"
&amp#27;[38;5;173m[d03cd4ba]&amp#27;[0m&amp#27;[38;5;86m[HTTP]&amp#27;[0m &amp#27;[37m<-- GET /session/d03cd4ba-917d-4e60-ab4c-c9b4c2db8de9/context &amp#27;[39m&amp#27;[32m200&amp#27;[39m &amp#27;[90m2 ms - 22&amp#27;[39m &amp#27;[90m&amp#27;[39m
&amp#27;[38;5;173m[d03cd4ba]&amp#27;[0m&amp#27;[38;5;86m[HTTP]&amp#27;[0m &amp#27;[37m-->&amp#27;[39m &amp#27;[37mPOST&amp#27;[39m &amp#27;[37m/session/d03cd4ba-917d-4e60-ab4c-c9b4c2db8de9/element&amp#27;[39m &amp#27;[90m{"using":"id","value":"com.kar.avx.uat.intune:id/search_button"}&amp#27;[39m
&amp#27;[38;5;173m[d03cd4ba]&amp#27;[0m&amp#27;[38;5;-83m[AndroidUiautomator2Driver@812a]&amp#27;[0m Calling AppiumDriver.findElement() with args: ["id","com.kar.avx.uat.intune:id/search_button","d03cd4ba-917d-4e60-ab4c-c9b4c2db8de9"]
&amp#27;[38;5;173m[d03cd4ba]&amp#27;[0m&amp#27;[38;5;-83m[AndroidUiautomator2Driver@812a]&amp#27;[0m Valid locator strategies for this request: xpath, id, class name, accessibility id, css selector, -android uiautomator
&amp#27;[38;5;173m[d03cd4ba]&amp#27;[0m&amp#27;[38;5;-83m[AndroidUiautomator2Driver@812a]&amp#27;[0m Waiting up to 15000 ms for condition
&amp#27;[38;5;173m[d03cd4ba]&amp#27;[0m&amp#27;[38;5;-83m[AndroidUiautomator2Driver@812a]&amp#27;[0m Matched '/element' to command name 'findElement'
&amp#27;[38;5;173m[d03cd4ba]&amp#27;[0m&amp#27;[38;5;-83m[AndroidUiautomator2Driver@812a]&amp#27;[0m Proxying [POST /element] to [POST http://127.0.0.1:8200/session/0d0864f9-c6d6-40fa-84f1-703b6e6cd58a/element] with body: {"strategy":"id","selector":"com.kar.avx.uat.intune:id/search_button","context":"","multiple":false}
&amp#27;[38;5;173m[d03cd4ba]&amp#27;[0m&amp#27;[38;5;-83m[AndroidUiautomator2Driver@812a]&amp#27;[0m Got response with status 200: {"sessionId":"0d0864f9-c6d6-40fa-84f1-703b6e6cd58a","value":{"ELEMENT":"00000000-0000-0225-ffff-ffff0000013b","element-6066-11e4-a52e-4f735466cecf":"00000000-0000-0225-ffff-ffff0000013b"}}
&amp#27;[38;5;173m[d03cd4ba]&amp#27;[0m&amp#27;[38;5;-83m[AndroidUiautomator2Driver@812a]&amp#27;[0m Responding to client with driver.findElement() result: {"element-6066-11e4-a52e-4f735466cecf":"00000000-0000-0225-ffff-ffff0000013b","ELEMENT":"00000000-0000-0225-ffff-ffff0000013b"}
&amp#27;[38;5;173m[d03cd4ba]&amp#27;[0m&amp#27;[38;5;86m[HTTP]&amp#27;[0m &amp#27;[37m<-- POST /session/d03cd4ba-917d-4e60-ab4c-c9b4c2db8de9/element &amp#27;[39m&amp#27;[32m200&amp#27;[39m &amp#27;[90m1641 ms - 137&amp#27;[39m &amp#27;[90m&amp#27;[39m
&amp#27;[38;5;173m[d03cd4ba]&amp#27;[0m&amp#27;[38;5;86m[HTTP]&amp#27;[0m &amp#27;[37m-->&amp#27;[39m &amp#27;[37mGET&amp#27;[39m &amp#27;[37m/session/d03cd4ba-917d-4e60-ab4c-c9b4c2db8de9/element/00000000-0000-0225-ffff-ffff0000013b/displayed&amp#27;[39m &amp#27;[90m{}&amp#27;[39m
&amp#27;[38;5;173m[d03cd4ba]&amp#27;[0m&amp#27;[38;5;-83m[AndroidUiautomator2Driver@812a]&amp#27;[0m Calling AppiumDriver.elementDisplayed() with args: ["00000000-0000-0225-ffff-ffff0000013b","d03cd4ba-917d-4e60-ab4c-c9b4c2db8de9"]
&amp#27;[38;5;173m[d03cd4ba]&amp#27;[0m&amp#27;[38;5;-83m[AndroidUiautomator2Driver@812a]&amp#27;[0m Matched '/element/00000000-0000-0225-ffff-ffff0000013b/attribute/displayed' to command name 'getAttribute'
&amp#27;[38;5;173m[d03cd4ba]&amp#27;[0m&amp#27;[38;5;-83m[AndroidUiautomator2Driver@812a]&amp#27;[0m Proxying [GET /element/00000000-0000-0225-ffff-ffff0000013b/attribute/displayed] to [GET http://127.0.0.1:8200/session/0d0864f9-c6d6-40fa-84f1-703b6e6cd58a/element/00000000-0000-0225-ffff-ffff0000013b/attribute/displayed] with no body
&amp#27;[38;5;173m[d03cd4ba]&amp#27;[0m&amp#27;[38;5;-83m[AndroidUiautomator2Driver@812a]&amp#27;[0m Got response with status 200: {"sessionId":"0d0864f9-c6d6-40fa-84f1-703b6e6cd58a","value":"true"}
&amp#27;[38;5;173m[d03cd4ba]&amp#27;[0m&amp#27;[38;5;-83m[AndroidUiautomator2Driver@812a]&amp#27;[0m Responding to client with driver.elementDisplayed() result: true
&amp#27;[38;5;173m[d03cd4ba]&amp#27;[0m&amp#27;[38;5;86m[HTTP]&amp#27;[0m &amp#27;[37m<-- GET /session/d03cd4ba-917d-4e60-ab4c-c9b4c2db8de9/element/00000000-0000-0225-ffff-ffff0000013b/displayed &amp#27;[39m&amp#27;[32m200&amp#27;[39m &amp#27;[90m50 ms - 14&amp#27;[39m &amp#27;[90m&amp#27;[39m
&amp#27;[38;5;173m[d03cd4ba]&amp#27;[0m&amp#27;[38;5;86m[HTTP]&amp#27;[0m &amp#27;[37m-->&amp#27;[39m &amp#27;[37mGET&amp#27;[39m &amp#27;[37m/session/d03cd4ba-917d-4e60-ab4c-c9b4c2db8de9/context&amp#27;[39m &amp#27;[90m{}&amp#27;[39m
&amp#27;[38;5;173m[d03cd4ba]&amp#27;[0m&amp#27;[38;5;-83m[AndroidUiautomator2Driver@812a]&amp#27;[0m Calling AppiumDriver.getCurrentContext() with args: ["d03cd4ba-917d-4e60-ab4c-c9b4c2db8de9"]
&amp#27;[38;5;173m[d03cd4ba]&amp#27;[0m&amp#27;[38;5;-83m[AndroidUiautomator2Driver@812a]&amp#27;[0m Responding to client with driver.getCurrentContext() result: "NATIVE_APP"
&amp#27;[38;5;173m[d03cd4ba]&amp#27;[0m&amp#27;[38;5;86m[HTTP]&amp#27;[0m &amp#27;[37m<-- GET /session/d03cd4ba-917d-4e60-ab4c-c9b4c2db8de9/context &amp#27;[39m&amp#27;[32m200&amp#27;[39m &amp#27;[90m1 ms - 22&amp#27;[39m &amp#27;[90m&amp#27;[39m
&amp#27;[38;5;173m[d03cd4ba]&amp#27;[0m&amp#27;[38;5;86m[HTTP]&amp#27;[0m &amp#27;[37m-->&amp#27;[39m &amp#27;[37mPOST&amp#27;[39m &amp#27;[37m/session/d03cd4ba-917d-4e60-ab4c-c9b4c2db8de9/element&amp#27;[39m &amp#27;[90m{"using":"id","value":"com.kar.avx.uat.intune:id/overflow"}&amp#27;[39m
&amp#27;[38;5;173m[d03cd4ba]&amp#27;[0m&amp#27;[38;5;-83m[AndroidUiautomator2Driver@812a]&amp#27;[0m Calling AppiumDriver.findElement() with args: ["id","com.kar.avx.uat.intune:id/overflow","d03cd4ba-917d-4e60-ab4c-c9b4c2db8de9"]
&amp#27;[38;5;173m[d03cd4ba]&amp#27;[0m&amp#27;[38;5;-83m[AndroidUiautomator2Driver@812a]&amp#27;[0m Valid locator strategies for this request: xpath, id, class name, accessibility id, css selector, -android uiautomator
&amp#27;[38;5;173m[d03cd4ba]&amp#27;[0m&amp#27;[38;5;-83m[AndroidUiautomator2Driver@812a]&amp#27;[0m Waiting up to 15000 ms for condition
&amp#27;[38;5;173m[d03cd4ba]&amp#27;[0m&amp#27;[38;5;-83m[AndroidUiautomator2Driver@812a]&amp#27;[0m Matched '/element' to command name 'findElement'
&amp#27;[38;5;173m[d03cd4ba]&amp#27;[0m&amp#27;[38;5;-83m[AndroidUiautomator2Driver@812a]&amp#27;[0m Proxying [POST /element] to [POST http://127.0.0.1:8200/session/0d0864f9-c6d6-40fa-84f1-703b6e6cd58a/element] with body: {"strategy":"id","selector":"com.kar.avx.uat.intune:id/overflow","context":"","multiple":false}
&amp#27;[38;5;173m[d03cd4ba]&amp#27;[0m&amp#27;[38;5;-83m[AndroidUiautomator2Driver@812a]&amp#27;[0m Got response with status 200: {"sessionId":"0d0864f9-c6d6-40fa-84f1-703b6e6cd58a","value":{"ELEMENT":"00000000-0000-0225-ffff-ffff0000013c","element-6066-11e4-a52e-4f735466cecf":"00000000-0000-0225-ffff-ffff0000013c"}}
&amp#27;[38;5;173m[d03cd4ba]&amp#27;[0m&amp#27;[38;5;-83m[AndroidUiautomator2Driver@812a]&amp#27;[0m Responding to client with driver.findElement() result: {"element-6066-11e4-a52e-4f735466cecf":"00000000-0000-0225-ffff-ffff0000013c","ELEMENT":"00000000-0000-0225-ffff-ffff0000013c"}
&amp#27;[38;5;173m[d03cd4ba]&amp#27;[0m&amp#27;[38;5;86m[HTTP]&amp#27;[0m &amp#27;[37m<-- POST /session/d03cd4ba-917d-4e60-ab4c-c9b4c2db8de9/element &amp#27;[39m&amp#27;[32m200&amp#27;[39m &amp#27;[90m95 ms - 137&amp#27;[39m &amp#27;[90m&amp#27;[39m
&amp#27;[38;5;173m[d03cd4ba]&amp#27;[0m&amp#27;[38;5;86m[HTTP]&amp#27;[0m &amp#27;[37m-->&amp#27;[39m &amp#27;[37mGET&amp#27;[39m &amp#27;[37m/session/d03cd4ba-917d-4e60-ab4c-c9b4c2db8de9/element/00000000-0000-0225-ffff-ffff0000013c/displayed&amp#27;[39m &amp#27;[90m{}&amp#27;[39m
&amp#27;[38;5;173m[d03cd4ba]&amp#27;[0m&amp#27;[38;5;-83m[AndroidUiautomator2Driver@812a]&amp#27;[0m Calling AppiumDriver.elementDisplayed() with args: ["00000000-0000-0225-ffff-ffff0000013c","d03cd4ba-917d-4e60-ab4c-c9b4c2db8de9"]
&amp#27;[38;5;173m[d03cd4ba]&amp#27;[0m&amp#27;[38;5;-83m[AndroidUiautomator2Driver@812a]&amp#27;[0m Matched '/element/00000000-0000-0225-ffff-ffff0000013c/attribute/displayed' to command name 'getAttribute'
&amp#27;[38;5;173m[d03cd4ba]&amp#27;[0m&amp#27;[38;5;-83m[AndroidUiautomator2Driver@812a]&amp#27;[0m Proxying [GET /element/00000000-0000-0225-ffff-ffff0000013c/attribute/displayed] to [GET http://127.0.0.1:8200/session/0d0864f9-c6d6-40fa-84f1-703b6e6cd58a/element/00000000-0000-0225-ffff-ffff0000013c/attribute/displayed] with no body
&amp#27;[38;5;173m[d03cd4ba]&amp#27;[0m&amp#27;[38;5;-83m[AndroidUiautomator2Driver@812a]&amp#27;[0m Got response with status 200: {"sessionId":"0d0864f9-c6d6-40fa-84f1-703b6e6cd58a","value":"true"}
&amp#27;[38;5;173m[d03cd4ba]&amp#27;[0m&amp#27;[38;5;-83m[AndroidUiautomator2Driver@812a]&amp#27;[0m Responding to client with driver.elementDisplayed() result: true
&amp#27;[38;5;173m[d03cd4ba]&amp#27;[0m&amp#27;[38;5;86m[HTTP]&amp#27;[0m &amp#27;[37m<-- GET /session/d03cd4ba-917d-4e60-ab4c-c9b4c2db8de9/element/00000000-0000-0225-ffff-ffff0000013c/displayed &amp#27;[39m&amp#27;[32m200&amp#27;[39m &amp#27;[90m25 ms - 14&amp#27;[39m &amp#27;[90m&amp#27;[39m
&amp#27;[38;5;173m[d03cd4ba]&amp#27;[0m&amp#27;[38;5;86m[HTTP]&amp#27;[0m &amp#27;[37m-->&amp#27;[39m &amp#27;[37mGET&amp#27;[39m &amp#27;[37m/session/d03cd4ba-917d-4e60-ab4c-c9b4c2db8de9/context&amp#27;[39m &amp#27;[90m{}&amp#27;[39m
&amp#27;[38;5;173m[d03cd4ba]&amp#27;[0m&amp#27;[38;5;-83m[AndroidUiautomator2Driver@812a]&amp#27;[0m Calling AppiumDriver.getCurrentContext() with args: ["d03cd4ba-917d-4e60-ab4c-c9b4c2db8de9"]
&amp#27;[38;5;173m[d03cd4ba]&amp#27;[0m&amp#27;[38;5;-83m[AndroidUiautomator2Driver@812a]&amp#27;[0m Responding to client with driver.getCurrentContext() result: "NATIVE_APP"
&amp#27;[38;5;173m[d03cd4ba]&amp#27;[0m&amp#27;[38;5;86m[HTTP]&amp#27;[0m &amp#27;[37m<-- GET /session/d03cd4ba-917d-4e60-ab4c-c9b4c2db8de9/context &amp#27;[39m&amp#27;[32m200&amp#27;[39m &amp#27;[90m2 ms - 22&amp#27;[39m &amp#27;[90m&amp#27;[39m
&amp#27;[38;5;173m[d03cd4ba]&amp#27;[0m&amp#27;[38;5;86m[HTTP]&amp#27;[0m &amp#27;[37m-->&amp#27;[39m &amp#27;[37mPOST&amp#27;[39m &amp#27;[37m/session/d03cd4ba-917d-4e60-ab4c-c9b4c2db8de9/element&amp#27;[39m &amp#27;[90m{"using":"-android uiautomator","value":"new UiSelector().text(\"Assigned\")"}&amp#27;[39m
&amp#27;[38;5;173m[d03cd4ba]&amp#27;[0m&amp#27;[38;5;-83m[AndroidUiautomator2Driver@812a]&amp#27;[0m Calling AppiumDriver.findElement() with args: ["-android uiautomator","new UiSelector().text(\"Assigned\")","d03cd4ba-917d-4e60-ab4c-c9b4c2db8de9"]
&amp#27;[38;5;173m[d03cd4ba]&amp#27;[0m&amp#27;[38;5;-83m[AndroidUiautomator2Driver@812a]&amp#27;[0m Valid locator strategies for this request: xpath, id, class name, accessibility id, css selector, -android uiautomator
&amp#27;[38;5;173m[d03cd4ba]&amp#27;[0m&amp#27;[38;5;-83m[AndroidUiautomator2Driver@812a]&amp#27;[0m Waiting up to 15000 ms for condition
&amp#27;[38;5;173m[d03cd4ba]&amp#27;[0m&amp#27;[38;5;-83m[AndroidUiautomator2Driver@812a]&amp#27;[0m Matched '/element' to command name 'findElement'
&amp#27;[38;5;173m[d03cd4ba]&amp#27;[0m&amp#27;[38;5;-83m[AndroidUiautomator2Driver@812a]&amp#27;[0m Proxying [POST /element] to [POST http://127.0.0.1:8200/session/0d0864f9-c6d6-40fa-84f1-703b6e6cd58a/element] with body: {"strategy":"-android uiautomator","selector":"new UiSelector().text(\"Assigned\")","context":"","multiple":false}
&amp#27;[38;5;173m[d03cd4ba]&amp#27;[0m&amp#27;[38;5;-83m[AndroidUiautomator2Driver@812a]&amp#27;[0m Got response with status 200: {"sessionId":"0d0864f9-c6d6-40fa-84f1-703b6e6cd58a","value":{"ELEMENT":"00000000-0000-0225-ffff-ffff00000143","element-6066-11e4-a52e-4f735466cecf":"00000000-0000-0225-ffff-ffff00000143"}}
&amp#27;[38;5;173m[d03cd4ba]&amp#27;[0m&amp#27;[38;5;-83m[AndroidUiautomator2Driver@812a]&amp#27;[0m Responding to client with driver.findElement() result: {"element-6066-11e4-a52e-4f735466cecf":"00000000-0000-0225-ffff-ffff00000143","ELEMENT":"00000000-0000-0225-ffff-ffff00000143"}
&amp#27;[38;5;173m[d03cd4ba]&amp#27;[0m&amp#27;[38;5;86m[HTTP]&amp#27;[0m &amp#27;[37m<-- POST /session/d03cd4ba-917d-4e60-ab4c-c9b4c2db8de9/element &amp#27;[39m&amp#27;[32m200&amp#27;[39m &amp#27;[90m82 ms - 137&amp#27;[39m &amp#27;[90m&amp#27;[39m
&amp#27;[38;5;173m[d03cd4ba]&amp#27;[0m&amp#27;[38;5;86m[HTTP]&amp#27;[0m &amp#27;[37m-->&amp#27;[39m &amp#27;[37mGET&amp#27;[39m &amp#27;[37m/session/d03cd4ba-917d-4e60-ab4c-c9b4c2db8de9/element/00000000-0000-0225-ffff-ffff00000143/displayed&amp#27;[39m &amp#27;[90m{}&amp#27;[39m
&amp#27;[38;5;173m[d03cd4ba]&amp#27;[0m&amp#27;[38;5;-83m[AndroidUiautomator2Driver@812a]&amp#27;[0m Calling AppiumDriver.elementDisplayed() with args: ["00000000-0000-0225-ffff-ffff00000143","d03cd4ba-917d-4e60-ab4c-c9b4c2db8de9"]
&amp#27;[38;5;173m[d03cd4ba]&amp#27;[0m&amp#27;[38;5;-83m[AndroidUiautomator2Driver@812a]&amp#27;[0m Matched '/element/00000000-0000-0225-ffff-ffff00000143/attribute/displayed' to command name 'getAttribute'
&amp#27;[38;5;173m[d03cd4ba]&amp#27;[0m&amp#27;[38;5;-83m[AndroidUiautomator2Driver@812a]&amp#27;[0m Proxying [GET /element/00000000-0000-0225-ffff-ffff00000143/attribute/displayed] to [GET http://127.0.0.1:8200/session/0d0864f9-c6d6-40fa-84f1-703b6e6cd58a/element/00000000-0000-0225-ffff-ffff00000143/attribute/displayed] with no body
&amp#27;[38;5;173m[d03cd4ba]&amp#27;[0m&amp#27;[38;5;-83m[AndroidUiautomator2Driver@812a]&amp#27;[0m Got response with status 200: {"sessionId":"0d0864f9-c6d6-40fa-84f1-703b6e6cd58a","value":"true"}
&amp#27;[38;5;173m[d03cd4ba]&amp#27;[0m&amp#27;[38;5;-83m[AndroidUiautomator2Driver@812a]&amp#27;[0m Responding to client with driver.elementDisplayed() result: true
&amp#27;[38;5;173m[d03cd4ba]&amp#27;[0m&amp#27;[38;5;86m[HTTP]&amp#27;[0m &amp#27;[37m<-- GET /session/d03cd4ba-917d-4e60-ab4c-c9b4c2db8de9/element/00000000-0000-0225-ffff-ffff00000143/displayed &amp#27;[39m&amp#27;[32m200&amp#27;[39m &amp#27;[90m49 ms - 14&amp#27;[39m &amp#27;[90m&amp#27;[39m
&amp#27;[38;5;173m[d03cd4ba]&amp#27;[0m&amp#27;[38;5;86m[HTTP]&amp#27;[0m &amp#27;[37m-->&amp#27;[39m &amp#27;[37mGET&amp#27;[39m &amp#27;[37m/session/d03cd4ba-917d-4e60-ab4c-c9b4c2db8de9/context&amp#27;[39m &amp#27;[90m{}&amp#27;[39m
&amp#27;[38;5;173m[d03cd4ba]&amp#27;[0m&amp#27;[38;5;-83m[AndroidUiautomator2Driver@812a]&amp#27;[0m Calling AppiumDriver.getCurrentContext() with args: ["d03cd4ba-917d-4e60-ab4c-c9b4c2db8de9"]
&amp#27;[38;5;173m[d03cd4ba]&amp#27;[0m&amp#27;[38;5;-83m[AndroidUiautomator2Driver@812a]&amp#27;[0m Responding to client with driver.getCurrentContext() result: "NATIVE_APP"
&amp#27;[38;5;173m[d03cd4ba]&amp#27;[0m&amp#27;[38;5;86m[HTTP]&amp#27;[0m &amp#27;[37m<-- GET /session/d03cd4ba-917d-4e60-ab4c-c9b4c2db8de9/context &amp#27;[39m&amp#27;[32m200&amp#27;[39m &amp#27;[90m2 ms - 22&amp#27;[39m &amp#27;[90m&amp#27;[39m
&amp#27;[38;5;173m[d03cd4ba]&amp#27;[0m&amp#27;[38;5;86m[HTTP]&amp#27;[0m &amp#27;[37m-->&amp#27;[39m &amp#27;[37mPOST&amp#27;[39m &amp#27;[37m/session/d03cd4ba-917d-4e60-ab4c-c9b4c2db8de9/element&amp#27;[39m &amp#27;[90m{"using":"-android uiautomator","value":"new UiSelector().text(\"My Inspections\")"}&amp#27;[39m
&amp#27;[38;5;173m[d03cd4ba]&amp#27;[0m&amp#27;[38;5;-83m[AndroidUiautomator2Driver@812a]&amp#27;[0m Calling AppiumDriver.findElement() with args: ["-android uiautomator","new UiSelector().text(\"My Inspections\")","d03cd4ba-917d-4e60-ab4c-c9b4c2db8de9"]
&amp#27;[38;5;173m[d03cd4ba]&amp#27;[0m&amp#27;[38;5;-83m[AndroidUiautomator2Driver@812a]&amp#27;[0m Valid locator strategies for this request: xpath, id, class name, accessibility id, css selector, -android uiautomator
&amp#27;[38;5;173m[d03cd4ba]&amp#27;[0m&amp#27;[38;5;-83m[AndroidUiautomator2Driver@812a]&amp#27;[0m Waiting up to 15000 ms for condition
&amp#27;[38;5;173m[d03cd4ba]&amp#27;[0m&amp#27;[38;5;-83m[AndroidUiautomator2Driver@812a]&amp#27;[0m Matched '/element' to command name 'findElement'
&amp#27;[38;5;173m[d03cd4ba]&amp#27;[0m&amp#27;[38;5;-83m[AndroidUiautomator2Driver@812a]&amp#27;[0m Proxying [POST /element] to [POST http://127.0.0.1:8200/session/0d0864f9-c6d6-40fa-84f1-703b6e6cd58a/element] with body: {"strategy":"-android uiautomator","selector":"new UiSelector().text(\"My Inspections\")","context":"","multiple":false}
&amp#27;[38;5;173m[d03cd4ba]&amp#27;[0m&amp#27;[38;5;-83m[AndroidUiautomator2Driver@812a]&amp#27;[0m Got response with status 200: {"sessionId":"0d0864f9-c6d6-40fa-84f1-703b6e6cd58a","value":{"ELEMENT":"00000000-0000-0225-ffff-ffff0000014b","element-6066-11e4-a52e-4f735466cecf":"00000000-0000-0225-ffff-ffff0000014b"}}
&amp#27;[38;5;173m[d03cd4ba]&amp#27;[0m&amp#27;[38;5;-83m[AndroidUiautomator2Driver@812a]&amp#27;[0m Responding to client with driver.findElement() result: {"element-6066-11e4-a52e-4f735466cecf":"00000000-0000-0225-ffff-ffff0000014b","ELEMENT":"00000000-0000-0225-ffff-ffff0000014b"}
&amp#27;[38;5;173m[d03cd4ba]&amp#27;[0m&amp#27;[38;5;86m[HTTP]&amp#27;[0m &amp#27;[37m<-- POST /session/d03cd4ba-917d-4e60-ab4c-c9b4c2db8de9/element &amp#27;[39m&amp#27;[32m200&amp#27;[39m &amp#27;[90m58 ms - 137&amp#27;[39m &amp#27;[90m&amp#27;[39m
&amp#27;[38;5;173m[d03cd4ba]&amp#27;[0m&amp#27;[38;5;86m[HTTP]&amp#27;[0m &amp#27;[37m-->&amp#27;[39m &amp#27;[37mGET&amp#27;[39m &amp#27;[37m/session/d03cd4ba-917d-4e60-ab4c-c9b4c2db8de9/element/00000000-0000-0225-ffff-ffff0000014b/displayed&amp#27;[39m &amp#27;[90m{}&amp#27;[39m
&amp#27;[38;5;173m[d03cd4ba]&amp#27;[0m&amp#27;[38;5;-83m[AndroidUiautomator2Driver@812a]&amp#27;[0m Calling AppiumDriver.elementDisplayed() with args: ["00000000-0000-0225-ffff-ffff0000014b","d03cd4ba-917d-4e60-ab4c-c9b4c2db8de9"]
&amp#27;[38;5;173m[d03cd4ba]&amp#27;[0m&amp#27;[38;5;-83m[AndroidUiautomator2Driver@812a]&amp#27;[0m Matched '/element/00000000-0000-0225-ffff-ffff0000014b/attribute/displayed' to command name 'getAttribute'
&amp#27;[38;5;173m[d03cd4ba]&amp#27;[0m&amp#27;[38;5;-83m[AndroidUiautomator2Driver@812a]&amp#27;[0m Proxying [GET /element/00000000-0000-0225-ffff-ffff0000014b/attribute/displayed] to [GET http://127.0.0.1:8200/session/0d0864f9-c6d6-40fa-84f1-703b6e6cd58a/element/00000000-0000-0225-ffff-ffff0000014b/attribute/displayed] with no body
&amp#27;[38;5;173m[d03cd4ba]&amp#27;[0m&amp#27;[38;5;-83m[AndroidUiautomator2Driver@812a]&amp#27;[0m Got response with status 200: {"sessionId":"0d0864f9-c6d6-40fa-84f1-703b6e6cd58a","value":"true"}
&amp#27;[38;5;173m[d03cd4ba]&amp#27;[0m&amp#27;[38;5;-83m[AndroidUiautomator2Driver@812a]&amp#27;[0m Responding to client with driver.elementDisplayed() result: true
&amp#27;[38;5;173m[d03cd4ba]&amp#27;[0m&amp#27;[38;5;86m[HTTP]&amp#27;[0m &amp#27;[37m<-- GET /session/d03cd4ba-917d-4e60-ab4c-c9b4c2db8de9/element/00000000-0000-0225-ffff-ffff0000014b/displayed &amp#27;[39m&amp#27;[32m200&amp#27;[39m &amp#27;[90m47 ms - 14&amp#27;[39m &amp#27;[90m&amp#27;[39m
&amp#27;[38;5;173m[d03cd4ba]&amp#27;[0m&amp#27;[38;5;86m[HTTP]&amp#27;[0m &amp#27;[37m-->&amp#27;[39m &amp#27;[37mGET&amp#27;[39m &amp#27;[37m/session/d03cd4ba-917d-4e60-ab4c-c9b4c2db8de9/context&amp#27;[39m &amp#27;[90m{}&amp#27;[39m
&amp#27;[38;5;173m[d03cd4ba]&amp#27;[0m&amp#27;[38;5;-83m[AndroidUiautomator2Driver@812a]&amp#27;[0m Calling AppiumDriver.getCurrentContext() with args: ["d03cd4ba-917d-4e60-ab4c-c9b4c2db8de9"]
&amp#27;[38;5;173m[d03cd4ba]&amp#27;[0m&amp#27;[38;5;-83m[AndroidUiautomator2Driver@812a]&amp#27;[0m Responding to client with driver.getCurrentContext() result: "NATIVE_APP"
&amp#27;[38;5;173m[d03cd4ba]&amp#27;[0m&amp#27;[38;5;86m[HTTP]&amp#27;[0m &amp#27;[37m<-- GET /session/d03cd4ba-917d-4e60-ab4c-c9b4c2db8de9/context &amp#27;[39m&amp#27;[32m200&amp#27;[39m &amp#27;[90m3 ms - 22&amp#27;[39m &amp#27;[90m&amp#27;[39m
&amp#27;[38;5;173m[d03cd4ba]&amp#27;[0m&amp#27;[38;5;86m[HTTP]&amp#27;[0m &amp#27;[37m-->&amp#27;[39m &amp#27;[37mPOST&amp#27;[39m &amp#27;[37m/session/d03cd4ba-917d-4e60-ab4c-c9b4c2db8de9/element&amp#27;[39m &amp#27;[90m{"using":"id","value":"com.kar.avx.uat.intune:id/floating"}&amp#27;[39m
&amp#27;[38;5;173m[d03cd4ba]&amp#27;[0m&amp#27;[38;5;-83m[AndroidUiautomator2Driver@812a]&amp#27;[0m Calling AppiumDriver.findElement() with args: ["id","com.kar.avx.uat.intune:id/floating","d03cd4ba-917d-4e60-ab4c-c9b4c2db8de9"]
&amp#27;[38;5;173m[d03cd4ba]&amp#27;[0m&amp#27;[38;5;-83m[AndroidUiautomator2Driver@812a]&amp#27;[0m Valid locator strategies for this request: xpath, id, class name, accessibility id, css selector, -android uiautomator
&amp#27;[38;5;173m[d03cd4ba]&amp#27;[0m&amp#27;[38;5;-83m[AndroidUiautomator2Driver@812a]&amp#27;[0m Waiting up to 15000 ms for condition
&amp#27;[38;5;173m[d03cd4ba]&amp#27;[0m&amp#27;[38;5;-83m[AndroidUiautomator2Driver@812a]&amp#27;[0m Matched '/element' to command name 'findElement'
&amp#27;[38;5;173m[d03cd4ba]&amp#27;[0m&amp#27;[38;5;-83m[AndroidUiautomator2Driver@812a]&amp#27;[0m Proxying [POST /element] to [POST http://127.0.0.1:8200/session/0d0864f9-c6d6-40fa-84f1-703b6e6cd58a/element] with body: {"strategy":"id","selector":"com.kar.avx.uat.intune:id/floating","context":"","multiple":false}
&amp#27;[38;5;173m[d03cd4ba]&amp#27;[0m&amp#27;[38;5;-83m[AndroidUiautomator2Driver@812a]&amp#27;[0m Got response with status 200: {"sessionId":"0d0864f9-c6d6-40fa-84f1-703b6e6cd58a","value":{"ELEMENT":"00000000-0000-0225-ffff-ffff00000151","element-6066-11e4-a52e-4f735466cecf":"00000000-0000-0225-ffff-ffff00000151"}}
&amp#27;[38;5;173m[d03cd4ba]&amp#27;[0m&amp#27;[38;5;-83m[AndroidUiautomator2Driver@812a]&amp#27;[0m Responding to client with driver.findElement() result: {"element-6066-11e4-a52e-4f735466cecf":"00000000-0000-0225-ffff-ffff00000151","ELEMENT":"00000000-0000-0225-ffff-ffff00000151"}
&amp#27;[38;5;173m[d03cd4ba]&amp#27;[0m&amp#27;[38;5;86m[HTTP]&amp#27;[0m &amp#27;[37m<-- POST /session/d03cd4ba-917d-4e60-ab4c-c9b4c2db8de9/element &amp#27;[39m&amp#27;[32m200&amp#27;[39m &amp#27;[90m129 ms - 137&amp#27;[39m &amp#27;[90m&amp#27;[39m
&amp#27;[38;5;173m[d03cd4ba]&amp#27;[0m&amp#27;[38;5;86m[HTTP]&amp#27;[0m &amp#27;[37m-->&amp#27;[39m &amp#27;[37mGET&amp#27;[39m &amp#27;[37m/session/d03cd4ba-917d-4e60-ab4c-c9b4c2db8de9/element/00000000-0000-0225-ffff-ffff00000151/displayed&amp#27;[39m &amp#27;[90m{}&amp#27;[39m
&amp#27;[38;5;173m[d03cd4ba]&amp#27;[0m&amp#27;[38;5;-83m[AndroidUiautomator2Driver@812a]&amp#27;[0m Calling AppiumDriver.elementDisplayed() with args: ["00000000-0000-0225-ffff-ffff00000151","d03cd4ba-917d-4e60-ab4c-c9b4c2db8de9"]
&amp#27;[38;5;173m[d03cd4ba]&amp#27;[0m&amp#27;[38;5;-83m[AndroidUiautomator2Driver@812a]&amp#27;[0m Matched '/element/00000000-0000-0225-ffff-ffff00000151/attribute/displayed' to command name 'getAttribute'
&amp#27;[38;5;173m[d03cd4ba]&amp#27;[0m&amp#27;[38;5;-83m[AndroidUiautomator2Driver@812a]&amp#27;[0m Proxying [GET /element/00000000-0000-0225-ffff-ffff00000151/attribute/displayed] to [GET http://127.0.0.1:8200/session/0d0864f9-c6d6-40fa-84f1-703b6e6cd58a/element/00000000-0000-0225-ffff-ffff00000151/attribute/displayed] with no body
&amp#27;[38;5;173m[d03cd4ba]&amp#27;[0m&amp#27;[38;5;-83m[AndroidUiautomator2Driver@812a]&amp#27;[0m Got response with status 200: {"sessionId":"0d0864f9-c6d6-40fa-84f1-703b6e6cd58a","value":"true"}
&amp#27;[38;5;173m[d03cd4ba]&amp#27;[0m&amp#27;[38;5;-83m[AndroidUiautomator2Driver@812a]&amp#27;[0m Responding to client with driver.elementDisplayed() result: true
&amp#27;[38;5;173m[d03cd4ba]&amp#27;[0m&amp#27;[38;5;86m[HTTP]&amp#27;[0m &amp#27;[37m<-- GET /session/d03cd4ba-917d-4e60-ab4c-c9b4c2db8de9/element/00000000-0000-0225-ffff-ffff00000151/displayed &amp#27;[39m&amp#27;[32m200&amp#27;[39m &amp#27;[90m22 ms - 14&amp#27;[39m &amp#27;[90m&amp#27;[39m
]]></system-out>
  </testcase>
</testsuite>