<?xml version="1.0" encoding="UTF-8"?>
<!-- Generated by org.testng.reporters.JUnitReportReporter -->
<testsuite hostname="MAC-QXF171WVRX" failures="0" tests="3" name="org.openlane.autohawk.testcases.HomeTest" time="42.725" errors="0" timestamp="9 Apr 2025 15:24:44 GMT">
  <testcase classname="org.openlane.autohawk.testcases.HomeTest" name="verifyHomePageForOnsiteUser" time="6.697"/>
  <testcase classname="org.openlane.autohawk.testcases.HomeTest" name="login" time="6.896"/>
  <testcase classname="org.openlane.autohawk.testcases.HomeTest" name="verifyHomePageForOffsiteUser" time="29.132"/>
</testsuite> <!-- org.openlane.autohawk.testcases.HomeTest -->
